[ 2016-10-12T19:49:52+08:00 ] 127.0.0.1 /index.php/Home/Main/index
INFO: [ app_init ] --START--
INFO: Run Behavior\BuildLiteBehavior [ RunTime:0.000022s ]
INFO: [ app_init ] --END-- [ RunTime:0.000641s ]
INFO: [ app_begin ] --START--
INFO: Run Behavior\ReadHtmlCacheBehavior [ RunTime:0.000743s ]
INFO: [ app_begin ] --END-- [ RunTime:0.000824s ]
ERR: SQLSTATE[28000] [1045] Access denied for user 'root'@'localhost' (using password: YES)

[ 2016-10-12T19:49:56+08:00 ] 127.0.0.1 /index.php/Home/Main/
INFO: [ app_init ] --START--
INFO: Run Behavior\BuildLiteBehavior [ RunTime:0.000022s ]
INFO: [ app_init ] --END-- [ RunTime:0.000594s ]
INFO: [ app_begin ] --START--
INFO: Run Behavior\ReadHtmlCacheBehavior [ RunTime:0.000768s ]
INFO: [ app_begin ] --END-- [ RunTime:0.000855s ]
ERR: SQLSTATE[28000] [1045] Access denied for user 'root'@'localhost' (using password: YES)

[ 2016-10-12T19:50:03+08:00 ] 127.0.0.1 /index.php/Home/Main/search
INFO: [ app_init ] --START--
INFO: Run Behavior\BuildLiteBehavior [ RunTime:0.000020s ]
INFO: [ app_init ] --END-- [ RunTime:0.000512s ]
INFO: [ app_begin ] --START--
INFO: Run Behavior\ReadHtmlCacheBehavior [ RunTime:0.000657s ]
INFO: [ app_begin ] --END-- [ RunTime:0.000732s ]
ERR: SQLSTATE[28000] [1045] Access denied for user 'root'@'localhost' (using password: YES)

[ 2016-10-12T20:28:46+08:00 ] 127.0.0.1 /index.php/Home/Index/verify
INFO: [ app_init ] --START--
INFO: Run Behavior\BuildLiteBehavior [ RunTime:0.000019s ]
INFO: [ app_init ] --END-- [ RunTime:0.000636s ]
INFO: [ app_begin ] --START--
INFO: Run Behavior\ReadHtmlCacheBehavior [ RunTime:0.000933s ]
INFO: [ app_begin ] --END-- [ RunTime:0.001015s ]
ERR: 非法操作:verify

[ 2016-10-12T20:58:57+08:00 ] 127.0.0.1 /index.php/Home/Main/index
INFO: [ app_init ] --START--
INFO: Run Behavior\BuildLiteBehavior [ RunTime:0.000019s ]
INFO: [ app_init ] --END-- [ RunTime:0.000632s ]
INFO: [ app_begin ] --START--
INFO: Run Behavior\ReadHtmlCacheBehavior [ RunTime:0.000830s ]
INFO: [ app_begin ] --END-- [ RunTime:0.000909s ]
SQL: SHOW COLUMNS FROM `bs_book` [ RunTime:0.1428s ]
SQL: SHOW COLUMNS FROM `bs_category` [ RunTime:0.0112s ]
SQL: SHOW COLUMNS FROM `bs_book` [ RunTime:0.0067s ]
SQL: SELECT * FROM `bs_category`  [ RunTime:0.0003s ]
SQL: SELECT `book_id`,`book_name` FROM `bs_book` ORDER BY download_times desc LIMIT 0,4   [ RunTime:0.0003s ]
SQL: SELECT `book_id`,`book_name` FROM `bs_book` ORDER BY isgood desc LIMIT 0,4   [ RunTime:0.0003s ]
SQL: SELECT `book_id`,`book_name` FROM `bs_book` WHERE ( cat_id in (1,2,3,5,6,7) ) LIMIT 0,6   [ RunTime:0.0003s ]
SQL: SELECT `book_id`,`book_name` FROM `bs_book` WHERE ( cat_id in (4,7) ) LIMIT 0,6   [ RunTime:0.0003s ]
SQL: SELECT * FROM `bs_book` ORDER BY upload_time desc  [ RunTime:0.0004s ]
INFO: [ view_parse ] --START--
INFO: [ template_filter ] --START--
INFO: Run Behavior\ContentReplaceBehavior [ RunTime:0.000251s ]
INFO: [ template_filter ] --END-- [ RunTime:0.000334s ]
NOTIC: [8] Undefined variable: data F:\bookstore\Application\Runtime\Cache\Home\7caeb51c0b49554d06e6411062e36c44.php 第 186 行.
NOTIC: [8] Undefined variable: data F:\bookstore\Application\Runtime\Cache\Home\7caeb51c0b49554d06e6411062e36c44.php 第 187 行.
NOTIC: [8] Undefined variable: data F:\bookstore\Application\Runtime\Cache\Home\7caeb51c0b49554d06e6411062e36c44.php 第 187 行.
INFO: Run Behavior\ParseTemplateBehavior [ RunTime:0.019531s ]
INFO: [ view_parse ] --END-- [ RunTime:0.019610s ]
INFO: [ view_filter ] --START--
INFO: Run Behavior\WriteHtmlCacheBehavior [ RunTime:0.000468s ]
INFO: [ view_filter ] --END-- [ RunTime:0.000537s ]
INFO: [ app_end ] --START--
INFO: Run Behavior\ShowPageTraceBehavior [ RunTime:0.000817s ]
INFO: [ app_end ] --END-- [ RunTime:0.000896s ]

[ 2016-10-12T20:58:57+08:00 ] 127.0.0.1 /index.php/Home/User/Verify.html
INFO: [ app_init ] --START--
INFO: Run Behavior\BuildLiteBehavior [ RunTime:0.000019s ]
INFO: [ app_init ] --END-- [ RunTime:0.000480s ]
INFO: [ app_begin ] --START--
INFO: Run Behavior\ReadHtmlCacheBehavior [ RunTime:0.000642s ]
INFO: [ app_begin ] --END-- [ RunTime:0.000719s ]
NOTIC: [2] imagettftext() [<a href='function.imagettftext'>function.imagettftext</a>]: Problem loading glyph F:\bookstore\ThinkPHP\Library\Think\Verify.class.php 第 175 行.
NOTIC: [2] imagettftext() [<a href='function.imagettftext'>function.imagettftext</a>]: Problem loading glyph F:\bookstore\ThinkPHP\Library\Think\Verify.class.php 第 175 行.
NOTIC: [2] imagettftext() [<a href='function.imagettftext'>function.imagettftext</a>]: Problem loading glyph F:\bookstore\ThinkPHP\Library\Think\Verify.class.php 第 175 行.
NOTIC: [2] imagettftext() [<a href='function.imagettftext'>function.imagettftext</a>]: Problem loading glyph F:\bookstore\ThinkPHP\Library\Think\Verify.class.php 第 175 行.
NOTIC: [2] imagettftext() [<a href='function.imagettftext'>function.imagettftext</a>]: Problem loading glyph F:\bookstore\ThinkPHP\Library\Think\Verify.class.php 第 175 行.
INFO: [ app_end ] --START--
INFO: Run Behavior\ShowPageTraceBehavior [ RunTime:0.000747s ]
INFO: [ app_end ] --END-- [ RunTime:0.000825s ]

