[ 2016-10-16T20:58:52+08:00 ] 127.0.0.1 /Public/Admin/css/common.js
INFO: [ app_init ] --START--
INFO: Run Behavior\BuildLiteBehavior [ RunTime:0.000021s ]
INFO: [ app_init ] --END-- [ RunTime:0.000949s ]
INFO: [ app_begin ] --START--
INFO: Run Behavior\ReadHtmlCacheBehavior [ RunTime:0.001591s ]
INFO: [ app_begin ] --END-- [ RunTime:0.001743s ]
ERR: 无法加载控制器:Public

[ 2016-10-16T20:58:53+08:00 ] 127.0.0.1 /Public/Admin/css/common.js
INFO: [ app_init ] --START--
INFO: Run Behavior\BuildLiteBehavior [ RunTime:0.000018s ]
INFO: [ app_init ] --END-- [ RunTime:0.000472s ]
INFO: [ app_begin ] --START--
INFO: Run Behavior\ReadHtmlCacheBehavior [ RunTime:0.000671s ]
INFO: [ app_begin ] --END-- [ RunTime:0.000746s ]
ERR: 无法加载控制器:Public

[ 2016-10-16T20:58:54+08:00 ] 127.0.0.1 /favicon.ico
INFO: [ app_init ] --START--
INFO: Run Behavior\BuildLiteBehavior [ RunTime:0.000028s ]
INFO: [ app_init ] --END-- [ RunTime:0.000687s ]

[ 2016-10-16T20:59:11+08:00 ] 127.0.0.1 /Public/Admin/css/common.js
INFO: [ app_init ] --START--
INFO: Run Behavior\BuildLiteBehavior [ RunTime:0.000019s ]
INFO: [ app_init ] --END-- [ RunTime:0.000485s ]
INFO: [ app_begin ] --START--
INFO: Run Behavior\ReadHtmlCacheBehavior [ RunTime:0.000621s ]
INFO: [ app_begin ] --END-- [ RunTime:0.000696s ]
ERR: 无法加载控制器:Public

[ 2016-10-16T20:59:27+08:00 ] 127.0.0.1 /Public/Admin/css/common.js
INFO: [ app_init ] --START--
INFO: Run Behavior\BuildLiteBehavior [ RunTime:0.000018s ]
INFO: [ app_init ] --END-- [ RunTime:0.000500s ]
INFO: [ app_begin ] --START--
INFO: Run Behavior\ReadHtmlCacheBehavior [ RunTime:0.000638s ]
INFO: [ app_begin ] --END-- [ RunTime:0.000718s ]
ERR: 无法加载控制器:Public

[ 2016-10-16T20:59:31+08:00 ] 127.0.0.1 /Public/Admin/css/common.js
INFO: [ app_init ] --START--
INFO: Run Behavior\BuildLiteBehavior [ RunTime:0.000021s ]
INFO: [ app_init ] --END-- [ RunTime:0.000499s ]
INFO: [ app_begin ] --START--
INFO: Run Behavior\ReadHtmlCacheBehavior [ RunTime:0.000684s ]
INFO: [ app_begin ] --END-- [ RunTime:0.000765s ]
ERR: 无法加载控制器:Public

[ 2016-10-16T20:59:51+08:00 ] 127.0.0.1 /Public/Admin/css/common.css
INFO: [ app_init ] --START--
INFO: Run Behavior\BuildLiteBehavior [ RunTime:0.000021s ]
INFO: [ app_init ] --END-- [ RunTime:0.001114s ]
INFO: [ app_begin ] --START--
INFO: Run Behavior\ReadHtmlCacheBehavior [ RunTime:0.000749s ]
INFO: [ app_begin ] --END-- [ RunTime:0.000832s ]
ERR: 无法加载控制器:Public

[ 2016-10-16T20:59:51+08:00 ] 127.0.0.1 /Public/Admin/css/main.css
INFO: [ app_init ] --START--
INFO: Run Behavior\BuildLiteBehavior [ RunTime:0.000018s ]
INFO: [ app_init ] --END-- [ RunTime:0.000478s ]
INFO: [ app_begin ] --START--
INFO: Run Behavior\ReadHtmlCacheBehavior [ RunTime:0.000769s ]
INFO: [ app_begin ] --END-- [ RunTime:0.000852s ]
ERR: 无法加载控制器:Public

[ 2016-10-16T21:00:16+08:00 ] 127.0.0.1 /
INFO: [ app_init ] --START--
INFO: Run Behavior\BuildLiteBehavior [ RunTime:0.000019s ]
INFO: [ app_init ] --END-- [ RunTime:0.000499s ]
INFO: [ app_begin ] --START--
INFO: Run Behavior\ReadHtmlCacheBehavior [ RunTime:0.000657s ]
INFO: [ app_begin ] --END-- [ RunTime:0.000731s ]
SQL: SHOW COLUMNS FROM `bs_book` [ RunTime:0.0064s ]
SQL: SHOW COLUMNS FROM `bs_category` [ RunTime:0.0942s ]
SQL: SELECT * FROM `bs_category`  [ RunTime:0.0010s ]
SQL: SELECT `book_id`,`book_name` FROM `bs_book` ORDER BY download_times desc LIMIT 0,4   [ RunTime:0.0008s ]
SQL: SELECT `book_id`,`book_name` FROM `bs_book` ORDER BY isgood desc LIMIT 0,4   [ RunTime:0.0009s ]
SQL: SELECT `book_id`,`book_name` FROM `bs_book` WHERE ( cat_id in (1,2,3,5,6,7) ) ORDER BY isgood desc LIMIT 0,6   [ RunTime:0.0128s ]
SQL: SELECT `book_id`,`book_name` FROM `bs_book` WHERE ( cat_id in (4,7) ) ORDER BY isgood desc LIMIT 0,6   [ RunTime:0.0008s ]
SQL: SELECT * FROM `bs_book` WHERE ( is_show=1 ) ORDER BY upload_time desc LIMIT 0,6   [ RunTime:0.0032s ]
SQL: SELECT COUNT(*) AS tp_count FROM `bs_book` WHERE ( is_show=1 ) LIMIT 1   [ RunTime:0.0245s ]
INFO: [ view_parse ] --START--
INFO: [ template_filter ] --START--
INFO: Run Behavior\ContentReplaceBehavior [ RunTime:0.000313s ]
INFO: [ template_filter ] --END-- [ RunTime:0.000407s ]
NOTIC: [8] Undefined variable: data F:\bookstore\Application\Runtime\Cache\Home\1c20a0eb6aa677374e354048a482c75a.php 第 208 行.
NOTIC: [8] Undefined variable: data F:\bookstore\Application\Runtime\Cache\Home\1c20a0eb6aa677374e354048a482c75a.php 第 209 行.
NOTIC: [8] Undefined variable: data F:\bookstore\Application\Runtime\Cache\Home\1c20a0eb6aa677374e354048a482c75a.php 第 209 行.
INFO: Run Behavior\ParseTemplateBehavior [ RunTime:0.094161s ]
INFO: [ view_parse ] --END-- [ RunTime:0.094290s ]
INFO: [ view_filter ] --START--
INFO: Run Behavior\WriteHtmlCacheBehavior [ RunTime:0.000562s ]
INFO: [ view_filter ] --END-- [ RunTime:0.000631s ]
INFO: [ app_end ] --START--
INFO: Run Behavior\ShowPageTraceBehavior [ RunTime:0.001308s ]
INFO: [ app_end ] --END-- [ RunTime:0.001432s ]

[ 2016-10-16T21:00:17+08:00 ] 127.0.0.1 /Register/Verify.html
INFO: [ app_init ] --START--
INFO: Run Behavior\BuildLiteBehavior [ RunTime:0.000019s ]
INFO: [ app_init ] --END-- [ RunTime:0.000508s ]
INFO: [ app_begin ] --START--
INFO: Run Behavior\ReadHtmlCacheBehavior [ RunTime:0.000719s ]
INFO: [ app_begin ] --END-- [ RunTime:0.000805s ]
INFO: [ app_end ] --START--
INFO: Run Behavior\ShowPageTraceBehavior [ RunTime:0.001155s ]
INFO: [ app_end ] --END-- [ RunTime:0.001289s ]

[ 2016-10-16T21:00:17+08:00 ] 127.0.0.1 /Main/Verify.html
INFO: [ app_init ] --START--
INFO: Run Behavior\BuildLiteBehavior [ RunTime:0.000019s ]
INFO: [ app_init ] --END-- [ RunTime:0.000500s ]
INFO: [ app_begin ] --START--
INFO: Run Behavior\ReadHtmlCacheBehavior [ RunTime:0.000647s ]
INFO: [ app_begin ] --END-- [ RunTime:0.000735s ]
INFO: [ app_end ] --START--
INFO: Run Behavior\ShowPageTraceBehavior [ RunTime:0.000956s ]
INFO: [ app_end ] --END-- [ RunTime:0.001057s ]

[ 2016-10-16T21:00:34+08:00 ] 127.0.0.1 /Home/Main/index
INFO: [ app_init ] --START--
INFO: Run Behavior\BuildLiteBehavior [ RunTime:0.000020s ]
INFO: [ app_init ] --END-- [ RunTime:0.000517s ]
INFO: [ app_begin ] --START--
INFO: Run Behavior\ReadHtmlCacheBehavior [ RunTime:0.000942s ]
INFO: [ app_begin ] --END-- [ RunTime:0.001062s ]
SQL: SHOW COLUMNS FROM `bs_book` [ RunTime:0.0048s ]
SQL: SHOW COLUMNS FROM `bs_category` [ RunTime:0.0034s ]
SQL: SELECT * FROM `bs_category`  [ RunTime:0.0004s ]
SQL: SELECT `book_id`,`book_name` FROM `bs_book` ORDER BY download_times desc LIMIT 0,4   [ RunTime:0.0003s ]
SQL: SELECT `book_id`,`book_name` FROM `bs_book` ORDER BY isgood desc LIMIT 0,4   [ RunTime:0.0004s ]
SQL: SELECT `book_id`,`book_name` FROM `bs_book` WHERE ( cat_id in (1,2,3,5,6,7) ) ORDER BY isgood desc LIMIT 0,6   [ RunTime:0.0003s ]
SQL: SELECT `book_id`,`book_name` FROM `bs_book` WHERE ( cat_id in (4,7) ) ORDER BY isgood desc LIMIT 0,6   [ RunTime:0.0002s ]
SQL: SELECT * FROM `bs_book` WHERE ( is_show=1 ) ORDER BY upload_time desc LIMIT 0,6   [ RunTime:0.0004s ]
SQL: SELECT COUNT(*) AS tp_count FROM `bs_book` WHERE ( is_show=1 ) LIMIT 1   [ RunTime:0.0003s ]
INFO: [ view_parse ] --START--
INFO: [ template_filter ] --START--
INFO: Run Behavior\ContentReplaceBehavior [ RunTime:0.000408s ]
INFO: [ template_filter ] --END-- [ RunTime:0.000534s ]
NOTIC: [8] Undefined variable: data F:\bookstore\Application\Runtime\Cache\Home\7caeb51c0b49554d06e6411062e36c44.php 第 208 行.
NOTIC: [8] Undefined variable: data F:\bookstore\Application\Runtime\Cache\Home\7caeb51c0b49554d06e6411062e36c44.php 第 209 行.
NOTIC: [8] Undefined variable: data F:\bookstore\Application\Runtime\Cache\Home\7caeb51c0b49554d06e6411062e36c44.php 第 209 行.
INFO: Run Behavior\ParseTemplateBehavior [ RunTime:0.026694s ]
INFO: [ view_parse ] --END-- [ RunTime:0.026831s ]
INFO: [ view_filter ] --START--
INFO: Run Behavior\WriteHtmlCacheBehavior [ RunTime:0.000452s ]
INFO: [ view_filter ] --END-- [ RunTime:0.000523s ]
INFO: [ app_end ] --START--
INFO: Run Behavior\ShowPageTraceBehavior [ RunTime:0.000955s ]
INFO: [ app_end ] --END-- [ RunTime:0.001039s ]

[ 2016-10-16T21:00:34+08:00 ] 127.0.0.1 /Main/Verify.html
INFO: [ app_init ] --START--
INFO: Run Behavior\BuildLiteBehavior [ RunTime:0.000033s ]
INFO: [ app_init ] --END-- [ RunTime:0.000873s ]
INFO: [ app_begin ] --START--
INFO: Run Behavior\ReadHtmlCacheBehavior [ RunTime:0.001084s ]
INFO: [ app_begin ] --END-- [ RunTime:0.001282s ]
INFO: [ app_end ] --START--
INFO: Run Behavior\ShowPageTraceBehavior [ RunTime:0.000855s ]
INFO: [ app_end ] --END-- [ RunTime:0.000981s ]

[ 2016-10-16T21:00:34+08:00 ] 127.0.0.1 /Register/Verify.html
INFO: [ app_init ] --START--
INFO: Run Behavior\BuildLiteBehavior [ RunTime:0.000033s ]
INFO: [ app_init ] --END-- [ RunTime:0.000859s ]
INFO: [ app_begin ] --START--
INFO: Run Behavior\ReadHtmlCacheBehavior [ RunTime:0.001225s ]
INFO: [ app_begin ] --END-- [ RunTime:0.001389s ]
INFO: [ app_end ] --START--
INFO: Run Behavior\ShowPageTraceBehavior [ RunTime:0.001262s ]
INFO: [ app_end ] --END-- [ RunTime:0.001391s ]

[ 2016-10-16T21:00:44+08:00 ] 127.0.0.1 /index.php/Home/Main/index
INFO: [ app_init ] --START--
INFO: Run Behavior\BuildLiteBehavior [ RunTime:0.000019s ]
INFO: [ app_init ] --END-- [ RunTime:0.000483s ]
INFO: [ app_begin ] --START--
INFO: Run Behavior\ReadHtmlCacheBehavior [ RunTime:0.000607s ]
INFO: [ app_begin ] --END-- [ RunTime:0.000682s ]
SQL: SHOW COLUMNS FROM `bs_book` [ RunTime:0.0036s ]
SQL: SHOW COLUMNS FROM `bs_category` [ RunTime:0.0035s ]
SQL: SELECT * FROM `bs_category`  [ RunTime:0.0003s ]
SQL: SELECT `book_id`,`book_name` FROM `bs_book` ORDER BY download_times desc LIMIT 0,4   [ RunTime:0.0002s ]
SQL: SELECT `book_id`,`book_name` FROM `bs_book` ORDER BY isgood desc LIMIT 0,4   [ RunTime:0.0002s ]
SQL: SELECT `book_id`,`book_name` FROM `bs_book` WHERE ( cat_id in (1,2,3,5,6,7) ) ORDER BY isgood desc LIMIT 0,6   [ RunTime:0.0002s ]
SQL: SELECT `book_id`,`book_name` FROM `bs_book` WHERE ( cat_id in (4,7) ) ORDER BY isgood desc LIMIT 0,6   [ RunTime:0.0002s ]
SQL: SELECT * FROM `bs_book` WHERE ( is_show=1 ) ORDER BY upload_time desc LIMIT 0,6   [ RunTime:0.0003s ]
SQL: SELECT COUNT(*) AS tp_count FROM `bs_book` WHERE ( is_show=1 ) LIMIT 1   [ RunTime:0.0002s ]
INFO: [ view_parse ] --START--
INFO: [ template_filter ] --START--
INFO: Run Behavior\ContentReplaceBehavior [ RunTime:0.000269s ]
INFO: [ template_filter ] --END-- [ RunTime:0.000376s ]
NOTIC: [8] Undefined variable: data F:\bookstore\Application\Runtime\Cache\Home\7caeb51c0b49554d06e6411062e36c44.php 第 208 行.
NOTIC: [8] Undefined variable: data F:\bookstore\Application\Runtime\Cache\Home\7caeb51c0b49554d06e6411062e36c44.php 第 209 行.
NOTIC: [8] Undefined variable: data F:\bookstore\Application\Runtime\Cache\Home\7caeb51c0b49554d06e6411062e36c44.php 第 209 行.
INFO: Run Behavior\ParseTemplateBehavior [ RunTime:0.022911s ]
INFO: [ view_parse ] --END-- [ RunTime:0.023007s ]
INFO: [ view_filter ] --START--
INFO: Run Behavior\WriteHtmlCacheBehavior [ RunTime:0.000489s ]
INFO: [ view_filter ] --END-- [ RunTime:0.000554s ]
INFO: [ app_end ] --START--
INFO: Run Behavior\ShowPageTraceBehavior [ RunTime:0.000921s ]
INFO: [ app_end ] --END-- [ RunTime:0.001042s ]

[ 2016-10-16T21:00:44+08:00 ] 127.0.0.1 /Register/Verify.html
INFO: [ app_init ] --START--
INFO: Run Behavior\BuildLiteBehavior [ RunTime:0.000019s ]
INFO: [ app_init ] --END-- [ RunTime:0.000502s ]
INFO: [ app_begin ] --START--
INFO: Run Behavior\ReadHtmlCacheBehavior [ RunTime:0.000676s ]
INFO: [ app_begin ] --END-- [ RunTime:0.000763s ]
INFO: [ app_end ] --START--
INFO: Run Behavior\ShowPageTraceBehavior [ RunTime:0.002103s ]
INFO: [ app_end ] --END-- [ RunTime:0.002273s ]

[ 2016-10-16T21:00:44+08:00 ] 127.0.0.1 /Main/Verify.html
INFO: [ app_init ] --START--
INFO: Run Behavior\BuildLiteBehavior [ RunTime:0.000030s ]
INFO: [ app_init ] --END-- [ RunTime:0.000806s ]
INFO: [ app_begin ] --START--
INFO: Run Behavior\ReadHtmlCacheBehavior [ RunTime:0.001076s ]
INFO: [ app_begin ] --END-- [ RunTime:0.001231s ]
INFO: [ app_end ] --START--
INFO: Run Behavior\ShowPageTraceBehavior [ RunTime:0.000884s ]
INFO: [ app_end ] --END-- [ RunTime:0.001002s ]

[ 2016-10-16T21:00:50+08:00 ] 127.0.0.1 //Home/Main/index
INFO: [ app_init ] --START--
INFO: Run Behavior\BuildLiteBehavior [ RunTime:0.000021s ]
INFO: [ app_init ] --END-- [ RunTime:0.000577s ]
INFO: [ app_begin ] --START--
INFO: Run Behavior\ReadHtmlCacheBehavior [ RunTime:0.000904s ]
INFO: [ app_begin ] --END-- [ RunTime:0.001022s ]
SQL: SHOW COLUMNS FROM `bs_book` [ RunTime:0.0033s ]
SQL: SHOW COLUMNS FROM `bs_category` [ RunTime:0.0029s ]
SQL: SELECT * FROM `bs_category`  [ RunTime:0.0003s ]
SQL: SELECT `book_id`,`book_name` FROM `bs_book` ORDER BY download_times desc LIMIT 0,4   [ RunTime:0.0002s ]
SQL: SELECT `book_id`,`book_name` FROM `bs_book` ORDER BY isgood desc LIMIT 0,4   [ RunTime:0.0002s ]
SQL: SELECT `book_id`,`book_name` FROM `bs_book` WHERE ( cat_id in (1,2,3,5,6,7) ) ORDER BY isgood desc LIMIT 0,6   [ RunTime:0.0003s ]
SQL: SELECT `book_id`,`book_name` FROM `bs_book` WHERE ( cat_id in (4,7) ) ORDER BY isgood desc LIMIT 0,6   [ RunTime:0.0004s ]
SQL: SELECT * FROM `bs_book` WHERE ( is_show=1 ) ORDER BY upload_time desc LIMIT 0,6   [ RunTime:0.0003s ]
SQL: SELECT COUNT(*) AS tp_count FROM `bs_book` WHERE ( is_show=1 ) LIMIT 1   [ RunTime:0.0002s ]
INFO: [ view_parse ] --START--
INFO: [ template_filter ] --START--
INFO: Run Behavior\ContentReplaceBehavior [ RunTime:0.000260s ]
INFO: [ template_filter ] --END-- [ RunTime:0.000352s ]
NOTIC: [8] Undefined variable: data F:\bookstore\Application\Runtime\Cache\Home\7caeb51c0b49554d06e6411062e36c44.php 第 208 行.
NOTIC: [8] Undefined variable: data F:\bookstore\Application\Runtime\Cache\Home\7caeb51c0b49554d06e6411062e36c44.php 第 209 行.
NOTIC: [8] Undefined variable: data F:\bookstore\Application\Runtime\Cache\Home\7caeb51c0b49554d06e6411062e36c44.php 第 209 行.
INFO: Run Behavior\ParseTemplateBehavior [ RunTime:0.021505s ]
INFO: [ view_parse ] --END-- [ RunTime:0.021593s ]
INFO: [ view_filter ] --START--
INFO: Run Behavior\WriteHtmlCacheBehavior [ RunTime:0.000352s ]
INFO: [ view_filter ] --END-- [ RunTime:0.000416s ]
INFO: [ app_end ] --START--
INFO: Run Behavior\ShowPageTraceBehavior [ RunTime:0.000951s ]
INFO: [ app_end ] --END-- [ RunTime:0.001068s ]

[ 2016-10-16T21:00:50+08:00 ] 127.0.0.1 /Main/Verify.html
INFO: [ app_init ] --START--
INFO: Run Behavior\BuildLiteBehavior [ RunTime:0.000020s ]
INFO: [ app_init ] --END-- [ RunTime:0.000516s ]
INFO: [ app_begin ] --START--
INFO: Run Behavior\ReadHtmlCacheBehavior [ RunTime:0.000935s ]
INFO: [ app_begin ] --END-- [ RunTime:0.001056s ]
INFO: [ app_end ] --START--
INFO: Run Behavior\ShowPageTraceBehavior [ RunTime:0.000985s ]
INFO: [ app_end ] --END-- [ RunTime:0.001154s ]

[ 2016-10-16T21:00:50+08:00 ] 127.0.0.1 /Register/Verify.html
INFO: [ app_init ] --START--
INFO: Run Behavior\BuildLiteBehavior [ RunTime:0.000020s ]
INFO: [ app_init ] --END-- [ RunTime:0.000638s ]
INFO: [ app_begin ] --START--
INFO: Run Behavior\ReadHtmlCacheBehavior [ RunTime:0.000702s ]
INFO: [ app_begin ] --END-- [ RunTime:0.000803s ]
INFO: [ app_end ] --START--
INFO: Run Behavior\ShowPageTraceBehavior [ RunTime:0.001051s ]
INFO: [ app_end ] --END-- [ RunTime:0.001152s ]

[ 2016-10-16T21:00:53+08:00 ] 127.0.0.1 /Home/Main/index
INFO: [ app_init ] --START--
INFO: Run Behavior\BuildLiteBehavior [ RunTime:0.000020s ]
INFO: [ app_init ] --END-- [ RunTime:0.000551s ]
INFO: [ app_begin ] --START--
INFO: Run Behavior\ReadHtmlCacheBehavior [ RunTime:0.000739s ]
INFO: [ app_begin ] --END-- [ RunTime:0.000813s ]
SQL: SHOW COLUMNS FROM `bs_book` [ RunTime:0.0037s ]
SQL: SHOW COLUMNS FROM `bs_category` [ RunTime:0.0035s ]
SQL: SELECT * FROM `bs_category`  [ RunTime:0.0003s ]
SQL: SELECT `book_id`,`book_name` FROM `bs_book` ORDER BY download_times desc LIMIT 0,4   [ RunTime:0.0002s ]
SQL: SELECT `book_id`,`book_name` FROM `bs_book` ORDER BY isgood desc LIMIT 0,4   [ RunTime:0.0002s ]
SQL: SELECT `book_id`,`book_name` FROM `bs_book` WHERE ( cat_id in (1,2,3,5,6,7) ) ORDER BY isgood desc LIMIT 0,6   [ RunTime:0.0002s ]
SQL: SELECT `book_id`,`book_name` FROM `bs_book` WHERE ( cat_id in (4,7) ) ORDER BY isgood desc LIMIT 0,6   [ RunTime:0.0002s ]
SQL: SELECT * FROM `bs_book` WHERE ( is_show=1 ) ORDER BY upload_time desc LIMIT 0,6   [ RunTime:0.0003s ]
SQL: SELECT COUNT(*) AS tp_count FROM `bs_book` WHERE ( is_show=1 ) LIMIT 1   [ RunTime:0.0002s ]
INFO: [ view_parse ] --START--
INFO: [ template_filter ] --START--
INFO: Run Behavior\ContentReplaceBehavior [ RunTime:0.000288s ]
INFO: [ template_filter ] --END-- [ RunTime:0.000379s ]
NOTIC: [8] Undefined variable: data F:\bookstore\Application\Runtime\Cache\Home\7caeb51c0b49554d06e6411062e36c44.php 第 208 行.
NOTIC: [8] Undefined variable: data F:\bookstore\Application\Runtime\Cache\Home\7caeb51c0b49554d06e6411062e36c44.php 第 209 行.
NOTIC: [8] Undefined variable: data F:\bookstore\Application\Runtime\Cache\Home\7caeb51c0b49554d06e6411062e36c44.php 第 209 行.
INFO: Run Behavior\ParseTemplateBehavior [ RunTime:0.020885s ]
INFO: [ view_parse ] --END-- [ RunTime:0.020979s ]
INFO: [ view_filter ] --START--
INFO: Run Behavior\WriteHtmlCacheBehavior [ RunTime:0.000392s ]
INFO: [ view_filter ] --END-- [ RunTime:0.000456s ]
INFO: [ app_end ] --START--
INFO: Run Behavior\ShowPageTraceBehavior [ RunTime:0.001259s ]
INFO: [ app_end ] --END-- [ RunTime:0.001523s ]

[ 2016-10-16T21:00:53+08:00 ] 127.0.0.1 /Main/Verify.html
INFO: [ app_init ] --START--
INFO: Run Behavior\BuildLiteBehavior [ RunTime:0.000018s ]
INFO: [ app_init ] --END-- [ RunTime:0.000487s ]
INFO: [ app_begin ] --START--
INFO: Run Behavior\ReadHtmlCacheBehavior [ RunTime:0.000716s ]
INFO: [ app_begin ] --END-- [ RunTime:0.000792s ]
INFO: [ app_end ] --START--
INFO: Run Behavior\ShowPageTraceBehavior [ RunTime:0.001140s ]
INFO: [ app_end ] --END-- [ RunTime:0.001295s ]

[ 2016-10-16T21:00:53+08:00 ] 127.0.0.1 /Register/Verify.html
INFO: [ app_init ] --START--
INFO: Run Behavior\BuildLiteBehavior [ RunTime:0.000021s ]
INFO: [ app_init ] --END-- [ RunTime:0.000564s ]
INFO: [ app_begin ] --START--
INFO: Run Behavior\ReadHtmlCacheBehavior [ RunTime:0.000706s ]
INFO: [ app_begin ] --END-- [ RunTime:0.000799s ]
INFO: [ app_end ] --START--
INFO: Run Behavior\ShowPageTraceBehavior [ RunTime:0.000797s ]
INFO: [ app_end ] --END-- [ RunTime:0.000893s ]

[ 2016-10-16T21:09:14+08:00 ] 127.0.0.1 /Home/Main/index
INFO: [ app_init ] --START--
INFO: Run Behavior\BuildLiteBehavior [ RunTime:0.000021s ]
INFO: [ app_init ] --END-- [ RunTime:0.000595s ]
INFO: [ app_begin ] --START--
INFO: Run Behavior\ReadHtmlCacheBehavior [ RunTime:0.001026s ]
INFO: [ app_begin ] --END-- [ RunTime:0.001124s ]
SQL: SHOW COLUMNS FROM `bs_book` [ RunTime:0.0037s ]
SQL: SHOW COLUMNS FROM `bs_category` [ RunTime:0.0035s ]
SQL: SELECT * FROM `bs_category`  [ RunTime:0.0004s ]
SQL: SELECT `book_id`,`book_name` FROM `bs_book` ORDER BY download_times desc LIMIT 0,4   [ RunTime:0.0002s ]
SQL: SELECT `book_id`,`book_name` FROM `bs_book` ORDER BY isgood desc LIMIT 0,4   [ RunTime:0.0002s ]
SQL: SELECT `book_id`,`book_name` FROM `bs_book` WHERE ( cat_id in (1,2,3,5,6,7) ) ORDER BY isgood desc LIMIT 0,6   [ RunTime:0.0003s ]
SQL: SELECT `book_id`,`book_name` FROM `bs_book` WHERE ( cat_id in (4,7) ) ORDER BY isgood desc LIMIT 0,6   [ RunTime:0.0002s ]
SQL: SELECT * FROM `bs_book` WHERE ( is_show=1 ) ORDER BY upload_time desc LIMIT 0,6   [ RunTime:0.0003s ]
SQL: SELECT COUNT(*) AS tp_count FROM `bs_book` WHERE ( is_show=1 ) LIMIT 1   [ RunTime:0.0002s ]
INFO: [ view_parse ] --START--
INFO: [ template_filter ] --START--
INFO: Run Behavior\ContentReplaceBehavior [ RunTime:0.000296s ]
INFO: [ template_filter ] --END-- [ RunTime:0.000393s ]
NOTIC: [8] Undefined variable: data F:\bookstore\Application\Runtime\Cache\Home\7caeb51c0b49554d06e6411062e36c44.php 第 208 行.
NOTIC: [8] Undefined variable: data F:\bookstore\Application\Runtime\Cache\Home\7caeb51c0b49554d06e6411062e36c44.php 第 209 行.
NOTIC: [8] Undefined variable: data F:\bookstore\Application\Runtime\Cache\Home\7caeb51c0b49554d06e6411062e36c44.php 第 209 行.
INFO: Run Behavior\ParseTemplateBehavior [ RunTime:0.022737s ]
INFO: [ view_parse ] --END-- [ RunTime:0.022834s ]
INFO: [ view_filter ] --START--
INFO: Run Behavior\WriteHtmlCacheBehavior [ RunTime:0.000558s ]
INFO: [ view_filter ] --END-- [ RunTime:0.000623s ]
INFO: [ app_end ] --START--
INFO: Run Behavior\ShowPageTraceBehavior [ RunTime:0.001438s ]
INFO: [ app_end ] --END-- [ RunTime:0.001528s ]

[ 2016-10-16T21:09:14+08:00 ] 127.0.0.1 /Main/Verify.html
INFO: [ app_init ] --START--
INFO: Run Behavior\BuildLiteBehavior [ RunTime:0.000021s ]
INFO: [ app_init ] --END-- [ RunTime:0.000500s ]
INFO: [ app_begin ] --START--
INFO: Run Behavior\ReadHtmlCacheBehavior [ RunTime:0.000650s ]
INFO: [ app_begin ] --END-- [ RunTime:0.000732s ]
INFO: [ app_end ] --START--
INFO: Run Behavior\ShowPageTraceBehavior [ RunTime:0.001248s ]
INFO: [ app_end ] --END-- [ RunTime:0.001419s ]

[ 2016-10-16T21:09:14+08:00 ] 127.0.0.1 /Register/Verify.html
INFO: [ app_init ] --START--
INFO: Run Behavior\BuildLiteBehavior [ RunTime:0.000035s ]
INFO: [ app_init ] --END-- [ RunTime:0.000653s ]
INFO: [ app_begin ] --START--
INFO: Run Behavior\ReadHtmlCacheBehavior [ RunTime:0.000889s ]
INFO: [ app_begin ] --END-- [ RunTime:0.000992s ]
INFO: [ app_end ] --START--
INFO: Run Behavior\ShowPageTraceBehavior [ RunTime:0.001199s ]
INFO: [ app_end ] --END-- [ RunTime:0.001327s ]

[ 2016-10-16T21:09:22+08:00 ] 127.0.0.1 /ad
INFO: [ app_init ] --START--
INFO: Run Behavior\BuildLiteBehavior [ RunTime:0.000027s ]
INFO: [ app_init ] --END-- [ RunTime:0.000697s ]
INFO: [ app_begin ] --START--
INFO: Run Behavior\ReadHtmlCacheBehavior [ RunTime:0.000767s ]
INFO: [ app_begin ] --END-- [ RunTime:0.000858s ]
ERR: 无法加载控制器:Ad

[ 2016-10-16T21:09:39+08:00 ] 127.0.0.1 /hm
INFO: [ app_init ] --START--
INFO: Run Behavior\BuildLiteBehavior [ RunTime:0.000030s ]
INFO: [ app_init ] --END-- [ RunTime:0.000717s ]
INFO: [ app_begin ] --START--
INFO: Run Behavior\ReadHtmlCacheBehavior [ RunTime:0.000683s ]
INFO: [ app_begin ] --END-- [ RunTime:0.000765s ]
ERR: 无法加载控制器:Hm

[ 2016-10-16T21:09:47+08:00 ] 127.0.0.1 /hm.php
INFO: [ app_init ] --START--
INFO: Run Behavior\BuildLiteBehavior [ RunTime:0.000032s ]
INFO: [ app_init ] --END-- [ RunTime:0.000746s ]
INFO: [ app_begin ] --START--
INFO: Run Behavior\ReadHtmlCacheBehavior [ RunTime:0.000933s ]
INFO: [ app_begin ] --END-- [ RunTime:0.001058s ]
ERR: 无法加载控制器:Hm.php

[ 2016-10-16T21:09:51+08:00 ] 127.0.0.1 /hm.
INFO: [ app_init ] --START--
INFO: Run Behavior\BuildLiteBehavior [ RunTime:0.000029s ]
INFO: [ app_init ] --END-- [ RunTime:0.000714s ]
INFO: [ app_begin ] --START--
INFO: Run Behavior\ReadHtmlCacheBehavior [ RunTime:0.000783s ]
INFO: [ app_begin ] --END-- [ RunTime:0.000873s ]
ERR: 无法加载控制器:Hm

[ 2016-10-16T21:09:54+08:00 ] 127.0.0.1 /hm
INFO: [ app_init ] --START--
INFO: Run Behavior\BuildLiteBehavior [ RunTime:0.000028s ]
INFO: [ app_init ] --END-- [ RunTime:0.000652s ]
INFO: [ app_begin ] --START--
INFO: Run Behavior\ReadHtmlCacheBehavior [ RunTime:0.000781s ]
INFO: [ app_begin ] --END-- [ RunTime:0.000882s ]
ERR: 无法加载控制器:Hm

[ 2016-10-16T21:12:29+08:00 ] 127.0.0.1 /hm
INFO: [ app_init ] --START--
INFO: Run Behavior\BuildLiteBehavior [ RunTime:0.000020s ]
INFO: [ app_init ] --END-- [ RunTime:0.000639s ]
INFO: [ app_begin ] --START--
INFO: Run Behavior\ReadHtmlCacheBehavior [ RunTime:0.001108s ]
INFO: [ app_begin ] --END-- [ RunTime:0.001200s ]
SQL: SHOW COLUMNS FROM `bs_book` [ RunTime:0.0037s ]
SQL: SHOW COLUMNS FROM `bs_category` [ RunTime:0.0034s ]
SQL: SELECT * FROM `bs_category`  [ RunTime:0.0004s ]
SQL: SELECT `book_id`,`book_name` FROM `bs_book` ORDER BY download_times desc LIMIT 0,4   [ RunTime:0.0002s ]
SQL: SELECT `book_id`,`book_name` FROM `bs_book` ORDER BY isgood desc LIMIT 0,4   [ RunTime:0.0002s ]
SQL: SELECT `book_id`,`book_name` FROM `bs_book` WHERE ( cat_id in (1,2,3,5,6,7) ) ORDER BY isgood desc LIMIT 0,6   [ RunTime:0.0002s ]
SQL: SELECT `book_id`,`book_name` FROM `bs_book` WHERE ( cat_id in (4,7) ) ORDER BY isgood desc LIMIT 0,6   [ RunTime:0.0002s ]
SQL: SELECT * FROM `bs_book` WHERE ( is_show=1 ) ORDER BY upload_time desc LIMIT 0,6   [ RunTime:0.0003s ]
SQL: SELECT COUNT(*) AS tp_count FROM `bs_book` WHERE ( is_show=1 ) LIMIT 1   [ RunTime:0.0002s ]
INFO: [ view_parse ] --START--
INFO: [ template_filter ] --START--
INFO: Run Behavior\ContentReplaceBehavior [ RunTime:0.000255s ]
INFO: [ template_filter ] --END-- [ RunTime:0.000341s ]
NOTIC: [8] Undefined variable: data F:\bookstore\Application\Runtime\Cache\Home\7caeb51c0b49554d06e6411062e36c44.php 第 208 行.
NOTIC: [8] Undefined variable: data F:\bookstore\Application\Runtime\Cache\Home\7caeb51c0b49554d06e6411062e36c44.php 第 209 行.
NOTIC: [8] Undefined variable: data F:\bookstore\Application\Runtime\Cache\Home\7caeb51c0b49554d06e6411062e36c44.php 第 209 行.
INFO: Run Behavior\ParseTemplateBehavior [ RunTime:0.022687s ]
INFO: [ view_parse ] --END-- [ RunTime:0.022779s ]
INFO: [ view_filter ] --START--
INFO: Run Behavior\WriteHtmlCacheBehavior [ RunTime:0.000641s ]
INFO: [ view_filter ] --END-- [ RunTime:0.000710s ]
INFO: [ app_end ] --START--
INFO: Run Behavior\ShowPageTraceBehavior [ RunTime:0.001174s ]
INFO: [ app_end ] --END-- [ RunTime:0.001284s ]

[ 2016-10-16T21:12:29+08:00 ] 127.0.0.1 /Main/Verify.html
INFO: [ app_init ] --START--
INFO: Run Behavior\BuildLiteBehavior [ RunTime:0.000030s ]
INFO: [ app_init ] --END-- [ RunTime:0.000752s ]
INFO: [ app_begin ] --START--
INFO: Run Behavior\ReadHtmlCacheBehavior [ RunTime:0.000962s ]
INFO: [ app_begin ] --END-- [ RunTime:0.001099s ]
INFO: [ app_end ] --START--
INFO: Run Behavior\ShowPageTraceBehavior [ RunTime:0.001452s ]
INFO: [ app_end ] --END-- [ RunTime:0.001641s ]

[ 2016-10-16T21:12:29+08:00 ] 127.0.0.1 /Register/Verify.html
INFO: [ app_init ] --START--
INFO: Run Behavior\BuildLiteBehavior [ RunTime:0.000021s ]
INFO: [ app_init ] --END-- [ RunTime:0.000620s ]
INFO: [ app_begin ] --START--
INFO: Run Behavior\ReadHtmlCacheBehavior [ RunTime:0.000765s ]
INFO: [ app_begin ] --END-- [ RunTime:0.000848s ]
INFO: [ app_end ] --START--
INFO: Run Behavior\ShowPageTraceBehavior [ RunTime:0.000885s ]
INFO: [ app_end ] --END-- [ RunTime:0.000995s ]

[ 2016-10-16T21:12:34+08:00 ] 127.0.0.1 /Public/Admin/css/common.js
INFO: [ app_init ] --START--
INFO: Run Behavior\BuildLiteBehavior [ RunTime:0.000033s ]
INFO: [ app_init ] --END-- [ RunTime:0.003100s ]
INFO: [ app_begin ] --START--
INFO: Run Behavior\ReadHtmlCacheBehavior [ RunTime:0.001120s ]
INFO: [ app_begin ] --END-- [ RunTime:0.001678s ]
ERR: 无法加载控制器:Public

[ 2016-10-16T21:27:00+08:00 ] 127.0.0.1 /Public/Admin/css/common.css
INFO: [ app_init ] --START--
INFO: Run Behavior\BuildLiteBehavior [ RunTime:0.000018s ]
INFO: [ app_init ] --END-- [ RunTime:0.000510s ]
INFO: [ app_begin ] --START--
INFO: Run Behavior\ReadHtmlCacheBehavior [ RunTime:0.000660s ]
INFO: [ app_begin ] --END-- [ RunTime:0.000738s ]
ERR: 无法加载控制器:Public

[ 2016-10-16T21:27:00+08:00 ] 127.0.0.1 /Public/Admin/css/main.css
INFO: [ app_init ] --START--
INFO: Run Behavior\BuildLiteBehavior [ RunTime:0.000037s ]
INFO: [ app_init ] --END-- [ RunTime:0.001384s ]
INFO: [ app_begin ] --START--
INFO: Run Behavior\ReadHtmlCacheBehavior [ RunTime:0.000805s ]
INFO: [ app_begin ] --END-- [ RunTime:0.000896s ]
ERR: 无法加载控制器:Public

[ 2016-10-16T21:27:44+08:00 ] 127.0.0.1 /Main/Verify.html?0.624057930942443
INFO: [ app_init ] --START--
INFO: Run Behavior\BuildLiteBehavior [ RunTime:0.000023s ]
INFO: [ app_init ] --END-- [ RunTime:0.000731s ]
INFO: [ app_begin ] --START--
INFO: Run Behavior\ReadHtmlCacheBehavior [ RunTime:0.000907s ]
INFO: [ app_begin ] --END-- [ RunTime:0.001007s ]
INFO: [ app_end ] --START--
INFO: Run Behavior\ShowPageTraceBehavior [ RunTime:0.000974s ]
INFO: [ app_end ] --END-- [ RunTime:0.001094s ]

[ 2016-10-16T21:27:51+08:00 ] 127.0.0.1 /Register/checktel.html?tel=
INFO: [ app_init ] --START--
INFO: Run Behavior\BuildLiteBehavior [ RunTime:0.000018s ]
INFO: [ app_init ] --END-- [ RunTime:0.000519s ]
INFO: [ app_begin ] --START--
INFO: Run Behavior\ReadHtmlCacheBehavior [ RunTime:0.000680s ]
INFO: [ app_begin ] --END-- [ RunTime:0.000759s ]
SQL: SHOW COLUMNS FROM `bs_user` [ RunTime:0.0033s ]
ERR: 1064:You have an error in your SQL syntax; check the manual that corresponds to your MySQL server version for the right syntax to use near ') LIMIT 1' at line 1
 [ SQL语句 ] : SELECT * FROM `bs_user` WHERE ( phone= ) LIMIT 1  
ERR: 1064:You have an error in your SQL syntax; check the manual that corresponds to your MySQL server version for the right syntax to use near ') LIMIT 1' at line 1
 [ SQL语句 ] : SELECT * FROM `bs_user` WHERE ( phone= ) LIMIT 1  

[ 2016-10-16T21:28:12+08:00 ] 127.0.0.1 /Register/send.html?tel=
INFO: [ app_init ] --START--
INFO: Run Behavior\BuildLiteBehavior [ RunTime:0.000019s ]
INFO: [ app_init ] --END-- [ RunTime:0.000519s ]
INFO: [ app_begin ] --START--
INFO: Run Behavior\ReadHtmlCacheBehavior [ RunTime:0.000676s ]
INFO: [ app_begin ] --END-- [ RunTime:0.000742s ]
NOTIC: [8] A session had already been started - ignoring session_start() F:\bookstore\Application\Home\Controller\RegisterController.class.php 第 37 行.
INFO: [ app_end ] --START--
INFO: Run Behavior\ShowPageTraceBehavior [ RunTime:0.002140s ]
INFO: [ app_end ] --END-- [ RunTime:0.002409s ]

[ 2016-10-16T21:28:12+08:00 ] 127.0.0.1 /Register/checktel.html?tel=
INFO: [ app_init ] --START--
INFO: Run Behavior\BuildLiteBehavior [ RunTime:0.000022s ]
INFO: [ app_init ] --END-- [ RunTime:0.000650s ]
INFO: [ app_begin ] --START--
INFO: Run Behavior\ReadHtmlCacheBehavior [ RunTime:0.000744s ]
INFO: [ app_begin ] --END-- [ RunTime:0.000815s ]
SQL: SHOW COLUMNS FROM `bs_user` [ RunTime:0.0060s ]
ERR: 1064:You have an error in your SQL syntax; check the manual that corresponds to your MySQL server version for the right syntax to use near ') LIMIT 1' at line 1
 [ SQL语句 ] : SELECT * FROM `bs_user` WHERE ( phone= ) LIMIT 1  
ERR: 1064:You have an error in your SQL syntax; check the manual that corresponds to your MySQL server version for the right syntax to use near ') LIMIT 1' at line 1
 [ SQL语句 ] : SELECT * FROM `bs_user` WHERE ( phone= ) LIMIT 1  

[ 2016-10-16T21:28:12+08:00 ] 127.0.0.1 /Register/Verify.html?0.2723492067470439
INFO: [ app_init ] --START--
INFO: Run Behavior\BuildLiteBehavior [ RunTime:0.000019s ]
INFO: [ app_init ] --END-- [ RunTime:0.000578s ]
INFO: [ app_begin ] --START--
INFO: Run Behavior\ReadHtmlCacheBehavior [ RunTime:0.000997s ]
INFO: [ app_begin ] --END-- [ RunTime:0.001079s ]
INFO: [ app_end ] --START--
INFO: Run Behavior\ShowPageTraceBehavior [ RunTime:0.001005s ]
INFO: [ app_end ] --END-- [ RunTime:0.001131s ]

[ 2016-10-16T21:28:12+08:00 ] 127.0.0.1 /Register/Verify.html?0.2924184559105145
INFO: [ app_init ] --START--
INFO: Run Behavior\BuildLiteBehavior [ RunTime:0.000020s ]
INFO: [ app_init ] --END-- [ RunTime:0.000606s ]
INFO: [ app_begin ] --START--
INFO: Run Behavior\ReadHtmlCacheBehavior [ RunTime:0.000798s ]
INFO: [ app_begin ] --END-- [ RunTime:0.000875s ]
INFO: [ app_end ] --START--
INFO: Run Behavior\ShowPageTraceBehavior [ RunTime:0.000860s ]
INFO: [ app_end ] --END-- [ RunTime:0.000959s ]

[ 2016-10-16T21:28:12+08:00 ] 127.0.0.1 /Register/Verify.html?0.2663156104753779
INFO: [ app_init ] --START--
INFO: Run Behavior\BuildLiteBehavior [ RunTime:0.000024s ]
INFO: [ app_init ] --END-- [ RunTime:0.000774s ]
INFO: [ app_begin ] --START--
INFO: Run Behavior\ReadHtmlCacheBehavior [ RunTime:0.001076s ]
INFO: [ app_begin ] --END-- [ RunTime:0.001190s ]
INFO: [ app_end ] --START--
INFO: Run Behavior\ShowPageTraceBehavior [ RunTime:0.001877s ]
INFO: [ app_end ] --END-- [ RunTime:0.002395s ]

[ 2016-10-16T21:28:12+08:00 ] 127.0.0.1 /Register/Verify.html?0.531442231316545
INFO: [ app_init ] --START--
INFO: Run Behavior\BuildLiteBehavior [ RunTime:0.000019s ]
INFO: [ app_init ] --END-- [ RunTime:0.000536s ]
INFO: [ app_begin ] --START--
INFO: Run Behavior\ReadHtmlCacheBehavior [ RunTime:0.000809s ]
INFO: [ app_begin ] --END-- [ RunTime:0.000901s ]
INFO: [ app_end ] --START--
INFO: Run Behavior\ShowPageTraceBehavior [ RunTime:0.001618s ]
INFO: [ app_end ] --END-- [ RunTime:0.001793s ]

[ 2016-10-16T21:28:12+08:00 ] 127.0.0.1 /Register/checktel.html?tel=
INFO: [ app_init ] --START--
INFO: Run Behavior\BuildLiteBehavior [ RunTime:0.000022s ]
INFO: [ app_init ] --END-- [ RunTime:0.000720s ]
INFO: [ app_begin ] --START--
INFO: Run Behavior\ReadHtmlCacheBehavior [ RunTime:0.005112s ]
INFO: [ app_begin ] --END-- [ RunTime:0.005221s ]
SQL: SHOW COLUMNS FROM `bs_user` [ RunTime:0.0035s ]
ERR: 1064:You have an error in your SQL syntax; check the manual that corresponds to your MySQL server version for the right syntax to use near ') LIMIT 1' at line 1
 [ SQL语句 ] : SELECT * FROM `bs_user` WHERE ( phone= ) LIMIT 1  
ERR: 1064:You have an error in your SQL syntax; check the manual that corresponds to your MySQL server version for the right syntax to use near ') LIMIT 1' at line 1
 [ SQL语句 ] : SELECT * FROM `bs_user` WHERE ( phone= ) LIMIT 1  

[ 2016-10-16T21:28:13+08:00 ] 127.0.0.1 /Register/Verify.html?0.28568375507330623
INFO: [ app_init ] --START--
INFO: Run Behavior\BuildLiteBehavior [ RunTime:0.000018s ]
INFO: [ app_init ] --END-- [ RunTime:0.000468s ]
INFO: [ app_begin ] --START--
INFO: Run Behavior\ReadHtmlCacheBehavior [ RunTime:0.000599s ]
INFO: [ app_begin ] --END-- [ RunTime:0.000675s ]
INFO: [ app_end ] --START--
INFO: Run Behavior\ShowPageTraceBehavior [ RunTime:0.000855s ]
INFO: [ app_end ] --END-- [ RunTime:0.000950s ]

[ 2016-10-16T21:28:13+08:00 ] 127.0.0.1 /Register/Verify.html?0.9506413869595802
INFO: [ app_init ] --START--
INFO: Run Behavior\BuildLiteBehavior [ RunTime:0.000023s ]
INFO: [ app_init ] --END-- [ RunTime:0.000722s ]
INFO: [ app_begin ] --START--
INFO: Run Behavior\ReadHtmlCacheBehavior [ RunTime:0.000888s ]
INFO: [ app_begin ] --END-- [ RunTime:0.000988s ]
INFO: [ app_end ] --START--
INFO: Run Behavior\ShowPageTraceBehavior [ RunTime:0.000927s ]
INFO: [ app_end ] --END-- [ RunTime:0.001025s ]

[ 2016-10-16T21:28:14+08:00 ] 127.0.0.1 /Register/Verify.html?0.8430102107748709
INFO: [ app_init ] --START--
INFO: Run Behavior\BuildLiteBehavior [ RunTime:0.000024s ]
INFO: [ app_init ] --END-- [ RunTime:0.000713s ]
INFO: [ app_begin ] --START--
INFO: Run Behavior\ReadHtmlCacheBehavior [ RunTime:0.000843s ]
INFO: [ app_begin ] --END-- [ RunTime:0.000941s ]
INFO: [ app_end ] --START--
INFO: Run Behavior\ShowPageTraceBehavior [ RunTime:0.001025s ]
INFO: [ app_end ] --END-- [ RunTime:0.001132s ]

[ 2016-10-16T21:28:15+08:00 ] 127.0.0.1 /Register/Verify.html?0.13317099430715218
INFO: [ app_init ] --START--
INFO: Run Behavior\BuildLiteBehavior [ RunTime:0.000020s ]
INFO: [ app_init ] --END-- [ RunTime:0.000592s ]
INFO: [ app_begin ] --START--
INFO: Run Behavior\ReadHtmlCacheBehavior [ RunTime:0.000719s ]
INFO: [ app_begin ] --END-- [ RunTime:0.000798s ]
INFO: [ app_end ] --START--
INFO: Run Behavior\ShowPageTraceBehavior [ RunTime:0.000959s ]
INFO: [ app_end ] --END-- [ RunTime:0.001059s ]

[ 2016-10-16T21:32:20+08:00 ] 127.0.0.1 /hm
INFO: [ app_init ] --START--
INFO: Run Behavior\BuildLiteBehavior [ RunTime:0.000019s ]
INFO: [ app_init ] --END-- [ RunTime:0.000489s ]
INFO: [ app_begin ] --START--
INFO: Run Behavior\ReadHtmlCacheBehavior [ RunTime:0.000668s ]
INFO: [ app_begin ] --END-- [ RunTime:0.000759s ]
SQL: SHOW COLUMNS FROM `bs_book` [ RunTime:0.0037s ]
SQL: SHOW COLUMNS FROM `bs_category` [ RunTime:0.0038s ]
SQL: SELECT * FROM `bs_category`  [ RunTime:0.0004s ]
SQL: SELECT `book_id`,`book_name` FROM `bs_book` ORDER BY download_times desc LIMIT 0,4   [ RunTime:0.0003s ]
SQL: SELECT `book_id`,`book_name` FROM `bs_book` ORDER BY isgood desc LIMIT 0,4   [ RunTime:0.0002s ]
SQL: SELECT `book_id`,`book_name` FROM `bs_book` WHERE ( cat_id in (1,2,3,5,6,7) ) ORDER BY isgood desc LIMIT 0,6   [ RunTime:0.0003s ]
SQL: SELECT `book_id`,`book_name` FROM `bs_book` WHERE ( cat_id in (4,7) ) ORDER BY isgood desc LIMIT 0,6   [ RunTime:0.0003s ]
SQL: SELECT * FROM `bs_book` WHERE ( is_show=1 ) ORDER BY upload_time desc LIMIT 0,6   [ RunTime:0.0003s ]
SQL: SELECT COUNT(*) AS tp_count FROM `bs_book` WHERE ( is_show=1 ) LIMIT 1   [ RunTime:0.0003s ]
INFO: [ view_parse ] --START--
INFO: [ template_filter ] --START--
INFO: Run Behavior\ContentReplaceBehavior [ RunTime:0.000344s ]
INFO: [ template_filter ] --END-- [ RunTime:0.000448s ]
NOTIC: [8] Undefined variable: data F:\bookstore\Application\Runtime\Cache\Home\7caeb51c0b49554d06e6411062e36c44.php 第 208 行.
NOTIC: [8] Undefined variable: data F:\bookstore\Application\Runtime\Cache\Home\7caeb51c0b49554d06e6411062e36c44.php 第 209 行.
NOTIC: [8] Undefined variable: data F:\bookstore\Application\Runtime\Cache\Home\7caeb51c0b49554d06e6411062e36c44.php 第 209 行.
INFO: Run Behavior\ParseTemplateBehavior [ RunTime:0.029683s ]
INFO: [ view_parse ] --END-- [ RunTime:0.029797s ]
INFO: [ view_filter ] --START--
INFO: Run Behavior\WriteHtmlCacheBehavior [ RunTime:0.000682s ]
INFO: [ view_filter ] --END-- [ RunTime:0.000749s ]
INFO: [ app_end ] --START--
INFO: Run Behavior\ShowPageTraceBehavior [ RunTime:0.002217s ]
INFO: [ app_end ] --END-- [ RunTime:0.002313s ]

[ 2016-10-16T21:32:20+08:00 ] 127.0.0.1 /Main/Verify.html
INFO: [ app_init ] --START--
INFO: Run Behavior\BuildLiteBehavior [ RunTime:0.000019s ]
INFO: [ app_init ] --END-- [ RunTime:0.000493s ]
INFO: [ app_begin ] --START--
INFO: Run Behavior\ReadHtmlCacheBehavior [ RunTime:0.000662s ]
INFO: [ app_begin ] --END-- [ RunTime:0.000741s ]
INFO: [ app_end ] --START--
INFO: Run Behavior\ShowPageTraceBehavior [ RunTime:0.001411s ]
INFO: [ app_end ] --END-- [ RunTime:0.001559s ]

[ 2016-10-16T21:32:20+08:00 ] 127.0.0.1 /Register/Verify.html
INFO: [ app_init ] --START--
INFO: Run Behavior\BuildLiteBehavior [ RunTime:0.000028s ]
INFO: [ app_init ] --END-- [ RunTime:0.000748s ]
INFO: [ app_begin ] --START--
INFO: Run Behavior\ReadHtmlCacheBehavior [ RunTime:0.001198s ]
INFO: [ app_begin ] --END-- [ RunTime:0.001336s ]
INFO: [ app_end ] --START--
INFO: Run Behavior\ShowPageTraceBehavior [ RunTime:0.001248s ]
INFO: [ app_end ] --END-- [ RunTime:0.001384s ]

[ 2016-10-16T21:32:36+08:00 ] 127.0.0.1 /Main/Verify.html?0.020565685968697567
INFO: [ app_init ] --START--
INFO: Run Behavior\BuildLiteBehavior [ RunTime:0.000020s ]
INFO: [ app_init ] --END-- [ RunTime:0.000586s ]
INFO: [ app_begin ] --START--
INFO: Run Behavior\ReadHtmlCacheBehavior [ RunTime:0.000711s ]
INFO: [ app_begin ] --END-- [ RunTime:0.000789s ]
INFO: [ app_end ] --START--
INFO: Run Behavior\ShowPageTraceBehavior [ RunTime:0.000841s ]
INFO: [ app_end ] --END-- [ RunTime:0.000926s ]

[ 2016-10-16T21:32:39+08:00 ] 127.0.0.1 /Main/Verify.html?0.8058945814024474
INFO: [ app_init ] --START--
INFO: Run Behavior\BuildLiteBehavior [ RunTime:0.000019s ]
INFO: [ app_init ] --END-- [ RunTime:0.000569s ]
INFO: [ app_begin ] --START--
INFO: Run Behavior\ReadHtmlCacheBehavior [ RunTime:0.000719s ]
INFO: [ app_begin ] --END-- [ RunTime:0.000797s ]
INFO: [ app_end ] --START--
INFO: Run Behavior\ShowPageTraceBehavior [ RunTime:0.000811s ]
INFO: [ app_end ] --END-- [ RunTime:0.000899s ]

[ 2016-10-16T21:32:55+08:00 ] 127.0.0.1 /Main/Verify.html?0.7581438318808322
INFO: [ app_init ] --START--
INFO: Run Behavior\BuildLiteBehavior [ RunTime:0.000020s ]
INFO: [ app_init ] --END-- [ RunTime:0.000517s ]
INFO: [ app_begin ] --START--
INFO: Run Behavior\ReadHtmlCacheBehavior [ RunTime:0.000676s ]
INFO: [ app_begin ] --END-- [ RunTime:0.000750s ]
INFO: [ app_end ] --START--
INFO: Run Behavior\ShowPageTraceBehavior [ RunTime:0.000807s ]
INFO: [ app_end ] --END-- [ RunTime:0.000893s ]

[ 2016-10-16T21:32:58+08:00 ] 127.0.0.1 /Main/Verify.html?0.8078401263953368
INFO: [ app_init ] --START--
INFO: Run Behavior\BuildLiteBehavior [ RunTime:0.000025s ]
INFO: [ app_init ] --END-- [ RunTime:0.000766s ]
INFO: [ app_begin ] --START--
INFO: Run Behavior\ReadHtmlCacheBehavior [ RunTime:0.000900s ]
INFO: [ app_begin ] --END-- [ RunTime:0.000998s ]
INFO: [ app_end ] --START--
INFO: Run Behavior\ShowPageTraceBehavior [ RunTime:0.001156s ]
INFO: [ app_end ] --END-- [ RunTime:0.001270s ]

[ 2016-10-16T21:32:59+08:00 ] 127.0.0.1 /Main/Verify.html?0.023852939147185115
INFO: [ app_init ] --START--
INFO: Run Behavior\BuildLiteBehavior [ RunTime:0.000026s ]
INFO: [ app_init ] --END-- [ RunTime:0.000813s ]
INFO: [ app_begin ] --START--
INFO: Run Behavior\ReadHtmlCacheBehavior [ RunTime:0.000997s ]
INFO: [ app_begin ] --END-- [ RunTime:0.001109s ]
INFO: [ app_end ] --START--
INFO: Run Behavior\ShowPageTraceBehavior [ RunTime:0.001150s ]
INFO: [ app_end ] --END-- [ RunTime:0.001270s ]

[ 2016-10-16T21:32:59+08:00 ] 127.0.0.1 /Main/Verify.html?0.7142885316625525
INFO: [ app_init ] --START--
INFO: Run Behavior\BuildLiteBehavior [ RunTime:0.000019s ]
INFO: [ app_init ] --END-- [ RunTime:0.000493s ]
INFO: [ app_begin ] --START--
INFO: Run Behavior\ReadHtmlCacheBehavior [ RunTime:0.000625s ]
INFO: [ app_begin ] --END-- [ RunTime:0.000702s ]
INFO: [ app_end ] --START--
INFO: Run Behavior\ShowPageTraceBehavior [ RunTime:0.000905s ]
INFO: [ app_end ] --END-- [ RunTime:0.000994s ]

[ 2016-10-16T21:33:09+08:00 ] 127.0.0.1 /
INFO: [ app_init ] --START--
INFO: Run Behavior\BuildLiteBehavior [ RunTime:0.000019s ]
INFO: [ app_init ] --END-- [ RunTime:0.000517s ]
INFO: [ app_begin ] --START--
INFO: Run Behavior\ReadHtmlCacheBehavior [ RunTime:0.000670s ]
INFO: [ app_begin ] --END-- [ RunTime:0.000751s ]
SQL: SHOW COLUMNS FROM `bs_book` [ RunTime:0.0034s ]
SQL: SHOW COLUMNS FROM `bs_category` [ RunTime:0.0032s ]
SQL: SELECT * FROM `bs_category`  [ RunTime:0.0003s ]
SQL: SELECT `book_id`,`book_name` FROM `bs_book` ORDER BY download_times desc LIMIT 0,4   [ RunTime:0.0004s ]
SQL: SELECT `book_id`,`book_name` FROM `bs_book` ORDER BY isgood desc LIMIT 0,4   [ RunTime:0.0002s ]
SQL: SELECT `book_id`,`book_name` FROM `bs_book` WHERE ( cat_id in (1,2,3,5,6,7) ) ORDER BY isgood desc LIMIT 0,6   [ RunTime:0.0002s ]
SQL: SELECT `book_id`,`book_name` FROM `bs_book` WHERE ( cat_id in (4,7) ) ORDER BY isgood desc LIMIT 0,6   [ RunTime:0.0002s ]
SQL: SELECT * FROM `bs_book` WHERE ( is_show=1 ) ORDER BY upload_time desc LIMIT 0,6   [ RunTime:0.0004s ]
SQL: SELECT COUNT(*) AS tp_count FROM `bs_book` WHERE ( is_show=1 ) LIMIT 1   [ RunTime:0.0002s ]
INFO: [ view_parse ] --START--
INFO: [ template_filter ] --START--
INFO: Run Behavior\ContentReplaceBehavior [ RunTime:0.000296s ]
INFO: [ template_filter ] --END-- [ RunTime:0.000402s ]
NOTIC: [8] Undefined variable: data F:\bookstore\Application\Runtime\Cache\Home\1c20a0eb6aa677374e354048a482c75a.php 第 208 行.
NOTIC: [8] Undefined variable: data F:\bookstore\Application\Runtime\Cache\Home\1c20a0eb6aa677374e354048a482c75a.php 第 209 行.
NOTIC: [8] Undefined variable: data F:\bookstore\Application\Runtime\Cache\Home\1c20a0eb6aa677374e354048a482c75a.php 第 209 行.
INFO: Run Behavior\ParseTemplateBehavior [ RunTime:0.064076s ]
INFO: [ view_parse ] --END-- [ RunTime:0.064305s ]
INFO: [ view_filter ] --START--
INFO: Run Behavior\WriteHtmlCacheBehavior [ RunTime:0.003043s ]
INFO: [ view_filter ] --END-- [ RunTime:0.003341s ]
INFO: [ app_end ] --START--
INFO: Run Behavior\ShowPageTraceBehavior [ RunTime:0.011837s ]
INFO: [ app_end ] --END-- [ RunTime:0.012948s ]

[ 2016-10-16T21:33:09+08:00 ] 127.0.0.1 /Main/Verify.html
INFO: [ app_init ] --START--
INFO: Run Behavior\BuildLiteBehavior [ RunTime:0.000033s ]
INFO: [ app_init ] --END-- [ RunTime:0.001771s ]
INFO: [ app_begin ] --START--
INFO: Run Behavior\ReadHtmlCacheBehavior [ RunTime:0.001888s ]
INFO: [ app_begin ] --END-- [ RunTime:0.002046s ]
INFO: [ app_end ] --START--
INFO: Run Behavior\ShowPageTraceBehavior [ RunTime:0.001987s ]
INFO: [ app_end ] --END-- [ RunTime:0.002226s ]

[ 2016-10-16T21:33:09+08:00 ] 127.0.0.1 /Register/Verify.html
INFO: [ app_init ] --START--
INFO: Run Behavior\BuildLiteBehavior [ RunTime:0.000027s ]
INFO: [ app_init ] --END-- [ RunTime:0.000931s ]
INFO: [ app_begin ] --START--
INFO: Run Behavior\ReadHtmlCacheBehavior [ RunTime:0.001413s ]
INFO: [ app_begin ] --END-- [ RunTime:0.001556s ]
INFO: [ app_end ] --START--
INFO: Run Behavior\ShowPageTraceBehavior [ RunTime:0.001142s ]
INFO: [ app_end ] --END-- [ RunTime:0.001260s ]

[ 2016-10-16T21:33:19+08:00 ] 127.0.0.1 /Main/Verify.html?0.36390699853438324
INFO: [ app_init ] --START--
INFO: Run Behavior\BuildLiteBehavior [ RunTime:0.000019s ]
INFO: [ app_init ] --END-- [ RunTime:0.000583s ]
INFO: [ app_begin ] --START--
INFO: Run Behavior\ReadHtmlCacheBehavior [ RunTime:0.000729s ]
INFO: [ app_begin ] --END-- [ RunTime:0.000807s ]
INFO: [ app_end ] --START--
INFO: Run Behavior\ShowPageTraceBehavior [ RunTime:0.000895s ]
INFO: [ app_end ] --END-- [ RunTime:0.000983s ]

[ 2016-10-16T21:33:22+08:00 ] 127.0.0.1 /Main/Verify.html?0.27316628719659675
INFO: [ app_init ] --START--
INFO: Run Behavior\BuildLiteBehavior [ RunTime:0.000025s ]
INFO: [ app_init ] --END-- [ RunTime:0.000628s ]
INFO: [ app_begin ] --START--
INFO: Run Behavior\ReadHtmlCacheBehavior [ RunTime:0.000924s ]
INFO: [ app_begin ] --END-- [ RunTime:0.001025s ]
INFO: [ app_end ] --START--
INFO: Run Behavior\ShowPageTraceBehavior [ RunTime:0.000938s ]
INFO: [ app_end ] --END-- [ RunTime:0.001028s ]

[ 2016-10-16T21:33:29+08:00 ] 127.0.0.1 /Main/Verify.html?0.7732305051535884
INFO: [ app_init ] --START--
INFO: Run Behavior\BuildLiteBehavior [ RunTime:0.000019s ]
INFO: [ app_init ] --END-- [ RunTime:0.000587s ]
INFO: [ app_begin ] --START--
INFO: Run Behavior\ReadHtmlCacheBehavior [ RunTime:0.000713s ]
INFO: [ app_begin ] --END-- [ RunTime:0.000791s ]
INFO: [ app_end ] --START--
INFO: Run Behavior\ShowPageTraceBehavior [ RunTime:0.000702s ]
INFO: [ app_end ] --END-- [ RunTime:0.000788s ]

[ 2016-10-16T21:33:30+08:00 ] 127.0.0.1 /Main/Verify.html?0.661476481581609
INFO: [ app_init ] --START--
INFO: Run Behavior\BuildLiteBehavior [ RunTime:0.000020s ]
INFO: [ app_init ] --END-- [ RunTime:0.000578s ]
INFO: [ app_begin ] --START--
INFO: Run Behavior\ReadHtmlCacheBehavior [ RunTime:0.000741s ]
INFO: [ app_begin ] --END-- [ RunTime:0.000836s ]
INFO: [ app_end ] --START--
INFO: Run Behavior\ShowPageTraceBehavior [ RunTime:0.000658s ]
INFO: [ app_end ] --END-- [ RunTime:0.000744s ]

[ 2016-10-16T21:33:36+08:00 ] 127.0.0.1 /Main/LoginCheck.html
INFO: [ app_init ] --START--
INFO: Run Behavior\BuildLiteBehavior [ RunTime:0.000019s ]
INFO: [ app_init ] --END-- [ RunTime:0.000585s ]
INFO: [ app_begin ] --START--
INFO: Run Behavior\ReadHtmlCacheBehavior [ RunTime:0.000682s ]
INFO: [ app_begin ] --END-- [ RunTime:0.000759s ]
SQL: SHOW COLUMNS FROM `bs_user` [ RunTime:0.0033s ]
SQL: SELECT * FROM `bs_user` WHERE ( phone='15020433373' ) LIMIT 1   [ RunTime:0.0004s ]
INFO: [ app_end ] --START--
INFO: Run Behavior\ShowPageTraceBehavior [ RunTime:0.000845s ]
INFO: [ app_end ] --END-- [ RunTime:0.000922s ]

[ 2016-10-16T21:33:36+08:00 ] 127.0.0.1 /Home/Main/Index
INFO: [ app_init ] --START--
INFO: Run Behavior\BuildLiteBehavior [ RunTime:0.000019s ]
INFO: [ app_init ] --END-- [ RunTime:0.000504s ]
INFO: [ app_begin ] --START--
INFO: Run Behavior\ReadHtmlCacheBehavior [ RunTime:0.000625s ]
INFO: [ app_begin ] --END-- [ RunTime:0.000698s ]
SQL: SHOW COLUMNS FROM `bs_book` [ RunTime:0.0041s ]
SQL: SHOW COLUMNS FROM `bs_category` [ RunTime:0.0037s ]
SQL: SELECT * FROM `bs_category`  [ RunTime:0.0003s ]
SQL: SELECT `book_id`,`book_name` FROM `bs_book` ORDER BY download_times desc LIMIT 0,4   [ RunTime:0.0002s ]
SQL: SELECT `book_id`,`book_name` FROM `bs_book` ORDER BY isgood desc LIMIT 0,4   [ RunTime:0.0002s ]
SQL: SELECT `book_id`,`book_name` FROM `bs_book` WHERE ( cat_id in (1,2,3,5,6,7) ) ORDER BY isgood desc LIMIT 0,6   [ RunTime:0.0002s ]
SQL: SELECT `book_id`,`book_name` FROM `bs_book` WHERE ( cat_id in (4,7) ) ORDER BY isgood desc LIMIT 0,6   [ RunTime:0.0002s ]
SQL: SELECT * FROM `bs_book` WHERE ( is_show=1 ) ORDER BY upload_time desc LIMIT 0,6   [ RunTime:0.0003s ]
SQL: SELECT COUNT(*) AS tp_count FROM `bs_book` WHERE ( is_show=1 ) LIMIT 1   [ RunTime:0.0002s ]
INFO: [ view_parse ] --START--
INFO: [ template_filter ] --START--
INFO: Run Behavior\ContentReplaceBehavior [ RunTime:0.000257s ]
INFO: [ template_filter ] --END-- [ RunTime:0.000347s ]
NOTIC: [8] Undefined variable: data F:\bookstore\Application\Runtime\Cache\Home\1c20a0eb6aa677374e354048a482c75a.php 第 208 行.
NOTIC: [8] Undefined variable: data F:\bookstore\Application\Runtime\Cache\Home\1c20a0eb6aa677374e354048a482c75a.php 第 209 行.
NOTIC: [8] Undefined variable: data F:\bookstore\Application\Runtime\Cache\Home\1c20a0eb6aa677374e354048a482c75a.php 第 209 行.
INFO: Run Behavior\ParseTemplateBehavior [ RunTime:0.023103s ]
INFO: [ view_parse ] --END-- [ RunTime:0.023194s ]
INFO: [ view_filter ] --START--
INFO: Run Behavior\WriteHtmlCacheBehavior [ RunTime:0.000442s ]
INFO: [ view_filter ] --END-- [ RunTime:0.000506s ]
INFO: [ app_end ] --START--
INFO: Run Behavior\ShowPageTraceBehavior [ RunTime:0.000789s ]
INFO: [ app_end ] --END-- [ RunTime:0.000878s ]

[ 2016-10-16T21:33:36+08:00 ] 127.0.0.1 /Main/Verify.html
INFO: [ app_init ] --START--
INFO: Run Behavior\BuildLiteBehavior [ RunTime:0.000029s ]
INFO: [ app_init ] --END-- [ RunTime:0.000836s ]
INFO: [ app_begin ] --START--
INFO: Run Behavior\ReadHtmlCacheBehavior [ RunTime:0.001609s ]
INFO: [ app_begin ] --END-- [ RunTime:0.001820s ]
INFO: [ app_end ] --START--
INFO: Run Behavior\ShowPageTraceBehavior [ RunTime:0.000963s ]
INFO: [ app_end ] --END-- [ RunTime:0.001112s ]

[ 2016-10-16T21:33:36+08:00 ] 127.0.0.1 /Register/Verify.html
INFO: [ app_init ] --START--
INFO: Run Behavior\BuildLiteBehavior [ RunTime:0.000032s ]
INFO: [ app_init ] --END-- [ RunTime:0.000841s ]
INFO: [ app_begin ] --START--
INFO: Run Behavior\ReadHtmlCacheBehavior [ RunTime:0.000913s ]
INFO: [ app_begin ] --END-- [ RunTime:0.001043s ]
INFO: [ app_end ] --START--
INFO: Run Behavior\ShowPageTraceBehavior [ RunTime:0.004944s ]
INFO: [ app_end ] --END-- [ RunTime:0.005117s ]

[ 2016-10-16T21:33:47+08:00 ] 127.0.0.1 /Home/Main/index/show/1
INFO: [ app_init ] --START--
INFO: Run Behavior\BuildLiteBehavior [ RunTime:0.000029s ]
INFO: [ app_init ] --END-- [ RunTime:0.000952s ]
INFO: [ app_begin ] --START--
INFO: Run Behavior\ReadHtmlCacheBehavior [ RunTime:0.001220s ]
INFO: [ app_begin ] --END-- [ RunTime:0.001351s ]
SQL: SHOW COLUMNS FROM `bs_book` [ RunTime:0.0061s ]
SQL: SHOW COLUMNS FROM `bs_category` [ RunTime:0.0053s ]
SQL: SELECT * FROM `bs_category`  [ RunTime:0.0006s ]
SQL: SELECT `book_id`,`book_name` FROM `bs_book` ORDER BY download_times desc LIMIT 0,4   [ RunTime:0.0005s ]
SQL: SELECT `book_id`,`book_name` FROM `bs_book` ORDER BY isgood desc LIMIT 0,4   [ RunTime:0.0005s ]
SQL: SELECT `book_id`,`book_name` FROM `bs_book` WHERE ( cat_id in (1,2,3,5,6,7) ) ORDER BY isgood desc LIMIT 0,6   [ RunTime:0.0005s ]
SQL: SELECT `book_id`,`book_name` FROM `bs_book` WHERE ( cat_id in (4,7) ) ORDER BY isgood desc LIMIT 0,6   [ RunTime:0.0005s ]
SQL: SELECT * FROM `bs_book` WHERE ( is_show=1 ) ORDER BY download_times desc LIMIT 0,6   [ RunTime:0.0006s ]
SQL: SELECT COUNT(*) AS tp_count FROM `bs_book` WHERE ( is_show=1 ) LIMIT 1   [ RunTime:0.0005s ]
INFO: [ view_parse ] --START--
INFO: [ template_filter ] --START--
INFO: Run Behavior\ContentReplaceBehavior [ RunTime:0.000420s ]
INFO: [ template_filter ] --END-- [ RunTime:0.000558s ]
NOTIC: [8] Undefined variable: data F:\bookstore\Application\Runtime\Cache\Home\7caeb51c0b49554d06e6411062e36c44.php 第 208 行.
NOTIC: [8] Undefined variable: data F:\bookstore\Application\Runtime\Cache\Home\7caeb51c0b49554d06e6411062e36c44.php 第 209 行.
NOTIC: [8] Undefined variable: data F:\bookstore\Application\Runtime\Cache\Home\7caeb51c0b49554d06e6411062e36c44.php 第 209 行.
INFO: Run Behavior\ParseTemplateBehavior [ RunTime:0.039003s ]
INFO: [ view_parse ] --END-- [ RunTime:0.039222s ]
INFO: [ view_filter ] --START--
INFO: Run Behavior\WriteHtmlCacheBehavior [ RunTime:0.000895s ]
INFO: [ view_filter ] --END-- [ RunTime:0.001004s ]
INFO: [ app_end ] --START--
INFO: Run Behavior\ShowPageTraceBehavior [ RunTime:0.002224s ]
INFO: [ app_end ] --END-- [ RunTime:0.002425s ]

[ 2016-10-16T21:33:47+08:00 ] 127.0.0.1 /Main/Verify.html
INFO: [ app_init ] --START--
INFO: Run Behavior\BuildLiteBehavior [ RunTime:0.000030s ]
INFO: [ app_init ] --END-- [ RunTime:0.001813s ]
INFO: [ app_begin ] --START--
INFO: Run Behavior\ReadHtmlCacheBehavior [ RunTime:0.001704s ]
INFO: [ app_begin ] --END-- [ RunTime:0.001854s ]
INFO: [ app_end ] --START--
INFO: Run Behavior\ShowPageTraceBehavior [ RunTime:0.001287s ]
INFO: [ app_end ] --END-- [ RunTime:0.001437s ]

[ 2016-10-16T21:33:47+08:00 ] 127.0.0.1 /Register/Verify.html
INFO: [ app_init ] --START--
INFO: Run Behavior\BuildLiteBehavior [ RunTime:0.000119s ]
INFO: [ app_init ] --END-- [ RunTime:0.001261s ]
INFO: [ app_begin ] --START--
INFO: Run Behavior\ReadHtmlCacheBehavior [ RunTime:0.000785s ]
INFO: [ app_begin ] --END-- [ RunTime:0.000901s ]
INFO: [ app_end ] --START--
INFO: Run Behavior\ShowPageTraceBehavior [ RunTime:0.001624s ]
INFO: [ app_end ] --END-- [ RunTime:0.001779s ]

[ 2016-10-16T21:33:48+08:00 ] 127.0.0.1 /Home/Main/index/show/2
INFO: [ app_init ] --START--
INFO: Run Behavior\BuildLiteBehavior [ RunTime:0.000046s ]
INFO: [ app_init ] --END-- [ RunTime:0.001701s ]
INFO: [ app_begin ] --START--
INFO: Run Behavior\ReadHtmlCacheBehavior [ RunTime:0.000965s ]
INFO: [ app_begin ] --END-- [ RunTime:0.001106s ]
SQL: SHOW COLUMNS FROM `bs_book` [ RunTime:0.0046s ]
SQL: SHOW COLUMNS FROM `bs_category` [ RunTime:0.0043s ]
SQL: SELECT * FROM `bs_category`  [ RunTime:0.0004s ]
SQL: SELECT `book_id`,`book_name` FROM `bs_book` ORDER BY download_times desc LIMIT 0,4   [ RunTime:0.0003s ]
SQL: SELECT `book_id`,`book_name` FROM `bs_book` ORDER BY isgood desc LIMIT 0,4   [ RunTime:0.0002s ]
SQL: SELECT `book_id`,`book_name` FROM `bs_book` WHERE ( cat_id in (1,2,3,5,6,7) ) ORDER BY isgood desc LIMIT 0,6   [ RunTime:0.0003s ]
SQL: SELECT `book_id`,`book_name` FROM `bs_book` WHERE ( cat_id in (4,7) ) ORDER BY isgood desc LIMIT 0,6   [ RunTime:0.0003s ]
SQL: SELECT * FROM `bs_book` WHERE ( is_show=1 ) ORDER BY isgood desc LIMIT 0,6   [ RunTime:0.0003s ]
SQL: SELECT COUNT(*) AS tp_count FROM `bs_book` WHERE ( is_show=1 ) LIMIT 1   [ RunTime:0.0002s ]
INFO: [ view_parse ] --START--
INFO: [ template_filter ] --START--
INFO: Run Behavior\ContentReplaceBehavior [ RunTime:0.000446s ]
INFO: [ template_filter ] --END-- [ RunTime:0.000567s ]
NOTIC: [8] Undefined variable: data F:\bookstore\Application\Runtime\Cache\Home\7caeb51c0b49554d06e6411062e36c44.php 第 208 行.
NOTIC: [8] Undefined variable: data F:\bookstore\Application\Runtime\Cache\Home\7caeb51c0b49554d06e6411062e36c44.php 第 209 行.
NOTIC: [8] Undefined variable: data F:\bookstore\Application\Runtime\Cache\Home\7caeb51c0b49554d06e6411062e36c44.php 第 209 行.
INFO: Run Behavior\ParseTemplateBehavior [ RunTime:0.029544s ]
INFO: [ view_parse ] --END-- [ RunTime:0.029657s ]
INFO: [ view_filter ] --START--
INFO: Run Behavior\WriteHtmlCacheBehavior [ RunTime:0.000606s ]
INFO: [ view_filter ] --END-- [ RunTime:0.000706s ]
INFO: [ app_end ] --START--
INFO: Run Behavior\ShowPageTraceBehavior [ RunTime:0.001135s ]
INFO: [ app_end ] --END-- [ RunTime:0.001245s ]

[ 2016-10-16T21:33:48+08:00 ] 127.0.0.1 /Register/Verify.html
INFO: [ app_init ] --START--
INFO: Run Behavior\BuildLiteBehavior [ RunTime:0.000036s ]
INFO: [ app_init ] --END-- [ RunTime:0.000792s ]
INFO: [ app_begin ] --START--
INFO: Run Behavior\ReadHtmlCacheBehavior [ RunTime:0.001082s ]
INFO: [ app_begin ] --END-- [ RunTime:0.001224s ]
INFO: [ app_end ] --START--
INFO: Run Behavior\ShowPageTraceBehavior [ RunTime:0.001008s ]
INFO: [ app_end ] --END-- [ RunTime:0.001112s ]

[ 2016-10-16T21:33:48+08:00 ] 127.0.0.1 /Main/Verify.html
INFO: [ app_init ] --START--
INFO: Run Behavior\BuildLiteBehavior [ RunTime:0.000027s ]
INFO: [ app_init ] --END-- [ RunTime:0.000754s ]
INFO: [ app_begin ] --START--
INFO: Run Behavior\ReadHtmlCacheBehavior [ RunTime:0.002289s ]
INFO: [ app_begin ] --END-- [ RunTime:0.002510s ]
INFO: [ app_end ] --START--
INFO: Run Behavior\ShowPageTraceBehavior [ RunTime:0.001121s ]
INFO: [ app_end ] --END-- [ RunTime:0.001317s ]

[ 2016-10-16T21:33:58+08:00 ] 127.0.0.1 /User/person.html
INFO: [ app_init ] --START--
INFO: Run Behavior\BuildLiteBehavior [ RunTime:0.000032s ]
INFO: [ app_init ] --END-- [ RunTime:0.001147s ]
INFO: [ app_begin ] --START--
INFO: Run Behavior\ReadHtmlCacheBehavior [ RunTime:0.001109s ]
INFO: [ app_begin ] --END-- [ RunTime:0.001258s ]
INFO: [ view_parse ] --START--
INFO: [ template_filter ] --START--
INFO: Run Behavior\ContentReplaceBehavior [ RunTime:0.000119s ]
INFO: [ template_filter ] --END-- [ RunTime:0.000204s ]
NOTIC: [8] Undefined variable: data F:\bookstore\Application\Runtime\Cache\Home\f8572818f644e2dae72135537b20a8a3.php 第 36 行.
NOTIC: [8] Undefined variable: data F:\bookstore\Application\Runtime\Cache\Home\f8572818f644e2dae72135537b20a8a3.php 第 40 行.
NOTIC: [8] Undefined variable: data F:\bookstore\Application\Runtime\Cache\Home\f8572818f644e2dae72135537b20a8a3.php 第 45 行.
NOTIC: [8] Undefined variable: data F:\bookstore\Application\Runtime\Cache\Home\f8572818f644e2dae72135537b20a8a3.php 第 60 行.
INFO: Run Behavior\ParseTemplateBehavior [ RunTime:0.027344s ]
INFO: [ view_parse ] --END-- [ RunTime:0.027431s ]
INFO: [ view_filter ] --START--
INFO: Run Behavior\WriteHtmlCacheBehavior [ RunTime:0.000606s ]
INFO: [ view_filter ] --END-- [ RunTime:0.000678s ]
INFO: [ app_end ] --START--
INFO: Run Behavior\ShowPageTraceBehavior [ RunTime:0.000898s ]
INFO: [ app_end ] --END-- [ RunTime:0.000973s ]

