[ 2016-10-14T00:48:42+08:00 ] 127.0.0.1 /index.php/Home/Main/index.html
INFO: [ app_init ] --START--
INFO: Run Behavior\BuildLiteBehavior [ RunTime:0.000027s ]
INFO: [ app_init ] --END-- [ RunTime:0.000948s ]
INFO: [ app_begin ] --START--
INFO: Run Behavior\ReadHtmlCacheBehavior [ RunTime:0.001042s ]
INFO: [ app_begin ] --END-- [ RunTime:0.001148s ]
SQL: SHOW COLUMNS FROM `bs_book` [ RunTime:0.0102s ]
SQL: SHOW COLUMNS FROM `bs_category` [ RunTime:0.0095s ]
SQL: SELECT * FROM `bs_category`  [ RunTime:0.0004s ]
SQL: SELECT `book_id`,`book_name` FROM `bs_book` ORDER BY download_times desc LIMIT 0,4   [ RunTime:0.0003s ]
SQL: SELECT `book_id`,`book_name` FROM `bs_book` ORDER BY isgood desc LIMIT 0,4   [ RunTime:0.0003s ]
SQL: SELECT `book_id`,`book_name` FROM `bs_book` WHERE ( cat_id in (1,2,3,5,6,7) ) LIMIT 0,6   [ RunTime:0.0003s ]
SQL: SELECT `book_id`,`book_name` FROM `bs_book` WHERE ( cat_id in (4,7) ) LIMIT 0,6   [ RunTime:0.0002s ]
SQL: SELECT * FROM `bs_book` WHERE ( is_show=1 ) ORDER BY upload_time desc  [ RunTime:0.0003s ]
INFO: [ view_parse ] --START--
INFO: [ template_filter ] --START--
INFO: Run Behavior\ContentReplaceBehavior [ RunTime:0.000264s ]
INFO: [ template_filter ] --END-- [ RunTime:0.000353s ]
NOTIC: [8] Undefined variable: data F:\bookstore\Application\Runtime\Cache\Home\7caeb51c0b49554d06e6411062e36c44.php 第 208 行.
NOTIC: [8] Undefined variable: data F:\bookstore\Application\Runtime\Cache\Home\7caeb51c0b49554d06e6411062e36c44.php 第 209 行.
NOTIC: [8] Undefined variable: data F:\bookstore\Application\Runtime\Cache\Home\7caeb51c0b49554d06e6411062e36c44.php 第 209 行.
INFO: Run Behavior\ParseTemplateBehavior [ RunTime:0.023723s ]
INFO: [ view_parse ] --END-- [ RunTime:0.023813s ]
INFO: [ view_filter ] --START--
INFO: Run Behavior\WriteHtmlCacheBehavior [ RunTime:0.000593s ]
INFO: [ view_filter ] --END-- [ RunTime:0.000664s ]
INFO: [ app_end ] --START--
INFO: Run Behavior\ShowPageTraceBehavior [ RunTime:0.001109s ]
INFO: [ app_end ] --END-- [ RunTime:0.001242s ]

[ 2016-10-14T00:48:42+08:00 ] 127.0.0.1 /index.php/Home/Register/Verify.html
INFO: [ app_init ] --START--
INFO: Run Behavior\BuildLiteBehavior [ RunTime:0.000035s ]
INFO: [ app_init ] --END-- [ RunTime:0.001861s ]
INFO: [ app_begin ] --START--
INFO: Run Behavior\ReadHtmlCacheBehavior [ RunTime:0.000737s ]
INFO: [ app_begin ] --END-- [ RunTime:0.000837s ]
INFO: [ app_end ] --START--
INFO: Run Behavior\ShowPageTraceBehavior [ RunTime:0.001212s ]
INFO: [ app_end ] --END-- [ RunTime:0.001354s ]

[ 2016-10-14T00:48:42+08:00 ] 127.0.0.1 /index.php/Home/Main/Verify.html
INFO: [ app_init ] --START--
INFO: Run Behavior\BuildLiteBehavior [ RunTime:0.000030s ]
INFO: [ app_init ] --END-- [ RunTime:0.000853s ]
INFO: [ app_begin ] --START--
INFO: Run Behavior\ReadHtmlCacheBehavior [ RunTime:0.000998s ]
INFO: [ app_begin ] --END-- [ RunTime:0.001131s ]
INFO: [ app_end ] --START--
INFO: Run Behavior\ShowPageTraceBehavior [ RunTime:0.001147s ]
INFO: [ app_end ] --END-- [ RunTime:0.001304s ]

[ 2016-10-14T01:17:24+08:00 ] 127.0.0.1 /index.php/Home/Main/index.html
INFO: [ app_init ] --START--
INFO: Run Behavior\BuildLiteBehavior [ RunTime:0.000019s ]
INFO: [ app_init ] --END-- [ RunTime:0.000624s ]
INFO: [ app_begin ] --START--
INFO: Run Behavior\ReadHtmlCacheBehavior [ RunTime:0.000776s ]
INFO: [ app_begin ] --END-- [ RunTime:0.000857s ]
SQL: SHOW COLUMNS FROM `bs_book` [ RunTime:0.0097s ]
SQL: SHOW COLUMNS FROM `bs_category` [ RunTime:0.0102s ]
SQL: SELECT * FROM `bs_category`  [ RunTime:0.0003s ]
SQL: SELECT `book_id`,`book_name` FROM `bs_book` ORDER BY download_times desc LIMIT 0,4   [ RunTime:0.0003s ]
SQL: SELECT `book_id`,`book_name` FROM `bs_book` ORDER BY isgood desc LIMIT 0,4   [ RunTime:0.0003s ]
SQL: SELECT `book_id`,`book_name` FROM `bs_book` WHERE ( cat_id in (1,2,3,5,6,7) ) LIMIT 0,6   [ RunTime:0.0003s ]
SQL: SELECT `book_id`,`book_name` FROM `bs_book` WHERE ( cat_id in (4,7) ) LIMIT 0,6   [ RunTime:0.0002s ]
SQL: SELECT * FROM `bs_book` WHERE ( is_show=1 ) ORDER BY upload_time desc  [ RunTime:0.0004s ]
INFO: [ view_parse ] --START--
INFO: [ template_filter ] --START--
INFO: Run Behavior\ContentReplaceBehavior [ RunTime:0.000312s ]
INFO: [ template_filter ] --END-- [ RunTime:0.000433s ]
NOTIC: [8] Undefined variable: data F:\bookstore\Application\Runtime\Cache\Home\7caeb51c0b49554d06e6411062e36c44.php 第 208 行.
NOTIC: [8] Undefined variable: data F:\bookstore\Application\Runtime\Cache\Home\7caeb51c0b49554d06e6411062e36c44.php 第 209 行.
NOTIC: [8] Undefined variable: data F:\bookstore\Application\Runtime\Cache\Home\7caeb51c0b49554d06e6411062e36c44.php 第 209 行.
INFO: Run Behavior\ParseTemplateBehavior [ RunTime:0.027692s ]
INFO: [ view_parse ] --END-- [ RunTime:0.027778s ]
INFO: [ view_filter ] --START--
INFO: Run Behavior\WriteHtmlCacheBehavior [ RunTime:0.000593s ]
INFO: [ view_filter ] --END-- [ RunTime:0.000665s ]
INFO: [ app_end ] --START--
INFO: Run Behavior\ShowPageTraceBehavior [ RunTime:0.001167s ]
INFO: [ app_end ] --END-- [ RunTime:0.001280s ]

[ 2016-10-14T01:17:24+08:00 ] 127.0.0.1 /index.php/Home/Main/Verify.html
INFO: [ app_init ] --START--
INFO: Run Behavior\BuildLiteBehavior [ RunTime:0.000029s ]
INFO: [ app_init ] --END-- [ RunTime:0.000886s ]
INFO: [ app_begin ] --START--
INFO: Run Behavior\ReadHtmlCacheBehavior [ RunTime:0.001449s ]
INFO: [ app_begin ] --END-- [ RunTime:0.001594s ]
INFO: [ app_end ] --START--
INFO: Run Behavior\ShowPageTraceBehavior [ RunTime:0.001147s ]
INFO: [ app_end ] --END-- [ RunTime:0.001321s ]

[ 2016-10-14T01:17:24+08:00 ] 127.0.0.1 /index.php/Home/Register/Verify.html
INFO: [ app_init ] --START--
INFO: Run Behavior\BuildLiteBehavior [ RunTime:0.000034s ]
INFO: [ app_init ] --END-- [ RunTime:0.000913s ]
INFO: [ app_begin ] --START--
INFO: Run Behavior\ReadHtmlCacheBehavior [ RunTime:0.001002s ]
INFO: [ app_begin ] --END-- [ RunTime:0.001142s ]
INFO: [ app_end ] --START--
INFO: Run Behavior\ShowPageTraceBehavior [ RunTime:0.000890s ]
INFO: [ app_end ] --END-- [ RunTime:0.000993s ]

[ 2016-10-14T01:20:16+08:00 ] 127.0.0.1 /index.php/Home/Main/index.html
INFO: [ app_init ] --START--
INFO: Run Behavior\BuildLiteBehavior [ RunTime:0.000019s ]
INFO: [ app_init ] --END-- [ RunTime:0.000518s ]
INFO: [ app_begin ] --START--
INFO: Run Behavior\ReadHtmlCacheBehavior [ RunTime:0.000660s ]
INFO: [ app_begin ] --END-- [ RunTime:0.000747s ]
SQL: SHOW COLUMNS FROM `bs_book` [ RunTime:0.0094s ]
SQL: SHOW COLUMNS FROM `bs_category` [ RunTime:0.0091s ]
SQL: SELECT * FROM `bs_category`  [ RunTime:0.0003s ]
SQL: SELECT `book_id`,`book_name` FROM `bs_book` ORDER BY download_times desc LIMIT 0,4   [ RunTime:0.0002s ]
SQL: SELECT `book_id`,`book_name` FROM `bs_book` ORDER BY isgood desc LIMIT 0,4   [ RunTime:0.0002s ]
SQL: SELECT `book_id`,`book_name` FROM `bs_book` WHERE ( cat_id in (1,2,3,5,6,7) ) LIMIT 0,6   [ RunTime:0.0002s ]
SQL: SELECT `book_id`,`book_name` FROM `bs_book` WHERE ( cat_id in (4,7) ) LIMIT 0,6   [ RunTime:0.0002s ]
SQL: SELECT * FROM `bs_book` WHERE ( is_show=1 ) ORDER BY upload_time desc  [ RunTime:0.0003s ]
INFO: [ view_parse ] --START--
INFO: [ template_filter ] --START--
INFO: Run Behavior\ContentReplaceBehavior [ RunTime:0.000274s ]
INFO: [ template_filter ] --END-- [ RunTime:0.000367s ]
NOTIC: [8] Undefined variable: data F:\bookstore\Application\Runtime\Cache\Home\7caeb51c0b49554d06e6411062e36c44.php 第 208 行.
NOTIC: [8] Undefined variable: data F:\bookstore\Application\Runtime\Cache\Home\7caeb51c0b49554d06e6411062e36c44.php 第 209 行.
NOTIC: [8] Undefined variable: data F:\bookstore\Application\Runtime\Cache\Home\7caeb51c0b49554d06e6411062e36c44.php 第 209 行.
INFO: Run Behavior\ParseTemplateBehavior [ RunTime:0.026406s ]
INFO: [ view_parse ] --END-- [ RunTime:0.026491s ]
INFO: [ view_filter ] --START--
INFO: Run Behavior\WriteHtmlCacheBehavior [ RunTime:0.000410s ]
INFO: [ view_filter ] --END-- [ RunTime:0.000476s ]
INFO: [ app_end ] --START--
INFO: Run Behavior\ShowPageTraceBehavior [ RunTime:0.001030s ]
INFO: [ app_end ] --END-- [ RunTime:0.001152s ]

[ 2016-10-14T01:20:16+08:00 ] 127.0.0.1 /index.php/Home/Main/Verify.html
INFO: [ app_init ] --START--
INFO: Run Behavior\BuildLiteBehavior [ RunTime:0.000033s ]
INFO: [ app_init ] --END-- [ RunTime:0.001013s ]
INFO: [ app_begin ] --START--
INFO: Run Behavior\ReadHtmlCacheBehavior [ RunTime:0.001479s ]
INFO: [ app_begin ] --END-- [ RunTime:0.001627s ]
INFO: [ app_end ] --START--
INFO: Run Behavior\ShowPageTraceBehavior [ RunTime:0.001233s ]
INFO: [ app_end ] --END-- [ RunTime:0.001438s ]

[ 2016-10-14T01:20:16+08:00 ] 127.0.0.1 /index.php/Home/Register/Verify.html
INFO: [ app_init ] --START--
INFO: Run Behavior\BuildLiteBehavior [ RunTime:0.000035s ]
INFO: [ app_init ] --END-- [ RunTime:0.001829s ]
INFO: [ app_begin ] --START--
INFO: Run Behavior\ReadHtmlCacheBehavior [ RunTime:0.001749s ]
INFO: [ app_begin ] --END-- [ RunTime:0.002203s ]
INFO: [ app_end ] --START--
INFO: Run Behavior\ShowPageTraceBehavior [ RunTime:0.000814s ]
INFO: [ app_end ] --END-- [ RunTime:0.000915s ]

[ 2016-10-14T01:27:24+08:00 ] 127.0.0.1 /index.php/Home/Main/index.html
INFO: [ app_init ] --START--
INFO: Run Behavior\BuildLiteBehavior [ RunTime:0.000032s ]
INFO: [ app_init ] --END-- [ RunTime:0.001185s ]
INFO: [ app_begin ] --START--
INFO: Run Behavior\ReadHtmlCacheBehavior [ RunTime:0.001413s ]
INFO: [ app_begin ] --END-- [ RunTime:0.001630s ]
SQL: SHOW COLUMNS FROM `bs_book` [ RunTime:0.0095s ]
SQL: SHOW COLUMNS FROM `bs_category` [ RunTime:0.0085s ]
SQL: SELECT * FROM `bs_category`  [ RunTime:0.0003s ]
SQL: SELECT `book_id`,`book_name` FROM `bs_book` ORDER BY download_times desc LIMIT 0,4   [ RunTime:0.0002s ]
SQL: SELECT `book_id`,`book_name` FROM `bs_book` ORDER BY isgood desc LIMIT 0,4   [ RunTime:0.0002s ]
SQL: SELECT `book_id`,`book_name` FROM `bs_book` WHERE ( cat_id in (1,2,3,5,6,7) ) LIMIT 0,6   [ RunTime:0.0002s ]
SQL: SELECT `book_id`,`book_name` FROM `bs_book` WHERE ( cat_id in (4,7) ) LIMIT 0,6   [ RunTime:0.0002s ]
SQL: SELECT * FROM `bs_book` WHERE ( is_show=1 ) ORDER BY upload_time desc  [ RunTime:0.0003s ]
INFO: [ view_parse ] --START--
INFO: [ template_filter ] --START--
INFO: Run Behavior\ContentReplaceBehavior [ RunTime:0.000275s ]
INFO: [ template_filter ] --END-- [ RunTime:0.000367s ]
NOTIC: [8] Undefined variable: data F:\bookstore\Application\Runtime\Cache\Home\7caeb51c0b49554d06e6411062e36c44.php 第 208 行.
NOTIC: [8] Undefined variable: data F:\bookstore\Application\Runtime\Cache\Home\7caeb51c0b49554d06e6411062e36c44.php 第 209 行.
NOTIC: [8] Undefined variable: data F:\bookstore\Application\Runtime\Cache\Home\7caeb51c0b49554d06e6411062e36c44.php 第 209 行.
INFO: Run Behavior\ParseTemplateBehavior [ RunTime:0.024038s ]
INFO: [ view_parse ] --END-- [ RunTime:0.024121s ]
INFO: [ view_filter ] --START--
INFO: Run Behavior\WriteHtmlCacheBehavior [ RunTime:0.000392s ]
INFO: [ view_filter ] --END-- [ RunTime:0.000457s ]
INFO: [ app_end ] --START--
INFO: Run Behavior\ShowPageTraceBehavior [ RunTime:0.001022s ]
INFO: [ app_end ] --END-- [ RunTime:0.001145s ]

[ 2016-10-14T01:27:24+08:00 ] 127.0.0.1 /index.php/Home/Main/Verify.html
INFO: [ app_init ] --START--
INFO: Run Behavior\BuildLiteBehavior [ RunTime:0.000021s ]
INFO: [ app_init ] --END-- [ RunTime:0.000637s ]
INFO: [ app_begin ] --START--
INFO: Run Behavior\ReadHtmlCacheBehavior [ RunTime:0.001068s ]
INFO: [ app_begin ] --END-- [ RunTime:0.001286s ]
INFO: [ app_end ] --START--
INFO: Run Behavior\ShowPageTraceBehavior [ RunTime:0.001275s ]
INFO: [ app_end ] --END-- [ RunTime:0.001430s ]

[ 2016-10-14T01:27:24+08:00 ] 127.0.0.1 /index.php/Home/Register/Verify.html
INFO: [ app_init ] --START--
INFO: Run Behavior\BuildLiteBehavior [ RunTime:0.000019s ]
INFO: [ app_init ] --END-- [ RunTime:0.000517s ]
INFO: [ app_begin ] --START--
INFO: Run Behavior\ReadHtmlCacheBehavior [ RunTime:0.001065s ]
INFO: [ app_begin ] --END-- [ RunTime:0.001201s ]
INFO: [ app_end ] --START--
INFO: Run Behavior\ShowPageTraceBehavior [ RunTime:0.000851s ]
INFO: [ app_end ] --END-- [ RunTime:0.000977s ]

[ 2016-10-14T08:50:56+08:00 ] 127.0.0.1 /index.php/Home/Main/index.html
INFO: [ app_init ] --START--
INFO: Run Behavior\BuildLiteBehavior [ RunTime:0.000019s ]
INFO: [ app_init ] --END-- [ RunTime:0.000607s ]
INFO: [ app_begin ] --START--
INFO: Run Behavior\ReadHtmlCacheBehavior [ RunTime:0.002344s ]
INFO: [ app_begin ] --END-- [ RunTime:0.002597s ]
SQL: SHOW COLUMNS FROM `bs_book` [ RunTime:0.0635s ]
SQL: SHOW COLUMNS FROM `bs_category` [ RunTime:0.0460s ]
SQL: SELECT * FROM `bs_category`  [ RunTime:0.0008s ]
SQL: SELECT `book_id`,`book_name` FROM `bs_book` ORDER BY download_times desc LIMIT 0,4   [ RunTime:0.0007s ]
SQL: SELECT `book_id`,`book_name` FROM `bs_book` ORDER BY isgood desc LIMIT 0,4   [ RunTime:0.0007s ]
SQL: SELECT `book_id`,`book_name` FROM `bs_book` WHERE ( cat_id in (1,2,3,5,6,7) ) LIMIT 0,6   [ RunTime:0.0007s ]
SQL: SELECT `book_id`,`book_name` FROM `bs_book` WHERE ( cat_id in (4,7) ) LIMIT 0,6   [ RunTime:0.0007s ]
SQL: SELECT * FROM `bs_book` WHERE ( is_show=1 ) ORDER BY upload_time desc  [ RunTime:0.0008s ]
INFO: [ view_parse ] --START--
INFO: [ template_filter ] --START--
INFO: Run Behavior\ContentReplaceBehavior [ RunTime:0.000606s ]
INFO: [ template_filter ] --END-- [ RunTime:0.000810s ]
NOTIC: [8] Undefined variable: data F:\bookstore\Application\Runtime\Cache\Home\7caeb51c0b49554d06e6411062e36c44.php 第 208 行.
NOTIC: [8] Undefined variable: data F:\bookstore\Application\Runtime\Cache\Home\7caeb51c0b49554d06e6411062e36c44.php 第 209 行.
NOTIC: [8] Undefined variable: data F:\bookstore\Application\Runtime\Cache\Home\7caeb51c0b49554d06e6411062e36c44.php 第 209 行.
INFO: Run Behavior\ParseTemplateBehavior [ RunTime:0.178655s ]
INFO: [ view_parse ] --END-- [ RunTime:0.178883s ]
INFO: [ view_filter ] --START--
INFO: Run Behavior\WriteHtmlCacheBehavior [ RunTime:0.001311s ]
INFO: [ view_filter ] --END-- [ RunTime:0.001506s ]
INFO: [ app_end ] --START--
INFO: Run Behavior\ShowPageTraceBehavior [ RunTime:0.004338s ]
INFO: [ app_end ] --END-- [ RunTime:0.004598s ]

[ 2016-10-14T08:50:57+08:00 ] 127.0.0.1 /index.php/Home/Register/Verify.html
INFO: [ app_init ] --START--
INFO: Run Behavior\BuildLiteBehavior [ RunTime:0.000017s ]
INFO: [ app_init ] --END-- [ RunTime:0.000507s ]
INFO: [ app_begin ] --START--
INFO: Run Behavior\ReadHtmlCacheBehavior [ RunTime:0.000669s ]
INFO: [ app_begin ] --END-- [ RunTime:0.000749s ]
INFO: [ app_end ] --START--
INFO: Run Behavior\ShowPageTraceBehavior [ RunTime:0.002814s ]
INFO: [ app_end ] --END-- [ RunTime:0.003216s ]

[ 2016-10-14T08:50:57+08:00 ] 127.0.0.1 /index.php/Home/Main/Verify.html
INFO: [ app_init ] --START--
INFO: Run Behavior\BuildLiteBehavior [ RunTime:0.000020s ]
INFO: [ app_init ] --END-- [ RunTime:0.000606s ]
INFO: [ app_begin ] --START--
INFO: Run Behavior\ReadHtmlCacheBehavior [ RunTime:0.000805s ]
INFO: [ app_begin ] --END-- [ RunTime:0.000890s ]
INFO: [ app_end ] --START--
INFO: Run Behavior\ShowPageTraceBehavior [ RunTime:0.002005s ]
INFO: [ app_end ] --END-- [ RunTime:0.002222s ]

[ 2016-10-14T08:55:41+08:00 ] 127.0.0.1 /index.php/Home/Main/index.html
INFO: [ app_init ] --START--
INFO: Run Behavior\BuildLiteBehavior [ RunTime:0.000021s ]
INFO: [ app_init ] --END-- [ RunTime:0.000583s ]
INFO: [ app_begin ] --START--
INFO: Run Behavior\ReadHtmlCacheBehavior [ RunTime:0.000704s ]
INFO: [ app_begin ] --END-- [ RunTime:0.000780s ]
SQL: SHOW COLUMNS FROM `bs_book` [ RunTime:0.0045s ]
SQL: SHOW COLUMNS FROM `bs_category` [ RunTime:0.0032s ]
SQL: SELECT * FROM `bs_category`  [ RunTime:0.0003s ]
SQL: SELECT `book_id`,`book_name` FROM `bs_book` ORDER BY download_times desc LIMIT 0,4   [ RunTime:0.0002s ]
SQL: SELECT `book_id`,`book_name` FROM `bs_book` ORDER BY isgood desc LIMIT 0,4   [ RunTime:0.0002s ]
SQL: SELECT `book_id`,`book_name` FROM `bs_book` WHERE ( cat_id in (1,2,3,5,6,7) ) LIMIT 0,6   [ RunTime:0.0002s ]
SQL: SELECT `book_id`,`book_name` FROM `bs_book` WHERE ( cat_id in (4,7) ) LIMIT 0,6   [ RunTime:0.0002s ]
SQL: SELECT * FROM `bs_book` WHERE ( is_show=1 ) ORDER BY upload_time desc  [ RunTime:0.0003s ]
INFO: [ view_parse ] --START--
INFO: [ template_filter ] --START--
INFO: Run Behavior\ContentReplaceBehavior [ RunTime:0.000267s ]
INFO: [ template_filter ] --END-- [ RunTime:0.000352s ]
NOTIC: [8] Undefined variable: data F:\bookstore\Application\Runtime\Cache\Home\7caeb51c0b49554d06e6411062e36c44.php 第 208 行.
NOTIC: [8] Undefined variable: data F:\bookstore\Application\Runtime\Cache\Home\7caeb51c0b49554d06e6411062e36c44.php 第 209 行.
NOTIC: [8] Undefined variable: data F:\bookstore\Application\Runtime\Cache\Home\7caeb51c0b49554d06e6411062e36c44.php 第 209 行.
INFO: Run Behavior\ParseTemplateBehavior [ RunTime:0.021184s ]
INFO: [ view_parse ] --END-- [ RunTime:0.021266s ]
INFO: [ view_filter ] --START--
INFO: Run Behavior\WriteHtmlCacheBehavior [ RunTime:0.000470s ]
INFO: [ view_filter ] --END-- [ RunTime:0.000537s ]
INFO: [ app_end ] --START--
INFO: Run Behavior\ShowPageTraceBehavior [ RunTime:0.001200s ]
INFO: [ app_end ] --END-- [ RunTime:0.001327s ]

[ 2016-10-14T08:55:41+08:00 ] 127.0.0.1 /index.php/Home/Main/Verify.html
INFO: [ app_init ] --START--
INFO: Run Behavior\BuildLiteBehavior [ RunTime:0.000030s ]
INFO: [ app_init ] --END-- [ RunTime:0.000751s ]
INFO: [ app_begin ] --START--
INFO: Run Behavior\ReadHtmlCacheBehavior [ RunTime:0.001136s ]
INFO: [ app_begin ] --END-- [ RunTime:0.001278s ]
INFO: [ app_end ] --START--
INFO: Run Behavior\ShowPageTraceBehavior [ RunTime:0.000891s ]
INFO: [ app_end ] --END-- [ RunTime:0.001036s ]

[ 2016-10-14T08:55:41+08:00 ] 127.0.0.1 /index.php/Home/Register/Verify.html
INFO: [ app_init ] --START--
INFO: Run Behavior\BuildLiteBehavior [ RunTime:0.000034s ]
INFO: [ app_init ] --END-- [ RunTime:0.000809s ]
INFO: [ app_begin ] --START--
INFO: Run Behavior\ReadHtmlCacheBehavior [ RunTime:0.001063s ]
INFO: [ app_begin ] --END-- [ RunTime:0.001198s ]
INFO: [ app_end ] --START--
INFO: Run Behavior\ShowPageTraceBehavior [ RunTime:0.000875s ]
INFO: [ app_end ] --END-- [ RunTime:0.000975s ]

[ 2016-10-14T09:06:49+08:00 ] 127.0.0.1 /index.php/Home/Main/index.html
INFO: [ app_init ] --START--
INFO: Run Behavior\BuildLiteBehavior [ RunTime:0.000019s ]
INFO: [ app_init ] --END-- [ RunTime:0.000520s ]
INFO: [ app_begin ] --START--
INFO: Run Behavior\ReadHtmlCacheBehavior [ RunTime:0.000984s ]
INFO: [ app_begin ] --END-- [ RunTime:0.001118s ]
SQL: SHOW COLUMNS FROM `bs_book` [ RunTime:0.0040s ]
SQL: SHOW COLUMNS FROM `bs_category` [ RunTime:0.0033s ]
SQL: SELECT * FROM `bs_category`  [ RunTime:0.0003s ]
SQL: SELECT `book_id`,`book_name` FROM `bs_book` ORDER BY download_times desc LIMIT 0,4   [ RunTime:0.0002s ]
SQL: SELECT `book_id`,`book_name` FROM `bs_book` ORDER BY isgood desc LIMIT 0,4   [ RunTime:0.0002s ]
SQL: SELECT `book_id`,`book_name` FROM `bs_book` WHERE ( cat_id in (1,2,3,5,6,7) ) LIMIT 0,6   [ RunTime:0.0002s ]
SQL: SELECT `book_id`,`book_name` FROM `bs_book` WHERE ( cat_id in (4,7) ) LIMIT 0,6   [ RunTime:0.0002s ]
SQL: SELECT * FROM `bs_book` WHERE ( is_show=1 ) ORDER BY upload_time desc  [ RunTime:0.0003s ]
INFO: [ view_parse ] --START--
INFO: [ template_filter ] --START--
INFO: Run Behavior\ContentReplaceBehavior [ RunTime:0.000264s ]
INFO: [ template_filter ] --END-- [ RunTime:0.000355s ]
NOTIC: [8] Undefined variable: data F:\bookstore\Application\Runtime\Cache\Home\7caeb51c0b49554d06e6411062e36c44.php 第 208 行.
NOTIC: [8] Undefined variable: data F:\bookstore\Application\Runtime\Cache\Home\7caeb51c0b49554d06e6411062e36c44.php 第 209 行.
NOTIC: [8] Undefined variable: data F:\bookstore\Application\Runtime\Cache\Home\7caeb51c0b49554d06e6411062e36c44.php 第 209 行.
INFO: Run Behavior\ParseTemplateBehavior [ RunTime:0.021556s ]
INFO: [ view_parse ] --END-- [ RunTime:0.021633s ]
INFO: [ view_filter ] --START--
INFO: Run Behavior\WriteHtmlCacheBehavior [ RunTime:0.000449s ]
INFO: [ view_filter ] --END-- [ RunTime:0.000515s ]
INFO: [ app_end ] --START--
INFO: Run Behavior\ShowPageTraceBehavior [ RunTime:0.001292s ]
INFO: [ app_end ] --END-- [ RunTime:0.001427s ]

[ 2016-10-14T09:06:49+08:00 ] 127.0.0.1 /index.php/Home/Main/Verify.html
INFO: [ app_init ] --START--
INFO: Run Behavior\BuildLiteBehavior [ RunTime:0.000028s ]
INFO: [ app_init ] --END-- [ RunTime:0.000762s ]
INFO: [ app_begin ] --START--
INFO: Run Behavior\ReadHtmlCacheBehavior [ RunTime:0.001054s ]
INFO: [ app_begin ] --END-- [ RunTime:0.001191s ]
INFO: [ app_end ] --START--
INFO: Run Behavior\ShowPageTraceBehavior [ RunTime:0.001069s ]
INFO: [ app_end ] --END-- [ RunTime:0.001247s ]

[ 2016-10-14T09:06:49+08:00 ] 127.0.0.1 /index.php/Home/Register/Verify.html
INFO: [ app_init ] --START--
INFO: Run Behavior\BuildLiteBehavior [ RunTime:0.000019s ]
INFO: [ app_init ] --END-- [ RunTime:0.000560s ]
INFO: [ app_begin ] --START--
INFO: Run Behavior\ReadHtmlCacheBehavior [ RunTime:0.000917s ]
INFO: [ app_begin ] --END-- [ RunTime:0.001027s ]
INFO: [ app_end ] --START--
INFO: Run Behavior\ShowPageTraceBehavior [ RunTime:0.000900s ]
INFO: [ app_end ] --END-- [ RunTime:0.000999s ]

[ 2016-10-14T09:13:45+08:00 ] 127.0.0.1 /index.php/Home/Main/index.html
INFO: [ app_init ] --START--
INFO: Run Behavior\BuildLiteBehavior [ RunTime:0.000020s ]
INFO: [ app_init ] --END-- [ RunTime:0.000628s ]
INFO: [ app_begin ] --START--
INFO: Run Behavior\ReadHtmlCacheBehavior [ RunTime:0.000723s ]
INFO: [ app_begin ] --END-- [ RunTime:0.000801s ]
SQL: SHOW COLUMNS FROM `bs_book` [ RunTime:0.0059s ]
SQL: SHOW COLUMNS FROM `bs_category` [ RunTime:0.0042s ]
SQL: SELECT * FROM `bs_category`  [ RunTime:0.0003s ]
SQL: SELECT `book_id`,`book_name` FROM `bs_book` ORDER BY download_times desc LIMIT 0,4   [ RunTime:0.0002s ]
SQL: SELECT `book_id`,`book_name` FROM `bs_book` ORDER BY isgood desc LIMIT 0,4   [ RunTime:0.0002s ]
SQL: SELECT `book_id`,`book_name` FROM `bs_book` WHERE ( cat_id in (1,2,3,5,6,7) ) LIMIT 0,6   [ RunTime:0.0002s ]
SQL: SELECT `book_id`,`book_name` FROM `bs_book` WHERE ( cat_id in (4,7) ) LIMIT 0,6   [ RunTime:0.0002s ]
SQL: SELECT * FROM `bs_book` WHERE ( is_show=1 ) ORDER BY upload_time desc  [ RunTime:0.0003s ]
INFO: [ view_parse ] --START--
INFO: [ template_filter ] --START--
INFO: Run Behavior\ContentReplaceBehavior [ RunTime:0.000415s ]
INFO: [ template_filter ] --END-- [ RunTime:0.000556s ]
NOTIC: [8] Undefined variable: data F:\bookstore\Application\Runtime\Cache\Home\7caeb51c0b49554d06e6411062e36c44.php 第 208 行.
NOTIC: [8] Undefined variable: data F:\bookstore\Application\Runtime\Cache\Home\7caeb51c0b49554d06e6411062e36c44.php 第 209 行.
NOTIC: [8] Undefined variable: data F:\bookstore\Application\Runtime\Cache\Home\7caeb51c0b49554d06e6411062e36c44.php 第 209 行.
INFO: Run Behavior\ParseTemplateBehavior [ RunTime:0.022639s ]
INFO: [ view_parse ] --END-- [ RunTime:0.022717s ]
INFO: [ view_filter ] --START--
INFO: Run Behavior\WriteHtmlCacheBehavior [ RunTime:0.000391s ]
INFO: [ view_filter ] --END-- [ RunTime:0.000456s ]
INFO: [ app_end ] --START--
INFO: Run Behavior\ShowPageTraceBehavior [ RunTime:0.001086s ]
INFO: [ app_end ] --END-- [ RunTime:0.001211s ]

[ 2016-10-14T09:13:45+08:00 ] 127.0.0.1 /index.php/Home/Main/Verify.html
INFO: [ app_init ] --START--
INFO: Run Behavior\BuildLiteBehavior [ RunTime:0.000033s ]
INFO: [ app_init ] --END-- [ RunTime:0.000776s ]
INFO: [ app_begin ] --START--
INFO: Run Behavior\ReadHtmlCacheBehavior [ RunTime:0.001108s ]
INFO: [ app_begin ] --END-- [ RunTime:0.001241s ]
INFO: [ app_end ] --START--
INFO: Run Behavior\ShowPageTraceBehavior [ RunTime:0.001018s ]
INFO: [ app_end ] --END-- [ RunTime:0.001174s ]

[ 2016-10-14T09:13:45+08:00 ] 127.0.0.1 /index.php/Home/Register/Verify.html
INFO: [ app_init ] --START--
INFO: Run Behavior\BuildLiteBehavior [ RunTime:0.000034s ]
INFO: [ app_init ] --END-- [ RunTime:0.000849s ]
INFO: [ app_begin ] --START--
INFO: Run Behavior\ReadHtmlCacheBehavior [ RunTime:0.001095s ]
INFO: [ app_begin ] --END-- [ RunTime:0.001250s ]
INFO: [ app_end ] --START--
INFO: Run Behavior\ShowPageTraceBehavior [ RunTime:0.000919s ]
INFO: [ app_end ] --END-- [ RunTime:0.001022s ]

[ 2016-10-14T09:13:57+08:00 ] 127.0.0.1 /index.php/Home/Main/index.html
INFO: [ app_init ] --START--
INFO: Run Behavior\BuildLiteBehavior [ RunTime:0.000019s ]
INFO: [ app_init ] --END-- [ RunTime:0.000479s ]
INFO: [ app_begin ] --START--
INFO: Run Behavior\ReadHtmlCacheBehavior [ RunTime:0.000629s ]
INFO: [ app_begin ] --END-- [ RunTime:0.000705s ]
SQL: SHOW COLUMNS FROM `bs_book` [ RunTime:0.0039s ]
SQL: SHOW COLUMNS FROM `bs_category` [ RunTime:0.0045s ]
SQL: SELECT * FROM `bs_category`  [ RunTime:0.0003s ]
SQL: SELECT `book_id`,`book_name` FROM `bs_book` ORDER BY download_times desc LIMIT 0,4   [ RunTime:0.0002s ]
SQL: SELECT `book_id`,`book_name` FROM `bs_book` ORDER BY isgood desc LIMIT 0,4   [ RunTime:0.0002s ]
SQL: SELECT `book_id`,`book_name` FROM `bs_book` WHERE ( cat_id in (1,2,3,5,6,7) ) LIMIT 0,6   [ RunTime:0.0002s ]
SQL: SELECT `book_id`,`book_name` FROM `bs_book` WHERE ( cat_id in (4,7) ) LIMIT 0,6   [ RunTime:0.0002s ]
SQL: SELECT * FROM `bs_book` WHERE ( is_show=1 ) ORDER BY upload_time desc  [ RunTime:0.0003s ]
INFO: [ view_parse ] --START--
INFO: [ template_filter ] --START--
INFO: Run Behavior\ContentReplaceBehavior [ RunTime:0.000266s ]
INFO: [ template_filter ] --END-- [ RunTime:0.000352s ]
NOTIC: [8] Undefined variable: data F:\bookstore\Application\Runtime\Cache\Home\7caeb51c0b49554d06e6411062e36c44.php 第 208 行.
NOTIC: [8] Undefined variable: data F:\bookstore\Application\Runtime\Cache\Home\7caeb51c0b49554d06e6411062e36c44.php 第 209 行.
NOTIC: [8] Undefined variable: data F:\bookstore\Application\Runtime\Cache\Home\7caeb51c0b49554d06e6411062e36c44.php 第 209 行.
INFO: Run Behavior\ParseTemplateBehavior [ RunTime:0.021514s ]
INFO: [ view_parse ] --END-- [ RunTime:0.021635s ]
INFO: [ view_filter ] --START--
INFO: Run Behavior\WriteHtmlCacheBehavior [ RunTime:0.000417s ]
INFO: [ view_filter ] --END-- [ RunTime:0.000485s ]
INFO: [ app_end ] --START--
INFO: Run Behavior\ShowPageTraceBehavior [ RunTime:0.000996s ]
INFO: [ app_end ] --END-- [ RunTime:0.001130s ]

[ 2016-10-14T09:13:57+08:00 ] 127.0.0.1 /index.php/Home/Main/Verify.html
INFO: [ app_init ] --START--
INFO: Run Behavior\BuildLiteBehavior [ RunTime:0.000060s ]
INFO: [ app_init ] --END-- [ RunTime:0.001086s ]
INFO: [ app_begin ] --START--
INFO: Run Behavior\ReadHtmlCacheBehavior [ RunTime:0.000967s ]
INFO: [ app_begin ] --END-- [ RunTime:0.001098s ]
INFO: [ app_end ] --START--
INFO: Run Behavior\ShowPageTraceBehavior [ RunTime:0.000755s ]
INFO: [ app_end ] --END-- [ RunTime:0.000867s ]

[ 2016-10-14T09:13:57+08:00 ] 127.0.0.1 /index.php/Home/Register/Verify.html
INFO: [ app_init ] --START--
INFO: Run Behavior\BuildLiteBehavior [ RunTime:0.000022s ]
INFO: [ app_init ] --END-- [ RunTime:0.000714s ]
INFO: [ app_begin ] --START--
INFO: Run Behavior\ReadHtmlCacheBehavior [ RunTime:0.001107s ]
INFO: [ app_begin ] --END-- [ RunTime:0.001238s ]
INFO: [ app_end ] --START--
INFO: Run Behavior\ShowPageTraceBehavior [ RunTime:0.000913s ]
INFO: [ app_end ] --END-- [ RunTime:0.001008s ]

[ 2016-10-14T09:14:53+08:00 ] 127.0.0.1 /index.php/Home/Main/index.html
INFO: [ app_init ] --START--
INFO: Run Behavior\BuildLiteBehavior [ RunTime:0.000019s ]
INFO: [ app_init ] --END-- [ RunTime:0.000524s ]
INFO: [ app_begin ] --START--
INFO: Run Behavior\ReadHtmlCacheBehavior [ RunTime:0.000731s ]
INFO: [ app_begin ] --END-- [ RunTime:0.000807s ]
SQL: SHOW COLUMNS FROM `bs_book` [ RunTime:0.0050s ]
SQL: SHOW COLUMNS FROM `bs_category` [ RunTime:0.0033s ]
SQL: SELECT * FROM `bs_category`  [ RunTime:0.0003s ]
SQL: SELECT `book_id`,`book_name` FROM `bs_book` ORDER BY download_times desc LIMIT 0,4   [ RunTime:0.0004s ]
SQL: SELECT `book_id`,`book_name` FROM `bs_book` ORDER BY isgood desc LIMIT 0,4   [ RunTime:0.0003s ]
SQL: SELECT `book_id`,`book_name` FROM `bs_book` WHERE ( cat_id in (1,2,3,5,6,7) ) LIMIT 0,6   [ RunTime:0.0004s ]
SQL: SELECT `book_id`,`book_name` FROM `bs_book` WHERE ( cat_id in (4,7) ) LIMIT 0,6   [ RunTime:0.0002s ]
SQL: SELECT * FROM `bs_book` WHERE ( is_show=1 ) ORDER BY upload_time desc  [ RunTime:0.0003s ]
INFO: [ view_parse ] --START--
INFO: [ template_filter ] --START--
INFO: Run Behavior\ContentReplaceBehavior [ RunTime:0.000270s ]
INFO: [ template_filter ] --END-- [ RunTime:0.000360s ]
NOTIC: [8] Undefined variable: data F:\bookstore\Application\Runtime\Cache\Home\7caeb51c0b49554d06e6411062e36c44.php 第 208 行.
NOTIC: [8] Undefined variable: data F:\bookstore\Application\Runtime\Cache\Home\7caeb51c0b49554d06e6411062e36c44.php 第 209 行.
NOTIC: [8] Undefined variable: data F:\bookstore\Application\Runtime\Cache\Home\7caeb51c0b49554d06e6411062e36c44.php 第 209 行.
INFO: Run Behavior\ParseTemplateBehavior [ RunTime:0.021437s ]
INFO: [ view_parse ] --END-- [ RunTime:0.021521s ]
INFO: [ view_filter ] --START--
INFO: Run Behavior\WriteHtmlCacheBehavior [ RunTime:0.000467s ]
INFO: [ view_filter ] --END-- [ RunTime:0.000533s ]
INFO: [ app_end ] --START--
INFO: Run Behavior\ShowPageTraceBehavior [ RunTime:0.001228s ]
INFO: [ app_end ] --END-- [ RunTime:0.001354s ]

[ 2016-10-14T09:14:53+08:00 ] 127.0.0.1 /index.php/Home/Main/Verify.html
INFO: [ app_init ] --START--
INFO: Run Behavior\BuildLiteBehavior [ RunTime:0.000029s ]
INFO: [ app_init ] --END-- [ RunTime:0.000923s ]
INFO: [ app_begin ] --START--
INFO: Run Behavior\ReadHtmlCacheBehavior [ RunTime:0.000997s ]
INFO: [ app_begin ] --END-- [ RunTime:0.001138s ]
INFO: [ app_end ] --START--
INFO: Run Behavior\ShowPageTraceBehavior [ RunTime:0.000769s ]
INFO: [ app_end ] --END-- [ RunTime:0.000877s ]

[ 2016-10-14T09:14:53+08:00 ] 127.0.0.1 /index.php/Home/Register/Verify.html
INFO: [ app_init ] --START--
INFO: Run Behavior\BuildLiteBehavior [ RunTime:0.000020s ]
INFO: [ app_init ] --END-- [ RunTime:0.000893s ]
INFO: [ app_begin ] --START--
INFO: Run Behavior\ReadHtmlCacheBehavior [ RunTime:0.001072s ]
INFO: [ app_begin ] --END-- [ RunTime:0.001182s ]
INFO: [ app_end ] --START--
INFO: Run Behavior\ShowPageTraceBehavior [ RunTime:0.000971s ]
INFO: [ app_end ] --END-- [ RunTime:0.001103s ]

[ 2016-10-14T09:15:09+08:00 ] 127.0.0.1 /index.php/Home/Main/index.html
INFO: [ app_init ] --START--
INFO: Run Behavior\BuildLiteBehavior [ RunTime:0.000019s ]
INFO: [ app_init ] --END-- [ RunTime:0.000550s ]
INFO: [ app_begin ] --START--
INFO: Run Behavior\ReadHtmlCacheBehavior [ RunTime:0.000695s ]
INFO: [ app_begin ] --END-- [ RunTime:0.000771s ]
SQL: SHOW COLUMNS FROM `bs_book` [ RunTime:0.0037s ]
SQL: SHOW COLUMNS FROM `bs_category` [ RunTime:0.0033s ]
SQL: SELECT * FROM `bs_category`  [ RunTime:0.0003s ]
SQL: SELECT `book_id`,`book_name` FROM `bs_book` ORDER BY download_times desc LIMIT 0,4   [ RunTime:0.0002s ]
SQL: SELECT `book_id`,`book_name` FROM `bs_book` ORDER BY isgood desc LIMIT 0,4   [ RunTime:0.0002s ]
SQL: SELECT `book_id`,`book_name` FROM `bs_book` WHERE ( cat_id in (1,2,3,5,6,7) ) LIMIT 0,6   [ RunTime:0.0002s ]
SQL: SELECT `book_id`,`book_name` FROM `bs_book` WHERE ( cat_id in (4,7) ) LIMIT 0,6   [ RunTime:0.0002s ]
SQL: SELECT * FROM `bs_book` WHERE ( is_show=1 ) ORDER BY upload_time desc  [ RunTime:0.0003s ]
INFO: [ view_parse ] --START--
INFO: [ template_filter ] --START--
INFO: Run Behavior\ContentReplaceBehavior [ RunTime:0.000322s ]
INFO: [ template_filter ] --END-- [ RunTime:0.000455s ]
NOTIC: [8] Undefined variable: data F:\bookstore\Application\Runtime\Cache\Home\7caeb51c0b49554d06e6411062e36c44.php 第 208 行.
NOTIC: [8] Undefined variable: data F:\bookstore\Application\Runtime\Cache\Home\7caeb51c0b49554d06e6411062e36c44.php 第 209 行.
NOTIC: [8] Undefined variable: data F:\bookstore\Application\Runtime\Cache\Home\7caeb51c0b49554d06e6411062e36c44.php 第 209 行.
INFO: Run Behavior\ParseTemplateBehavior [ RunTime:0.022630s ]
INFO: [ view_parse ] --END-- [ RunTime:0.022713s ]
INFO: [ view_filter ] --START--
INFO: Run Behavior\WriteHtmlCacheBehavior [ RunTime:0.000577s ]
INFO: [ view_filter ] --END-- [ RunTime:0.000647s ]
INFO: [ app_end ] --START--
INFO: Run Behavior\ShowPageTraceBehavior [ RunTime:0.000857s ]
INFO: [ app_end ] --END-- [ RunTime:0.000939s ]

[ 2016-10-14T09:15:09+08:00 ] 127.0.0.1 /index.php/Home/Main/Verify.html
INFO: [ app_init ] --START--
INFO: Run Behavior\BuildLiteBehavior [ RunTime:0.000030s ]
INFO: [ app_init ] --END-- [ RunTime:0.000808s ]
INFO: [ app_begin ] --START--
INFO: Run Behavior\ReadHtmlCacheBehavior [ RunTime:0.001180s ]
INFO: [ app_begin ] --END-- [ RunTime:0.001313s ]
INFO: [ app_end ] --START--
INFO: Run Behavior\ShowPageTraceBehavior [ RunTime:0.001269s ]
INFO: [ app_end ] --END-- [ RunTime:0.001442s ]

[ 2016-10-14T09:15:09+08:00 ] 127.0.0.1 /index.php/Home/Register/Verify.html
INFO: [ app_init ] --START--
INFO: Run Behavior\BuildLiteBehavior [ RunTime:0.000026s ]
INFO: [ app_init ] --END-- [ RunTime:0.000778s ]
INFO: [ app_begin ] --START--
INFO: Run Behavior\ReadHtmlCacheBehavior [ RunTime:0.001106s ]
INFO: [ app_begin ] --END-- [ RunTime:0.001237s ]
INFO: [ app_end ] --START--
INFO: Run Behavior\ShowPageTraceBehavior [ RunTime:0.001471s ]
INFO: [ app_end ] --END-- [ RunTime:0.001601s ]

[ 2016-10-14T09:16:10+08:00 ] 127.0.0.1 /index.php/Home/Main/index.html
INFO: [ app_init ] --START--
INFO: Run Behavior\BuildLiteBehavior [ RunTime:0.000019s ]
INFO: [ app_init ] --END-- [ RunTime:0.000486s ]
INFO: [ app_begin ] --START--
INFO: Run Behavior\ReadHtmlCacheBehavior [ RunTime:0.000944s ]
INFO: [ app_begin ] --END-- [ RunTime:0.001122s ]
SQL: SHOW COLUMNS FROM `bs_book` [ RunTime:0.0038s ]
SQL: SHOW COLUMNS FROM `bs_category` [ RunTime:0.0035s ]
SQL: SELECT * FROM `bs_category`  [ RunTime:0.0003s ]
SQL: SELECT `book_id`,`book_name` FROM `bs_book` ORDER BY download_times desc LIMIT 0,4   [ RunTime:0.0002s ]
SQL: SELECT `book_id`,`book_name` FROM `bs_book` ORDER BY isgood desc LIMIT 0,4   [ RunTime:0.0002s ]
SQL: SELECT `book_id`,`book_name` FROM `bs_book` WHERE ( cat_id in (1,2,3,5,6,7) ) LIMIT 0,6   [ RunTime:0.0002s ]
SQL: SELECT `book_id`,`book_name` FROM `bs_book` WHERE ( cat_id in (4,7) ) LIMIT 0,6   [ RunTime:0.0002s ]
SQL: SELECT * FROM `bs_book` WHERE ( is_show=1 ) ORDER BY upload_time desc  [ RunTime:0.0003s ]
INFO: [ view_parse ] --START--
INFO: [ template_filter ] --START--
INFO: Run Behavior\ContentReplaceBehavior [ RunTime:0.000266s ]
INFO: [ template_filter ] --END-- [ RunTime:0.000353s ]
NOTIC: [8] Undefined variable: data F:\bookstore\Application\Runtime\Cache\Home\7caeb51c0b49554d06e6411062e36c44.php 第 208 行.
NOTIC: [8] Undefined variable: data F:\bookstore\Application\Runtime\Cache\Home\7caeb51c0b49554d06e6411062e36c44.php 第 209 行.
NOTIC: [8] Undefined variable: data F:\bookstore\Application\Runtime\Cache\Home\7caeb51c0b49554d06e6411062e36c44.php 第 209 行.
INFO: Run Behavior\ParseTemplateBehavior [ RunTime:0.021750s ]
INFO: [ view_parse ] --END-- [ RunTime:0.021824s ]
INFO: [ view_filter ] --START--
INFO: Run Behavior\WriteHtmlCacheBehavior [ RunTime:0.000364s ]
INFO: [ view_filter ] --END-- [ RunTime:0.000428s ]
INFO: [ app_end ] --START--
INFO: Run Behavior\ShowPageTraceBehavior [ RunTime:0.001012s ]
INFO: [ app_end ] --END-- [ RunTime:0.001129s ]

[ 2016-10-14T09:16:11+08:00 ] 127.0.0.1 /index.php/Home/Main/Verify.html
INFO: [ app_init ] --START--
INFO: Run Behavior\BuildLiteBehavior [ RunTime:0.000019s ]
INFO: [ app_init ] --END-- [ RunTime:0.000510s ]
INFO: [ app_begin ] --START--
INFO: Run Behavior\ReadHtmlCacheBehavior [ RunTime:0.000654s ]
INFO: [ app_begin ] --END-- [ RunTime:0.000734s ]
INFO: [ app_end ] --START--
INFO: Run Behavior\ShowPageTraceBehavior [ RunTime:0.001036s ]
INFO: [ app_end ] --END-- [ RunTime:0.001209s ]

[ 2016-10-14T09:16:11+08:00 ] 127.0.0.1 /index.php/Home/Register/Verify.html
INFO: [ app_init ] --START--
INFO: Run Behavior\BuildLiteBehavior [ RunTime:0.000031s ]
INFO: [ app_init ] --END-- [ RunTime:0.000805s ]
INFO: [ app_begin ] --START--
INFO: Run Behavior\ReadHtmlCacheBehavior [ RunTime:0.000863s ]
INFO: [ app_begin ] --END-- [ RunTime:0.000978s ]
INFO: [ app_end ] --START--
INFO: Run Behavior\ShowPageTraceBehavior [ RunTime:0.000917s ]
INFO: [ app_end ] --END-- [ RunTime:0.001021s ]

[ 2016-10-14T09:17:22+08:00 ] 127.0.0.1 /index.php/Home/Main/index.html
INFO: [ app_init ] --START--
INFO: Run Behavior\BuildLiteBehavior [ RunTime:0.000020s ]
INFO: [ app_init ] --END-- [ RunTime:0.000614s ]
INFO: [ app_begin ] --START--
INFO: Run Behavior\ReadHtmlCacheBehavior [ RunTime:0.000715s ]
INFO: [ app_begin ] --END-- [ RunTime:0.000794s ]
SQL: SHOW COLUMNS FROM `bs_book` [ RunTime:0.0039s ]
SQL: SHOW COLUMNS FROM `bs_category` [ RunTime:0.0033s ]
SQL: SELECT * FROM `bs_category`  [ RunTime:0.0004s ]
SQL: SELECT `book_id`,`book_name` FROM `bs_book` ORDER BY download_times desc LIMIT 0,4   [ RunTime:0.0004s ]
SQL: SELECT `book_id`,`book_name` FROM `bs_book` ORDER BY isgood desc LIMIT 0,4   [ RunTime:0.0002s ]
SQL: SELECT `book_id`,`book_name` FROM `bs_book` WHERE ( cat_id in (1,2,3,5,6,7) ) LIMIT 0,6   [ RunTime:0.0002s ]
SQL: SELECT `book_id`,`book_name` FROM `bs_book` WHERE ( cat_id in (4,7) ) LIMIT 0,6   [ RunTime:0.0003s ]
SQL: SELECT * FROM `bs_book` WHERE ( is_show=1 ) ORDER BY upload_time desc  [ RunTime:0.0005s ]
INFO: [ view_parse ] --START--
INFO: [ template_filter ] --START--
INFO: Run Behavior\ContentReplaceBehavior [ RunTime:0.000265s ]
INFO: [ template_filter ] --END-- [ RunTime:0.000350s ]
NOTIC: [8] Undefined variable: data F:\bookstore\Application\Runtime\Cache\Home\7caeb51c0b49554d06e6411062e36c44.php 第 208 行.
NOTIC: [8] Undefined variable: data F:\bookstore\Application\Runtime\Cache\Home\7caeb51c0b49554d06e6411062e36c44.php 第 209 行.
NOTIC: [8] Undefined variable: data F:\bookstore\Application\Runtime\Cache\Home\7caeb51c0b49554d06e6411062e36c44.php 第 209 行.
INFO: Run Behavior\ParseTemplateBehavior [ RunTime:0.021162s ]
INFO: [ view_parse ] --END-- [ RunTime:0.021247s ]
INFO: [ view_filter ] --START--
INFO: Run Behavior\WriteHtmlCacheBehavior [ RunTime:0.000556s ]
INFO: [ view_filter ] --END-- [ RunTime:0.000626s ]
INFO: [ app_end ] --START--
INFO: Run Behavior\ShowPageTraceBehavior [ RunTime:0.000930s ]
INFO: [ app_end ] --END-- [ RunTime:0.001052s ]

[ 2016-10-14T09:17:22+08:00 ] 127.0.0.1 /index.php/Home/Main/Verify.html
INFO: [ app_init ] --START--
INFO: Run Behavior\BuildLiteBehavior [ RunTime:0.000019s ]
INFO: [ app_init ] --END-- [ RunTime:0.000491s ]
INFO: [ app_begin ] --START--
INFO: Run Behavior\ReadHtmlCacheBehavior [ RunTime:0.000672s ]
INFO: [ app_begin ] --END-- [ RunTime:0.000748s ]
INFO: [ app_end ] --START--
INFO: Run Behavior\ShowPageTraceBehavior [ RunTime:0.000777s ]
INFO: [ app_end ] --END-- [ RunTime:0.000881s ]

[ 2016-10-14T09:17:22+08:00 ] 127.0.0.1 /index.php/Home/Register/Verify.html
INFO: [ app_init ] --START--
INFO: Run Behavior\BuildLiteBehavior [ RunTime:0.000018s ]
INFO: [ app_init ] --END-- [ RunTime:0.000494s ]
INFO: [ app_begin ] --START--
INFO: Run Behavior\ReadHtmlCacheBehavior [ RunTime:0.000629s ]
INFO: [ app_begin ] --END-- [ RunTime:0.000707s ]
INFO: [ app_end ] --START--
INFO: Run Behavior\ShowPageTraceBehavior [ RunTime:0.000810s ]
INFO: [ app_end ] --END-- [ RunTime:0.000911s ]

[ 2016-10-14T09:21:20+08:00 ] 127.0.0.1 /index.php/Home/Main/index.html
INFO: [ app_init ] --START--
INFO: Run Behavior\BuildLiteBehavior [ RunTime:0.000024s ]
INFO: [ app_init ] --END-- [ RunTime:0.000786s ]
INFO: [ app_begin ] --START--
INFO: Run Behavior\ReadHtmlCacheBehavior [ RunTime:0.001044s ]
INFO: [ app_begin ] --END-- [ RunTime:0.001152s ]
SQL: SHOW COLUMNS FROM `bs_book` [ RunTime:0.0041s ]
SQL: SHOW COLUMNS FROM `bs_category` [ RunTime:0.0036s ]
SQL: SELECT * FROM `bs_category`  [ RunTime:0.0004s ]
SQL: SELECT `book_id`,`book_name` FROM `bs_book` ORDER BY download_times desc LIMIT 0,4   [ RunTime:0.0002s ]
SQL: SELECT `book_id`,`book_name` FROM `bs_book` ORDER BY isgood desc LIMIT 0,4   [ RunTime:0.0002s ]
SQL: SELECT `book_id`,`book_name` FROM `bs_book` WHERE ( cat_id in (1,2,3,5,6,7) ) LIMIT 0,6   [ RunTime:0.0002s ]
SQL: SELECT `book_id`,`book_name` FROM `bs_book` WHERE ( cat_id in (4,7) ) LIMIT 0,6   [ RunTime:0.0002s ]
SQL: SELECT * FROM `bs_book` WHERE ( is_show=1 ) ORDER BY upload_time desc  [ RunTime:0.0003s ]
INFO: [ view_parse ] --START--
INFO: [ template_filter ] --START--
INFO: Run Behavior\ContentReplaceBehavior [ RunTime:0.000265s ]
INFO: [ template_filter ] --END-- [ RunTime:0.000355s ]
NOTIC: [8] Undefined variable: data F:\bookstore\Application\Runtime\Cache\Home\7caeb51c0b49554d06e6411062e36c44.php 第 208 行.
NOTIC: [8] Undefined variable: data F:\bookstore\Application\Runtime\Cache\Home\7caeb51c0b49554d06e6411062e36c44.php 第 209 行.
NOTIC: [8] Undefined variable: data F:\bookstore\Application\Runtime\Cache\Home\7caeb51c0b49554d06e6411062e36c44.php 第 209 行.
INFO: Run Behavior\ParseTemplateBehavior [ RunTime:0.022198s ]
INFO: [ view_parse ] --END-- [ RunTime:0.022276s ]
INFO: [ view_filter ] --START--
INFO: Run Behavior\WriteHtmlCacheBehavior [ RunTime:0.000498s ]
INFO: [ view_filter ] --END-- [ RunTime:0.000563s ]
INFO: [ app_end ] --START--
INFO: Run Behavior\ShowPageTraceBehavior [ RunTime:0.000937s ]
INFO: [ app_end ] --END-- [ RunTime:0.001040s ]

[ 2016-10-14T09:21:20+08:00 ] 127.0.0.1 /index.php/Home/Register/Verify.html
INFO: [ app_init ] --START--
INFO: Run Behavior\BuildLiteBehavior [ RunTime:0.000033s ]
INFO: [ app_init ] --END-- [ RunTime:0.000877s ]
INFO: [ app_begin ] --START--
INFO: Run Behavior\ReadHtmlCacheBehavior [ RunTime:0.001322s ]
INFO: [ app_begin ] --END-- [ RunTime:0.001472s ]
INFO: [ app_end ] --START--
INFO: Run Behavior\ShowPageTraceBehavior [ RunTime:0.002446s ]
INFO: [ app_end ] --END-- [ RunTime:0.002569s ]

[ 2016-10-14T09:21:20+08:00 ] 127.0.0.1 /index.php/Home/Main/Verify.html
INFO: [ app_init ] --START--
INFO: Run Behavior\BuildLiteBehavior [ RunTime:0.000024s ]
INFO: [ app_init ] --END-- [ RunTime:0.003156s ]
INFO: [ app_begin ] --START--
INFO: Run Behavior\ReadHtmlCacheBehavior [ RunTime:0.001262s ]
INFO: [ app_begin ] --END-- [ RunTime:0.001391s ]
INFO: [ app_end ] --START--
INFO: Run Behavior\ShowPageTraceBehavior [ RunTime:0.000799s ]
INFO: [ app_end ] --END-- [ RunTime:0.000912s ]

[ 2016-10-14T09:34:03+08:00 ] 127.0.0.1 /Public/Admin/css/common.js
INFO: [ app_init ] --START--
INFO: Run Behavior\BuildLiteBehavior [ RunTime:0.000031s ]
INFO: [ app_init ] --END-- [ RunTime:0.000743s ]
INFO: [ app_begin ] --START--
INFO: Run Behavior\ReadHtmlCacheBehavior [ RunTime:0.001028s ]
INFO: [ app_begin ] --END-- [ RunTime:0.001166s ]
ERR: 无法加载控制器:Public

[ 2016-10-14T09:34:03+08:00 ] 127.0.0.1 /favicon.ico
INFO: [ app_init ] --START--
INFO: Run Behavior\BuildLiteBehavior [ RunTime:0.000032s ]
INFO: [ app_init ] --END-- [ RunTime:0.000957s ]

[ 2016-10-14T09:34:13+08:00 ] 127.0.0.1 /Public/Admin/css/common.js
INFO: [ app_init ] --START--
INFO: Run Behavior\BuildLiteBehavior [ RunTime:0.000030s ]
INFO: [ app_init ] --END-- [ RunTime:0.000858s ]
INFO: [ app_begin ] --START--
INFO: Run Behavior\ReadHtmlCacheBehavior [ RunTime:0.001040s ]
INFO: [ app_begin ] --END-- [ RunTime:0.001252s ]
ERR: 无法加载控制器:Public

[ 2016-10-14T09:34:34+08:00 ] 127.0.0.1 /Public/Admin/css/common.js
INFO: [ app_init ] --START--
INFO: Run Behavior\BuildLiteBehavior [ RunTime:0.000036s ]
INFO: [ app_init ] --END-- [ RunTime:0.001170s ]
INFO: [ app_begin ] --START--
INFO: Run Behavior\ReadHtmlCacheBehavior [ RunTime:0.000973s ]
INFO: [ app_begin ] --END-- [ RunTime:0.001163s ]
ERR: 无法加载控制器:Public

[ 2016-10-14T09:34:53+08:00 ] 127.0.0.1 /Public/Admin/css/common.js
INFO: [ app_init ] --START--
INFO: Run Behavior\BuildLiteBehavior [ RunTime:0.000020s ]
INFO: [ app_init ] --END-- [ RunTime:0.000491s ]
INFO: [ app_begin ] --START--
INFO: Run Behavior\ReadHtmlCacheBehavior [ RunTime:0.000675s ]
INFO: [ app_begin ] --END-- [ RunTime:0.000758s ]
ERR: 无法加载控制器:Public

[ 2016-10-14T09:35:12+08:00 ] 127.0.0.1 /Public/Admin/css/common.js
INFO: [ app_init ] --START--
INFO: Run Behavior\BuildLiteBehavior [ RunTime:0.000019s ]
INFO: [ app_init ] --END-- [ RunTime:0.000573s ]
INFO: [ app_begin ] --START--
INFO: Run Behavior\ReadHtmlCacheBehavior [ RunTime:0.000690s ]
INFO: [ app_begin ] --END-- [ RunTime:0.000767s ]
ERR: 无法加载控制器:Public

[ 2016-10-14T09:35:30+08:00 ] 127.0.0.1 /Public/Admin/css/common.js
INFO: [ app_init ] --START--
INFO: Run Behavior\BuildLiteBehavior [ RunTime:0.000030s ]
INFO: [ app_init ] --END-- [ RunTime:0.001062s ]
INFO: [ app_begin ] --START--
INFO: Run Behavior\ReadHtmlCacheBehavior [ RunTime:0.001095s ]
INFO: [ app_begin ] --END-- [ RunTime:0.001241s ]
ERR: 无法加载控制器:Public

[ 2016-10-14T09:37:28+08:00 ] 127.0.0.1 /Public/Admin/css/common.js
INFO: [ app_init ] --START--
INFO: Run Behavior\BuildLiteBehavior [ RunTime:0.000018s ]
INFO: [ app_init ] --END-- [ RunTime:0.000538s ]
INFO: [ app_begin ] --START--
INFO: Run Behavior\ReadHtmlCacheBehavior [ RunTime:0.001205s ]
INFO: [ app_begin ] --END-- [ RunTime:0.001357s ]
ERR: 无法加载控制器:Public

[ 2016-10-14T09:37:36+08:00 ] 127.0.0.1 /Public/Admin/css/common.js
INFO: [ app_init ] --START--
INFO: Run Behavior\BuildLiteBehavior [ RunTime:0.000019s ]
INFO: [ app_init ] --END-- [ RunTime:0.000558s ]
INFO: [ app_begin ] --START--
INFO: Run Behavior\ReadHtmlCacheBehavior [ RunTime:0.000756s ]
INFO: [ app_begin ] --END-- [ RunTime:0.000836s ]
ERR: 无法加载控制器:Public

[ 2016-10-14T09:37:54+08:00 ] 127.0.0.1 /Public/Admin/css/common.js
INFO: [ app_init ] --START--
INFO: Run Behavior\BuildLiteBehavior [ RunTime:0.000021s ]
INFO: [ app_init ] --END-- [ RunTime:0.000554s ]
INFO: [ app_begin ] --START--
INFO: Run Behavior\ReadHtmlCacheBehavior [ RunTime:0.000739s ]
INFO: [ app_begin ] --END-- [ RunTime:0.000817s ]
ERR: 无法加载控制器:Public

[ 2016-10-14T09:38:06+08:00 ] 127.0.0.1 /Public/Admin/css/common.js
INFO: [ app_init ] --START--
INFO: Run Behavior\BuildLiteBehavior [ RunTime:0.000033s ]
INFO: [ app_init ] --END-- [ RunTime:0.000923s ]
INFO: [ app_begin ] --START--
INFO: Run Behavior\ReadHtmlCacheBehavior [ RunTime:0.000895s ]
INFO: [ app_begin ] --END-- [ RunTime:0.001007s ]
ERR: 无法加载控制器:Public

[ 2016-10-14T09:38:26+08:00 ] 127.0.0.1 /Public/Admin/css/common.js
INFO: [ app_init ] --START--
INFO: Run Behavior\BuildLiteBehavior [ RunTime:0.000035s ]
INFO: [ app_init ] --END-- [ RunTime:0.001113s ]
INFO: [ app_begin ] --START--
INFO: Run Behavior\ReadHtmlCacheBehavior [ RunTime:0.001359s ]
INFO: [ app_begin ] --END-- [ RunTime:0.001502s ]
ERR: 无法加载控制器:Public

[ 2016-10-14T09:38:45+08:00 ] 127.0.0.1 /Public/Admin/css/common.js
INFO: [ app_init ] --START--
INFO: Run Behavior\BuildLiteBehavior [ RunTime:0.000034s ]
INFO: [ app_init ] --END-- [ RunTime:0.001166s ]
INFO: [ app_begin ] --START--
INFO: Run Behavior\ReadHtmlCacheBehavior [ RunTime:0.001328s ]
INFO: [ app_begin ] --END-- [ RunTime:0.001537s ]
ERR: 无法加载控制器:Public

[ 2016-10-14T09:41:37+08:00 ] 127.0.0.1 /Public/Admin/css/common.js
INFO: [ app_init ] --START--
INFO: Run Behavior\BuildLiteBehavior [ RunTime:0.000033s ]
INFO: [ app_init ] --END-- [ RunTime:0.000917s ]
INFO: [ app_begin ] --START--
INFO: Run Behavior\ReadHtmlCacheBehavior [ RunTime:0.001147s ]
INFO: [ app_begin ] --END-- [ RunTime:0.001285s ]
ERR: 无法加载控制器:Public

[ 2016-10-14T09:42:06+08:00 ] 127.0.0.1 /Public/Admin/css/common.js
INFO: [ app_init ] --START--
INFO: Run Behavior\BuildLiteBehavior [ RunTime:0.000036s ]
INFO: [ app_init ] --END-- [ RunTime:0.002072s ]
INFO: [ app_begin ] --START--
INFO: Run Behavior\ReadHtmlCacheBehavior [ RunTime:0.002220s ]
INFO: [ app_begin ] --END-- [ RunTime:0.002361s ]
ERR: 无法加载控制器:Public

[ 2016-10-14T09:42:23+08:00 ] 127.0.0.1 /Public/Admin/css/common.css
INFO: [ app_init ] --START--
INFO: Run Behavior\BuildLiteBehavior [ RunTime:0.000030s ]
INFO: [ app_init ] --END-- [ RunTime:0.001034s ]
INFO: [ app_begin ] --START--
INFO: Run Behavior\ReadHtmlCacheBehavior [ RunTime:0.000667s ]
INFO: [ app_begin ] --END-- [ RunTime:0.000751s ]
ERR: 无法加载控制器:Public

[ 2016-10-14T09:42:23+08:00 ] 127.0.0.1 /Public/Admin/css/main.css
INFO: [ app_init ] --START--
INFO: Run Behavior\BuildLiteBehavior [ RunTime:0.000018s ]
INFO: [ app_init ] --END-- [ RunTime:0.000562s ]
INFO: [ app_begin ] --START--
INFO: Run Behavior\ReadHtmlCacheBehavior [ RunTime:0.000766s ]
INFO: [ app_begin ] --END-- [ RunTime:0.000846s ]
ERR: 无法加载控制器:Public

[ 2016-10-14T09:46:21+08:00 ] 127.0.0.1 /Public/Admin/css/common.js
INFO: [ app_init ] --START--
INFO: Run Behavior\BuildLiteBehavior [ RunTime:0.000021s ]
INFO: [ app_init ] --END-- [ RunTime:0.000644s ]
INFO: [ app_begin ] --START--
INFO: Run Behavior\ReadHtmlCacheBehavior [ RunTime:0.000759s ]
INFO: [ app_begin ] --END-- [ RunTime:0.000835s ]
ERR: 无法加载控制器:Public

[ 2016-10-14T09:47:02+08:00 ] 127.0.0.1 /Public/Admin/css/common.js
INFO: [ app_init ] --START--
INFO: Run Behavior\BuildLiteBehavior [ RunTime:0.000065s ]
INFO: [ app_init ] --END-- [ RunTime:0.001419s ]
INFO: [ app_begin ] --START--
INFO: Run Behavior\ReadHtmlCacheBehavior [ RunTime:0.002792s ]
INFO: [ app_begin ] --END-- [ RunTime:0.002984s ]
ERR: 无法加载控制器:Public

[ 2016-10-14T09:47:27+08:00 ] 127.0.0.1 /Public/Admin/css/common.js
INFO: [ app_init ] --START--
INFO: Run Behavior\BuildLiteBehavior [ RunTime:0.000027s ]
INFO: [ app_init ] --END-- [ RunTime:0.000782s ]
INFO: [ app_begin ] --START--
INFO: Run Behavior\ReadHtmlCacheBehavior [ RunTime:0.001350s ]
INFO: [ app_begin ] --END-- [ RunTime:0.001545s ]
ERR: 无法加载控制器:Public

[ 2016-10-14T09:48:15+08:00 ] 127.0.0.1 /Public/Admin/css/common.js
INFO: [ app_init ] --START--
INFO: Run Behavior\BuildLiteBehavior [ RunTime:0.000021s ]
INFO: [ app_init ] --END-- [ RunTime:0.000576s ]
INFO: [ app_begin ] --START--
INFO: Run Behavior\ReadHtmlCacheBehavior [ RunTime:0.000726s ]
INFO: [ app_begin ] --END-- [ RunTime:0.000858s ]
ERR: 无法加载控制器:Public

[ 2016-10-14T09:48:17+08:00 ] 127.0.0.1 /Public/Admin/css/common.js
INFO: [ app_init ] --START--
INFO: Run Behavior\BuildLiteBehavior [ RunTime:0.000030s ]
INFO: [ app_init ] --END-- [ RunTime:0.000764s ]
INFO: [ app_begin ] --START--
INFO: Run Behavior\ReadHtmlCacheBehavior [ RunTime:0.001245s ]
INFO: [ app_begin ] --END-- [ RunTime:0.001596s ]
ERR: 无法加载控制器:Public

[ 2016-10-14T09:48:20+08:00 ] 127.0.0.1 /Public/Admin/css/common.js
INFO: [ app_init ] --START--
INFO: Run Behavior\BuildLiteBehavior [ RunTime:0.000029s ]
INFO: [ app_init ] --END-- [ RunTime:0.000742s ]
INFO: [ app_begin ] --START--
INFO: Run Behavior\ReadHtmlCacheBehavior [ RunTime:0.001157s ]
INFO: [ app_begin ] --END-- [ RunTime:0.001318s ]
ERR: 无法加载控制器:Public

[ 2016-10-14T09:48:34+08:00 ] 127.0.0.1 /Public/Admin/css/common.css
INFO: [ app_init ] --START--
INFO: Run Behavior\BuildLiteBehavior [ RunTime:0.000053s ]
INFO: [ app_init ] --END-- [ RunTime:0.001279s ]
INFO: [ app_begin ] --START--
INFO: Run Behavior\ReadHtmlCacheBehavior [ RunTime:0.000980s ]
INFO: [ app_begin ] --END-- [ RunTime:0.001116s ]
ERR: 无法加载控制器:Public

[ 2016-10-14T09:48:34+08:00 ] 127.0.0.1 /Public/Admin/css/main.css
INFO: [ app_init ] --START--
INFO: Run Behavior\BuildLiteBehavior [ RunTime:0.000030s ]
INFO: [ app_init ] --END-- [ RunTime:0.000845s ]
INFO: [ app_begin ] --START--
INFO: Run Behavior\ReadHtmlCacheBehavior [ RunTime:0.001032s ]
INFO: [ app_begin ] --END-- [ RunTime:0.001154s ]
ERR: 无法加载控制器:Public

[ 2016-10-14T09:49:22+08:00 ] 127.0.0.1 /index.php/Home/Main/index.html
INFO: [ app_init ] --START--
INFO: Run Behavior\BuildLiteBehavior [ RunTime:0.000019s ]
INFO: [ app_init ] --END-- [ RunTime:0.000563s ]
INFO: [ app_begin ] --START--
INFO: Run Behavior\ReadHtmlCacheBehavior [ RunTime:0.000712s ]
INFO: [ app_begin ] --END-- [ RunTime:0.000791s ]
SQL: SHOW COLUMNS FROM `bs_book` [ RunTime:0.0044s ]
SQL: SHOW COLUMNS FROM `bs_category` [ RunTime:0.0035s ]
SQL: SELECT * FROM `bs_category`  [ RunTime:0.0003s ]
SQL: SELECT `book_id`,`book_name` FROM `bs_book` ORDER BY download_times desc LIMIT 0,4   [ RunTime:0.0002s ]
SQL: SELECT `book_id`,`book_name` FROM `bs_book` ORDER BY isgood desc LIMIT 0,4   [ RunTime:0.0002s ]
SQL: SELECT `book_id`,`book_name` FROM `bs_book` WHERE ( cat_id in (1,2,3,5,6,7) ) ORDER BY isgood desc LIMIT 0,6   [ RunTime:0.0003s ]
SQL: SELECT `book_id`,`book_name` FROM `bs_book` WHERE ( cat_id in (4,7) ) ORDER BY isgood desc LIMIT 0,6   [ RunTime:0.0003s ]
SQL: SELECT * FROM `bs_book` WHERE ( is_show=1 ) ORDER BY upload_time desc LIMIT 0,6   [ RunTime:0.0003s ]
SQL: SELECT COUNT(*) AS tp_count FROM `bs_book` WHERE ( is_show=1 ) LIMIT 1   [ RunTime:0.0002s ]
INFO: [ view_parse ] --START--
INFO: [ template_filter ] --START--
INFO: Run Behavior\ContentReplaceBehavior [ RunTime:0.000276s ]
INFO: [ template_filter ] --END-- [ RunTime:0.000361s ]
NOTIC: [8] Undefined variable: data F:\bookstore\Application\Runtime\Cache\Home\7caeb51c0b49554d06e6411062e36c44.php 第 208 行.
NOTIC: [8] Undefined variable: data F:\bookstore\Application\Runtime\Cache\Home\7caeb51c0b49554d06e6411062e36c44.php 第 209 行.
NOTIC: [8] Undefined variable: data F:\bookstore\Application\Runtime\Cache\Home\7caeb51c0b49554d06e6411062e36c44.php 第 209 行.
INFO: Run Behavior\ParseTemplateBehavior [ RunTime:0.021243s ]
INFO: [ view_parse ] --END-- [ RunTime:0.021342s ]
INFO: [ view_filter ] --START--
INFO: Run Behavior\WriteHtmlCacheBehavior [ RunTime:0.000481s ]
INFO: [ view_filter ] --END-- [ RunTime:0.000549s ]
INFO: [ app_end ] --START--
INFO: Run Behavior\ShowPageTraceBehavior [ RunTime:0.000956s ]
INFO: [ app_end ] --END-- [ RunTime:0.001059s ]

[ 2016-10-14T09:49:22+08:00 ] 127.0.0.1 /index.php/Main/Verify.html
INFO: [ app_init ] --START--
INFO: Run Behavior\BuildLiteBehavior [ RunTime:0.000028s ]
INFO: [ app_init ] --END-- [ RunTime:0.000784s ]
INFO: [ app_begin ] --START--
INFO: Run Behavior\ReadHtmlCacheBehavior [ RunTime:0.000652s ]
INFO: [ app_begin ] --END-- [ RunTime:0.000739s ]
INFO: [ app_end ] --START--
INFO: Run Behavior\ShowPageTraceBehavior [ RunTime:0.001227s ]
INFO: [ app_end ] --END-- [ RunTime:0.001392s ]

[ 2016-10-14T09:49:22+08:00 ] 127.0.0.1 /index.php/Register/Verify.html
INFO: [ app_init ] --START--
INFO: Run Behavior\BuildLiteBehavior [ RunTime:0.000020s ]
INFO: [ app_init ] --END-- [ RunTime:0.000567s ]
INFO: [ app_begin ] --START--
INFO: Run Behavior\ReadHtmlCacheBehavior [ RunTime:0.000905s ]
INFO: [ app_begin ] --END-- [ RunTime:0.001019s ]
INFO: [ app_end ] --START--
INFO: Run Behavior\ShowPageTraceBehavior [ RunTime:0.000833s ]
INFO: [ app_end ] --END-- [ RunTime:0.000964s ]

[ 2016-10-14T09:49:26+08:00 ] 127.0.0.1 /Public/Admin/css/common.js
INFO: [ app_init ] --START--
INFO: Run Behavior\BuildLiteBehavior [ RunTime:0.000030s ]
INFO: [ app_init ] --END-- [ RunTime:0.000700s ]
INFO: [ app_begin ] --START--
INFO: Run Behavior\ReadHtmlCacheBehavior [ RunTime:0.000697s ]
INFO: [ app_begin ] --END-- [ RunTime:0.000785s ]
ERR: 无法加载控制器:Public

[ 2016-10-14T09:49:32+08:00 ] 127.0.0.1 /Public/Admin/css/common.js
INFO: [ app_init ] --START--
INFO: Run Behavior\BuildLiteBehavior [ RunTime:0.000046s ]
INFO: [ app_init ] --END-- [ RunTime:0.001146s ]
INFO: [ app_begin ] --START--
INFO: Run Behavior\ReadHtmlCacheBehavior [ RunTime:0.002153s ]
INFO: [ app_begin ] --END-- [ RunTime:0.002303s ]
ERR: 无法加载控制器:Public

[ 2016-10-14T09:49:52+08:00 ] 127.0.0.1 /Public/Admin/css/main.css
INFO: [ app_init ] --START--
INFO: Run Behavior\BuildLiteBehavior [ RunTime:0.000028s ]
INFO: [ app_init ] --END-- [ RunTime:0.000703s ]
INFO: [ app_begin ] --START--
INFO: Run Behavior\ReadHtmlCacheBehavior [ RunTime:0.000927s ]
INFO: [ app_begin ] --END-- [ RunTime:0.001053s ]
ERR: 无法加载控制器:Public

[ 2016-10-14T09:49:52+08:00 ] 127.0.0.1 /Public/Admin/css/common.css
INFO: [ app_init ] --START--
INFO: Run Behavior\BuildLiteBehavior [ RunTime:0.000032s ]
INFO: [ app_init ] --END-- [ RunTime:0.000830s ]
INFO: [ app_begin ] --START--
INFO: Run Behavior\ReadHtmlCacheBehavior [ RunTime:0.000746s ]
INFO: [ app_begin ] --END-- [ RunTime:0.000849s ]
ERR: 无法加载控制器:Public

[ 2016-10-14T10:21:31+08:00 ] 127.0.0.1 /
INFO: [ app_init ] --START--
INFO: Run Behavior\BuildLiteBehavior [ RunTime:0.000020s ]
INFO: [ app_init ] --END-- [ RunTime:0.000513s ]
INFO: [ app_begin ] --START--
INFO: Run Behavior\ReadHtmlCacheBehavior [ RunTime:0.000698s ]
INFO: [ app_begin ] --END-- [ RunTime:0.000788s ]
SQL: SHOW COLUMNS FROM `bs_book` [ RunTime:0.0068s ]
SQL: SHOW COLUMNS FROM `bs_category` [ RunTime:0.0048s ]
SQL: SELECT * FROM `bs_category`  [ RunTime:0.0003s ]
SQL: SELECT `book_id`,`book_name` FROM `bs_book` ORDER BY download_times desc LIMIT 0,4   [ RunTime:0.0002s ]
SQL: SELECT `book_id`,`book_name` FROM `bs_book` ORDER BY isgood desc LIMIT 0,4   [ RunTime:0.0002s ]
SQL: SELECT `book_id`,`book_name` FROM `bs_book` WHERE ( cat_id in (1,2,3,5,6,7) ) ORDER BY isgood desc LIMIT 0,6   [ RunTime:0.0003s ]
SQL: SELECT `book_id`,`book_name` FROM `bs_book` WHERE ( cat_id in (4,7) ) ORDER BY isgood desc LIMIT 0,6   [ RunTime:0.0002s ]
SQL: SELECT * FROM `bs_book` WHERE ( is_show=1 ) ORDER BY upload_time desc LIMIT 0,6   [ RunTime:0.0003s ]
SQL: SELECT COUNT(*) AS tp_count FROM `bs_book` WHERE ( is_show=1 ) LIMIT 1   [ RunTime:0.0002s ]
INFO: [ view_parse ] --START--
INFO: [ template_filter ] --START--
INFO: Run Behavior\ContentReplaceBehavior [ RunTime:0.000263s ]
INFO: [ template_filter ] --END-- [ RunTime:0.000348s ]
NOTIC: [8] Undefined variable: data F:\bookstore\Application\Runtime\Cache\Home\1c20a0eb6aa677374e354048a482c75a.php 第 208 行.
NOTIC: [8] Undefined variable: data F:\bookstore\Application\Runtime\Cache\Home\1c20a0eb6aa677374e354048a482c75a.php 第 209 行.
NOTIC: [8] Undefined variable: data F:\bookstore\Application\Runtime\Cache\Home\1c20a0eb6aa677374e354048a482c75a.php 第 209 行.
INFO: Run Behavior\ParseTemplateBehavior [ RunTime:0.021222s ]
INFO: [ view_parse ] --END-- [ RunTime:0.021344s ]
INFO: [ view_filter ] --START--
INFO: Run Behavior\WriteHtmlCacheBehavior [ RunTime:0.000609s ]
INFO: [ view_filter ] --END-- [ RunTime:0.000685s ]
INFO: [ app_end ] --START--
INFO: Run Behavior\ShowPageTraceBehavior [ RunTime:0.001105s ]
INFO: [ app_end ] --END-- [ RunTime:0.001206s ]

[ 2016-10-14T10:21:31+08:00 ] 127.0.0.1 /index.php/Main/Verify.html
INFO: [ app_init ] --START--
INFO: Run Behavior\BuildLiteBehavior [ RunTime:0.000027s ]
INFO: [ app_init ] --END-- [ RunTime:0.000724s ]
INFO: [ app_begin ] --START--
INFO: Run Behavior\ReadHtmlCacheBehavior [ RunTime:0.001001s ]
INFO: [ app_begin ] --END-- [ RunTime:0.001164s ]
INFO: [ app_end ] --START--
INFO: Run Behavior\ShowPageTraceBehavior [ RunTime:0.001066s ]
INFO: [ app_end ] --END-- [ RunTime:0.001196s ]

[ 2016-10-14T10:21:31+08:00 ] 127.0.0.1 /index.php/Register/Verify.html
INFO: [ app_init ] --START--
INFO: Run Behavior\BuildLiteBehavior [ RunTime:0.000028s ]
INFO: [ app_init ] --END-- [ RunTime:0.000763s ]
INFO: [ app_begin ] --START--
INFO: Run Behavior\ReadHtmlCacheBehavior [ RunTime:0.001241s ]
INFO: [ app_begin ] --END-- [ RunTime:0.001381s ]
INFO: [ app_end ] --START--
INFO: Run Behavior\ShowPageTraceBehavior [ RunTime:0.001093s ]
INFO: [ app_end ] --END-- [ RunTime:0.001251s ]

[ 2016-10-14T12:24:48+08:00 ] 127.0.0.1 /favicon.ico
INFO: [ app_init ] --START--
INFO: Run Behavior\BuildLiteBehavior [ RunTime:0.000020s ]
INFO: [ app_init ] --END-- [ RunTime:0.000544s ]

[ 2016-10-14T12:24:51+08:00 ] 127.0.0.1 /Public/Admin/css/common.js
INFO: [ app_init ] --START--
INFO: Run Behavior\BuildLiteBehavior [ RunTime:0.000031s ]
INFO: [ app_init ] --END-- [ RunTime:0.000793s ]
INFO: [ app_begin ] --START--
INFO: Run Behavior\ReadHtmlCacheBehavior [ RunTime:0.001049s ]
INFO: [ app_begin ] --END-- [ RunTime:0.001188s ]
ERR: 无法加载控制器:Public

[ 2016-10-14T12:25:06+08:00 ] 127.0.0.1 /Public/Admin/css/common.js
INFO: [ app_init ] --START--
INFO: Run Behavior\BuildLiteBehavior [ RunTime:0.000019s ]
INFO: [ app_init ] --END-- [ RunTime:0.000625s ]
INFO: [ app_begin ] --START--
INFO: Run Behavior\ReadHtmlCacheBehavior [ RunTime:0.000826s ]
INFO: [ app_begin ] --END-- [ RunTime:0.000927s ]
ERR: 无法加载控制器:Public

[ 2016-10-14T13:20:28+08:00 ] 127.0.0.1 /Public/Admin/css/common.js
INFO: [ app_init ] --START--
INFO: Run Behavior\BuildLiteBehavior [ RunTime:0.000030s ]
INFO: [ app_init ] --END-- [ RunTime:0.000745s ]
INFO: [ app_begin ] --START--
INFO: Run Behavior\ReadHtmlCacheBehavior [ RunTime:0.000998s ]
INFO: [ app_begin ] --END-- [ RunTime:0.001122s ]
ERR: 无法加载控制器:Public

[ 2016-10-14T13:24:00+08:00 ] 127.0.0.1 /Public/Admin/css/common.js
INFO: [ app_init ] --START--
INFO: Run Behavior\BuildLiteBehavior [ RunTime:0.000030s ]
INFO: [ app_init ] --END-- [ RunTime:0.001032s ]
INFO: [ app_begin ] --START--
INFO: Run Behavior\ReadHtmlCacheBehavior [ RunTime:0.001754s ]
INFO: [ app_begin ] --END-- [ RunTime:0.001926s ]
ERR: 无法加载控制器:Public

[ 2016-10-14T13:24:16+08:00 ] 127.0.0.1 /Public/Admin/css/common.js
INFO: [ app_init ] --START--
INFO: Run Behavior\BuildLiteBehavior [ RunTime:0.000034s ]
INFO: [ app_init ] --END-- [ RunTime:0.001538s ]
INFO: [ app_begin ] --START--
INFO: Run Behavior\ReadHtmlCacheBehavior [ RunTime:0.001411s ]
INFO: [ app_begin ] --END-- [ RunTime:0.001549s ]
ERR: 无法加载控制器:Public

[ 2016-10-14T13:24:50+08:00 ] 127.0.0.1 /Public/Admin/css/common.css
INFO: [ app_init ] --START--
INFO: Run Behavior\BuildLiteBehavior [ RunTime:0.000032s ]
INFO: [ app_init ] --END-- [ RunTime:0.000757s ]
INFO: [ app_begin ] --START--
INFO: Run Behavior\ReadHtmlCacheBehavior [ RunTime:0.001197s ]
INFO: [ app_begin ] --END-- [ RunTime:0.001373s ]
ERR: 无法加载控制器:Public

[ 2016-10-14T13:24:50+08:00 ] 127.0.0.1 /Public/Admin/css/main.css
INFO: [ app_init ] --START--
INFO: Run Behavior\BuildLiteBehavior [ RunTime:0.000018s ]
INFO: [ app_init ] --END-- [ RunTime:0.000620s ]
INFO: [ app_begin ] --START--
INFO: Run Behavior\ReadHtmlCacheBehavior [ RunTime:0.000665s ]
INFO: [ app_begin ] --END-- [ RunTime:0.000768s ]
ERR: 无法加载控制器:Public

[ 2016-10-14T13:26:50+08:00 ] 127.0.0.1 /Public/Admin/css/common.js
INFO: [ app_init ] --START--
INFO: Run Behavior\BuildLiteBehavior [ RunTime:0.000032s ]
INFO: [ app_init ] --END-- [ RunTime:0.000888s ]
INFO: [ app_begin ] --START--
INFO: Run Behavior\ReadHtmlCacheBehavior [ RunTime:0.001028s ]
INFO: [ app_begin ] --END-- [ RunTime:0.001179s ]
ERR: 无法加载控制器:Public

[ 2016-10-14T13:27:12+08:00 ] 127.0.0.1 /Public/Admin/css/main.css
INFO: [ app_init ] --START--
INFO: Run Behavior\BuildLiteBehavior [ RunTime:0.000030s ]
INFO: [ app_init ] --END-- [ RunTime:0.000777s ]
INFO: [ app_begin ] --START--
INFO: Run Behavior\ReadHtmlCacheBehavior [ RunTime:0.000921s ]
INFO: [ app_begin ] --END-- [ RunTime:0.001045s ]
ERR: 无法加载控制器:Public

[ 2016-10-14T13:27:12+08:00 ] 127.0.0.1 /Public/Admin/css/common.css
INFO: [ app_init ] --START--
INFO: Run Behavior\BuildLiteBehavior [ RunTime:0.000028s ]
INFO: [ app_init ] --END-- [ RunTime:0.000766s ]
INFO: [ app_begin ] --START--
INFO: Run Behavior\ReadHtmlCacheBehavior [ RunTime:0.002063s ]
INFO: [ app_begin ] --END-- [ RunTime:0.002517s ]
ERR: 无法加载控制器:Public

[ 2016-10-14T13:27:26+08:00 ] 127.0.0.1 /index.php/Home/Main/index.html
INFO: [ app_init ] --START--
INFO: Run Behavior\BuildLiteBehavior [ RunTime:0.000030s ]
INFO: [ app_init ] --END-- [ RunTime:0.001053s ]
INFO: [ app_begin ] --START--
INFO: Run Behavior\ReadHtmlCacheBehavior [ RunTime:0.000896s ]
INFO: [ app_begin ] --END-- [ RunTime:0.001056s ]
SQL: SHOW COLUMNS FROM `bs_book` [ RunTime:0.0036s ]
SQL: SHOW COLUMNS FROM `bs_category` [ RunTime:0.0036s ]
SQL: SELECT * FROM `bs_category`  [ RunTime:0.0003s ]
SQL: SELECT `book_id`,`book_name` FROM `bs_book` ORDER BY download_times desc LIMIT 0,4   [ RunTime:0.0002s ]
SQL: SELECT `book_id`,`book_name` FROM `bs_book` ORDER BY isgood desc LIMIT 0,4   [ RunTime:0.0002s ]
SQL: SELECT `book_id`,`book_name` FROM `bs_book` WHERE ( cat_id in (1,2,3,5,6,7) ) ORDER BY isgood desc LIMIT 0,6   [ RunTime:0.0002s ]
SQL: SELECT `book_id`,`book_name` FROM `bs_book` WHERE ( cat_id in (4,7) ) ORDER BY isgood desc LIMIT 0,6   [ RunTime:0.0002s ]
SQL: SELECT * FROM `bs_book` WHERE ( is_show=1 ) ORDER BY upload_time desc LIMIT 0,6   [ RunTime:0.0003s ]
SQL: SELECT COUNT(*) AS tp_count FROM `bs_book` WHERE ( is_show=1 ) LIMIT 1   [ RunTime:0.0002s ]
INFO: [ view_parse ] --START--
INFO: [ template_filter ] --START--
INFO: Run Behavior\ContentReplaceBehavior [ RunTime:0.000271s ]
INFO: [ template_filter ] --END-- [ RunTime:0.000360s ]
NOTIC: [8] Undefined variable: data F:\bookstore\Application\Runtime\Cache\Home\7caeb51c0b49554d06e6411062e36c44.php 第 208 行.
NOTIC: [8] Undefined variable: data F:\bookstore\Application\Runtime\Cache\Home\7caeb51c0b49554d06e6411062e36c44.php 第 209 行.
NOTIC: [8] Undefined variable: data F:\bookstore\Application\Runtime\Cache\Home\7caeb51c0b49554d06e6411062e36c44.php 第 209 行.
INFO: Run Behavior\ParseTemplateBehavior [ RunTime:0.021096s ]
INFO: [ view_parse ] --END-- [ RunTime:0.021192s ]
INFO: [ view_filter ] --START--
INFO: Run Behavior\WriteHtmlCacheBehavior [ RunTime:0.000357s ]
INFO: [ view_filter ] --END-- [ RunTime:0.000421s ]
INFO: [ app_end ] --START--
INFO: Run Behavior\ShowPageTraceBehavior [ RunTime:0.000968s ]
INFO: [ app_end ] --END-- [ RunTime:0.001074s ]

[ 2016-10-14T13:27:26+08:00 ] 127.0.0.1 /index.php/Main/Verify.html
INFO: [ app_init ] --START--
INFO: Run Behavior\BuildLiteBehavior [ RunTime:0.000036s ]
INFO: [ app_init ] --END-- [ RunTime:0.001032s ]
INFO: [ app_begin ] --START--
INFO: Run Behavior\ReadHtmlCacheBehavior [ RunTime:0.001155s ]
INFO: [ app_begin ] --END-- [ RunTime:0.001331s ]
INFO: [ app_end ] --START--
INFO: Run Behavior\ShowPageTraceBehavior [ RunTime:0.001258s ]
INFO: [ app_end ] --END-- [ RunTime:0.001419s ]

[ 2016-10-14T13:27:26+08:00 ] 127.0.0.1 /index.php/Register/Verify.html
INFO: [ app_init ] --START--
INFO: Run Behavior\BuildLiteBehavior [ RunTime:0.000078s ]
INFO: [ app_init ] --END-- [ RunTime:0.000929s ]
INFO: [ app_begin ] --START--
INFO: Run Behavior\ReadHtmlCacheBehavior [ RunTime:0.002250s ]
INFO: [ app_begin ] --END-- [ RunTime:0.002393s ]
INFO: [ app_end ] --START--
INFO: Run Behavior\ShowPageTraceBehavior [ RunTime:0.001249s ]
INFO: [ app_end ] --END-- [ RunTime:0.001381s ]

[ 2016-10-14T13:27:36+08:00 ] 127.0.0.1 /index.php/Home/Main/index/show/1
INFO: [ app_init ] --START--
INFO: Run Behavior\BuildLiteBehavior [ RunTime:0.000097s ]
INFO: [ app_init ] --END-- [ RunTime:0.000928s ]
INFO: [ app_begin ] --START--
INFO: Run Behavior\ReadHtmlCacheBehavior [ RunTime:0.001221s ]
INFO: [ app_begin ] --END-- [ RunTime:0.001379s ]
SQL: SHOW COLUMNS FROM `bs_book` [ RunTime:0.0040s ]
SQL: SHOW COLUMNS FROM `bs_category` [ RunTime:0.0037s ]
SQL: SELECT * FROM `bs_category`  [ RunTime:0.0003s ]
SQL: SELECT `book_id`,`book_name` FROM `bs_book` ORDER BY download_times desc LIMIT 0,4   [ RunTime:0.0002s ]
SQL: SELECT `book_id`,`book_name` FROM `bs_book` ORDER BY isgood desc LIMIT 0,4   [ RunTime:0.0003s ]
SQL: SELECT `book_id`,`book_name` FROM `bs_book` WHERE ( cat_id in (1,2,3,5,6,7) ) ORDER BY isgood desc LIMIT 0,6   [ RunTime:0.0004s ]
SQL: SELECT `book_id`,`book_name` FROM `bs_book` WHERE ( cat_id in (4,7) ) ORDER BY isgood desc LIMIT 0,6   [ RunTime:0.0003s ]
SQL: SELECT * FROM `bs_book` WHERE ( is_show=1 ) ORDER BY download_times desc LIMIT 0,6   [ RunTime:0.0005s ]
SQL: SELECT COUNT(*) AS tp_count FROM `bs_book` WHERE ( is_show=1 ) LIMIT 1   [ RunTime:0.0004s ]
INFO: [ view_parse ] --START--
INFO: [ template_filter ] --START--
INFO: Run Behavior\ContentReplaceBehavior [ RunTime:0.000473s ]
INFO: [ template_filter ] --END-- [ RunTime:0.000606s ]
NOTIC: [8] Undefined variable: data F:\bookstore\Application\Runtime\Cache\Home\7caeb51c0b49554d06e6411062e36c44.php 第 208 行.
NOTIC: [8] Undefined variable: data F:\bookstore\Application\Runtime\Cache\Home\7caeb51c0b49554d06e6411062e36c44.php 第 209 行.
NOTIC: [8] Undefined variable: data F:\bookstore\Application\Runtime\Cache\Home\7caeb51c0b49554d06e6411062e36c44.php 第 209 行.
INFO: Run Behavior\ParseTemplateBehavior [ RunTime:0.022698s ]
INFO: [ view_parse ] --END-- [ RunTime:0.022812s ]
INFO: [ view_filter ] --START--
INFO: Run Behavior\WriteHtmlCacheBehavior [ RunTime:0.000512s ]
INFO: [ view_filter ] --END-- [ RunTime:0.000597s ]
INFO: [ app_end ] --START--
INFO: Run Behavior\ShowPageTraceBehavior [ RunTime:0.000774s ]
INFO: [ app_end ] --END-- [ RunTime:0.000874s ]

[ 2016-10-14T13:27:36+08:00 ] 127.0.0.1 /index.php/Main/Verify.html
INFO: [ app_init ] --START--
INFO: Run Behavior\BuildLiteBehavior [ RunTime:0.000058s ]
INFO: [ app_init ] --END-- [ RunTime:0.001370s ]
INFO: [ app_begin ] --START--
INFO: Run Behavior\ReadHtmlCacheBehavior [ RunTime:0.001747s ]
INFO: [ app_begin ] --END-- [ RunTime:0.002274s ]
INFO: [ app_end ] --START--
INFO: Run Behavior\ShowPageTraceBehavior [ RunTime:0.000748s ]
INFO: [ app_end ] --END-- [ RunTime:0.000889s ]

[ 2016-10-14T13:27:36+08:00 ] 127.0.0.1 /index.php/Register/Verify.html
INFO: [ app_init ] --START--
INFO: Run Behavior\BuildLiteBehavior [ RunTime:0.000021s ]
INFO: [ app_init ] --END-- [ RunTime:0.000623s ]
INFO: [ app_begin ] --START--
INFO: Run Behavior\ReadHtmlCacheBehavior [ RunTime:0.000672s ]
INFO: [ app_begin ] --END-- [ RunTime:0.000756s ]
INFO: [ app_end ] --START--
INFO: Run Behavior\ShowPageTraceBehavior [ RunTime:0.001063s ]
INFO: [ app_end ] --END-- [ RunTime:0.001248s ]

[ 2016-10-14T13:27:37+08:00 ] 127.0.0.1 /index.php/Home/Main/index/show/2
INFO: [ app_init ] --START--
INFO: Run Behavior\BuildLiteBehavior [ RunTime:0.000018s ]
INFO: [ app_init ] --END-- [ RunTime:0.000490s ]
INFO: [ app_begin ] --START--
INFO: Run Behavior\ReadHtmlCacheBehavior [ RunTime:0.000747s ]
INFO: [ app_begin ] --END-- [ RunTime:0.000829s ]
SQL: SHOW COLUMNS FROM `bs_book` [ RunTime:0.0038s ]
SQL: SHOW COLUMNS FROM `bs_category` [ RunTime:0.0036s ]
SQL: SELECT * FROM `bs_category`  [ RunTime:0.0003s ]
SQL: SELECT `book_id`,`book_name` FROM `bs_book` ORDER BY download_times desc LIMIT 0,4   [ RunTime:0.0002s ]
SQL: SELECT `book_id`,`book_name` FROM `bs_book` ORDER BY isgood desc LIMIT 0,4   [ RunTime:0.0002s ]
SQL: SELECT `book_id`,`book_name` FROM `bs_book` WHERE ( cat_id in (1,2,3,5,6,7) ) ORDER BY isgood desc LIMIT 0,6   [ RunTime:0.0002s ]
SQL: SELECT `book_id`,`book_name` FROM `bs_book` WHERE ( cat_id in (4,7) ) ORDER BY isgood desc LIMIT 0,6   [ RunTime:0.0002s ]
SQL: SELECT * FROM `bs_book` WHERE ( is_show=1 ) ORDER BY isgood desc LIMIT 0,6   [ RunTime:0.0003s ]
SQL: SELECT COUNT(*) AS tp_count FROM `bs_book` WHERE ( is_show=1 ) LIMIT 1   [ RunTime:0.0002s ]
INFO: [ view_parse ] --START--
INFO: [ template_filter ] --START--
INFO: Run Behavior\ContentReplaceBehavior [ RunTime:0.000295s ]
INFO: [ template_filter ] --END-- [ RunTime:0.000397s ]
NOTIC: [8] Undefined variable: data F:\bookstore\Application\Runtime\Cache\Home\7caeb51c0b49554d06e6411062e36c44.php 第 208 行.
NOTIC: [8] Undefined variable: data F:\bookstore\Application\Runtime\Cache\Home\7caeb51c0b49554d06e6411062e36c44.php 第 209 行.
NOTIC: [8] Undefined variable: data F:\bookstore\Application\Runtime\Cache\Home\7caeb51c0b49554d06e6411062e36c44.php 第 209 行.
INFO: Run Behavior\ParseTemplateBehavior [ RunTime:0.022424s ]
INFO: [ view_parse ] --END-- [ RunTime:0.022520s ]
INFO: [ view_filter ] --START--
INFO: Run Behavior\WriteHtmlCacheBehavior [ RunTime:0.000495s ]
INFO: [ view_filter ] --END-- [ RunTime:0.000563s ]
INFO: [ app_end ] --START--
INFO: Run Behavior\ShowPageTraceBehavior [ RunTime:0.001010s ]
INFO: [ app_end ] --END-- [ RunTime:0.001121s ]

[ 2016-10-14T13:27:37+08:00 ] 127.0.0.1 /index.php/Main/Verify.html
INFO: [ app_init ] --START--
INFO: Run Behavior\BuildLiteBehavior [ RunTime:0.000019s ]
INFO: [ app_init ] --END-- [ RunTime:0.000512s ]
INFO: [ app_begin ] --START--
INFO: Run Behavior\ReadHtmlCacheBehavior [ RunTime:0.000932s ]
INFO: [ app_begin ] --END-- [ RunTime:0.001045s ]
INFO: [ app_end ] --START--
INFO: Run Behavior\ShowPageTraceBehavior [ RunTime:0.000724s ]
INFO: [ app_end ] --END-- [ RunTime:0.000836s ]

[ 2016-10-14T13:27:37+08:00 ] 127.0.0.1 /index.php/Register/Verify.html
INFO: [ app_init ] --START--
INFO: Run Behavior\BuildLiteBehavior [ RunTime:0.000029s ]
INFO: [ app_init ] --END-- [ RunTime:0.000634s ]
INFO: [ app_begin ] --START--
INFO: Run Behavior\ReadHtmlCacheBehavior [ RunTime:0.000905s ]
INFO: [ app_begin ] --END-- [ RunTime:0.001019s ]
INFO: [ app_end ] --START--
INFO: Run Behavior\ShowPageTraceBehavior [ RunTime:0.000795s ]
INFO: [ app_end ] --END-- [ RunTime:0.000893s ]

[ 2016-10-14T13:30:53+08:00 ] 127.0.0.1 /index.php/Home/Main/index/show/1
INFO: [ app_init ] --START--
INFO: Run Behavior\BuildLiteBehavior [ RunTime:0.000021s ]
INFO: [ app_init ] --END-- [ RunTime:0.000568s ]
INFO: [ app_begin ] --START--
INFO: Run Behavior\ReadHtmlCacheBehavior [ RunTime:0.001969s ]
INFO: [ app_begin ] --END-- [ RunTime:0.002231s ]
SQL: SHOW COLUMNS FROM `bs_book` [ RunTime:0.0050s ]
SQL: SHOW COLUMNS FROM `bs_category` [ RunTime:0.0047s ]
SQL: SELECT * FROM `bs_category`  [ RunTime:0.0006s ]
SQL: SELECT `book_id`,`book_name` FROM `bs_book` ORDER BY download_times desc LIMIT 0,4   [ RunTime:0.0006s ]
SQL: SELECT `book_id`,`book_name` FROM `bs_book` ORDER BY isgood desc LIMIT 0,4   [ RunTime:0.0004s ]
SQL: SELECT `book_id`,`book_name` FROM `bs_book` WHERE ( cat_id in (1,2,3,5,6,7) ) ORDER BY isgood desc LIMIT 0,6   [ RunTime:0.0004s ]
SQL: SELECT `book_id`,`book_name` FROM `bs_book` WHERE ( cat_id in (4,7) ) ORDER BY isgood desc LIMIT 0,6   [ RunTime:0.0004s ]
SQL: SELECT * FROM `bs_book` WHERE ( is_show=1 ) ORDER BY download_times desc LIMIT 0,6   [ RunTime:0.0008s ]
SQL: SELECT COUNT(*) AS tp_count FROM `bs_book` WHERE ( is_show=1 ) LIMIT 1   [ RunTime:0.0004s ]
INFO: [ view_parse ] --START--
INFO: [ template_filter ] --START--
INFO: Run Behavior\ContentReplaceBehavior [ RunTime:0.000418s ]
INFO: [ template_filter ] --END-- [ RunTime:0.000559s ]
NOTIC: [8] Undefined variable: data F:\bookstore\Application\Runtime\Cache\Home\7caeb51c0b49554d06e6411062e36c44.php 第 208 行.
NOTIC: [8] Undefined variable: data F:\bookstore\Application\Runtime\Cache\Home\7caeb51c0b49554d06e6411062e36c44.php 第 209 行.
NOTIC: [8] Undefined variable: data F:\bookstore\Application\Runtime\Cache\Home\7caeb51c0b49554d06e6411062e36c44.php 第 209 行.
INFO: Run Behavior\ParseTemplateBehavior [ RunTime:0.047935s ]
INFO: [ view_parse ] --END-- [ RunTime:0.048087s ]
INFO: [ view_filter ] --START--
INFO: Run Behavior\WriteHtmlCacheBehavior [ RunTime:0.000659s ]
INFO: [ view_filter ] --END-- [ RunTime:0.000762s ]
INFO: [ app_end ] --START--
INFO: Run Behavior\ShowPageTraceBehavior [ RunTime:0.001127s ]
INFO: [ app_end ] --END-- [ RunTime:0.001253s ]

[ 2016-10-14T13:30:53+08:00 ] 127.0.0.1 /index.php/Register/Verify.html
INFO: [ app_init ] --START--
INFO: Run Behavior\BuildLiteBehavior [ RunTime:0.000034s ]
INFO: [ app_init ] --END-- [ RunTime:0.001161s ]
INFO: [ app_begin ] --START--
INFO: Run Behavior\ReadHtmlCacheBehavior [ RunTime:0.001185s ]
INFO: [ app_begin ] --END-- [ RunTime:0.001339s ]
INFO: [ app_end ] --START--
INFO: Run Behavior\ShowPageTraceBehavior [ RunTime:0.002474s ]
INFO: [ app_end ] --END-- [ RunTime:0.002627s ]

[ 2016-10-14T13:30:53+08:00 ] 127.0.0.1 /index.php/Main/Verify.html
INFO: [ app_init ] --START--
INFO: Run Behavior\BuildLiteBehavior [ RunTime:0.000030s ]
INFO: [ app_init ] --END-- [ RunTime:0.000749s ]
INFO: [ app_begin ] --START--
INFO: Run Behavior\ReadHtmlCacheBehavior [ RunTime:0.001234s ]
INFO: [ app_begin ] --END-- [ RunTime:0.001401s ]
INFO: [ app_end ] --START--
INFO: Run Behavior\ShowPageTraceBehavior [ RunTime:0.000752s ]
INFO: [ app_end ] --END-- [ RunTime:0.000850s ]

[ 2016-10-14T13:32:50+08:00 ] 127.0.0.1 /Public/Admin/css/main.css
INFO: [ app_init ] --START--
INFO: Run Behavior\BuildLiteBehavior [ RunTime:0.000030s ]
INFO: [ app_init ] --END-- [ RunTime:0.000746s ]
INFO: [ app_begin ] --START--
INFO: Run Behavior\ReadHtmlCacheBehavior [ RunTime:0.000885s ]
INFO: [ app_begin ] --END-- [ RunTime:0.000999s ]
ERR: 无法加载控制器:Public

[ 2016-10-14T13:32:50+08:00 ] 127.0.0.1 /Public/Admin/css/common.css
INFO: [ app_init ] --START--
INFO: Run Behavior\BuildLiteBehavior [ RunTime:0.000031s ]
INFO: [ app_init ] --END-- [ RunTime:0.000946s ]
INFO: [ app_begin ] --START--
INFO: Run Behavior\ReadHtmlCacheBehavior [ RunTime:0.002416s ]
INFO: [ app_begin ] --END-- [ RunTime:0.002730s ]
ERR: 无法加载控制器:Public

[ 2016-10-14T13:32:57+08:00 ] 127.0.0.1 /Public/Admin/css/main.css
INFO: [ app_init ] --START--
INFO: Run Behavior\BuildLiteBehavior [ RunTime:0.000066s ]
INFO: [ app_init ] --END-- [ RunTime:0.000985s ]
INFO: [ app_begin ] --START--
INFO: Run Behavior\ReadHtmlCacheBehavior [ RunTime:0.001118s ]
INFO: [ app_begin ] --END-- [ RunTime:0.001248s ]
ERR: 无法加载控制器:Public

[ 2016-10-14T13:32:57+08:00 ] 127.0.0.1 /Public/Admin/css/common.css
INFO: [ app_init ] --START--
INFO: Run Behavior\BuildLiteBehavior [ RunTime:0.000021s ]
INFO: [ app_init ] --END-- [ RunTime:0.000557s ]
INFO: [ app_begin ] --START--
INFO: Run Behavior\ReadHtmlCacheBehavior [ RunTime:0.001037s ]
INFO: [ app_begin ] --END-- [ RunTime:0.001195s ]
ERR: 无法加载控制器:Public

[ 2016-10-14T13:33:17+08:00 ] 127.0.0.1 /Public/Admin/css/common.css
INFO: [ app_init ] --START--
INFO: Run Behavior\BuildLiteBehavior [ RunTime:0.000022s ]
INFO: [ app_init ] --END-- [ RunTime:0.000739s ]
INFO: [ app_begin ] --START--
INFO: Run Behavior\ReadHtmlCacheBehavior [ RunTime:0.000731s ]
INFO: [ app_begin ] --END-- [ RunTime:0.000818s ]
ERR: 无法加载控制器:Public

[ 2016-10-14T13:33:17+08:00 ] 127.0.0.1 /Public/Admin/css/main.css
INFO: [ app_init ] --START--
INFO: Run Behavior\BuildLiteBehavior [ RunTime:0.000019s ]
INFO: [ app_init ] --END-- [ RunTime:0.000512s ]
INFO: [ app_begin ] --START--
INFO: Run Behavior\ReadHtmlCacheBehavior [ RunTime:0.000634s ]
INFO: [ app_begin ] --END-- [ RunTime:0.000735s ]
ERR: 无法加载控制器:Public

[ 2016-10-14T13:33:28+08:00 ] 127.0.0.1 /Public/Admin/css/common.js
INFO: [ app_init ] --START--
INFO: Run Behavior\BuildLiteBehavior [ RunTime:0.000082s ]
INFO: [ app_init ] --END-- [ RunTime:0.002678s ]
INFO: [ app_begin ] --START--
INFO: Run Behavior\ReadHtmlCacheBehavior [ RunTime:0.001183s ]
INFO: [ app_begin ] --END-- [ RunTime:0.001335s ]
ERR: 无法加载控制器:Public

[ 2016-10-14T13:33:48+08:00 ] 127.0.0.1 /Public/Admin/css/common.css
INFO: [ app_init ] --START--
INFO: Run Behavior\BuildLiteBehavior [ RunTime:0.000026s ]
INFO: [ app_init ] --END-- [ RunTime:0.000699s ]
INFO: [ app_begin ] --START--
INFO: Run Behavior\ReadHtmlCacheBehavior [ RunTime:0.000979s ]
INFO: [ app_begin ] --END-- [ RunTime:0.001102s ]
ERR: 无法加载控制器:Public

[ 2016-10-14T13:33:48+08:00 ] 127.0.0.1 /Public/Admin/css/main.css
INFO: [ app_init ] --START--
INFO: Run Behavior\BuildLiteBehavior [ RunTime:0.000029s ]
INFO: [ app_init ] --END-- [ RunTime:0.000796s ]
INFO: [ app_begin ] --START--
INFO: Run Behavior\ReadHtmlCacheBehavior [ RunTime:0.001578s ]
INFO: [ app_begin ] --END-- [ RunTime:0.001991s ]
ERR: 无法加载控制器:Public

[ 2016-10-14T13:36:44+08:00 ] 127.0.0.1 /Public/Admin/css/common.css
INFO: [ app_init ] --START--
INFO: Run Behavior\BuildLiteBehavior [ RunTime:0.000033s ]
INFO: [ app_init ] --END-- [ RunTime:0.001142s ]
INFO: [ app_begin ] --START--
INFO: Run Behavior\ReadHtmlCacheBehavior [ RunTime:0.001154s ]
INFO: [ app_begin ] --END-- [ RunTime:0.001370s ]
ERR: 无法加载控制器:Public

[ 2016-10-14T13:36:44+08:00 ] 127.0.0.1 /Public/Admin/css/main.css
INFO: [ app_init ] --START--
INFO: Run Behavior\BuildLiteBehavior [ RunTime:0.000033s ]
INFO: [ app_init ] --END-- [ RunTime:0.000970s ]
INFO: [ app_begin ] --START--
INFO: Run Behavior\ReadHtmlCacheBehavior [ RunTime:0.000923s ]
INFO: [ app_begin ] --END-- [ RunTime:0.001039s ]
ERR: 无法加载控制器:Public

[ 2016-10-14T13:38:36+08:00 ] 127.0.0.1 /index.php/Home/Main/index.html
INFO: [ app_init ] --START--
INFO: Run Behavior\BuildLiteBehavior [ RunTime:0.000044s ]
INFO: [ app_init ] --END-- [ RunTime:0.001000s ]
INFO: [ app_begin ] --START--
INFO: Run Behavior\ReadHtmlCacheBehavior [ RunTime:0.000858s ]
INFO: [ app_begin ] --END-- [ RunTime:0.000986s ]
SQL: SHOW COLUMNS FROM `bs_book` [ RunTime:0.0042s ]
SQL: SHOW COLUMNS FROM `bs_category` [ RunTime:0.0034s ]
SQL: SELECT * FROM `bs_category`  [ RunTime:0.0003s ]
SQL: SELECT `book_id`,`book_name` FROM `bs_book` ORDER BY download_times desc LIMIT 0,4   [ RunTime:0.0002s ]
SQL: SELECT `book_id`,`book_name` FROM `bs_book` ORDER BY isgood desc LIMIT 0,4   [ RunTime:0.0002s ]
SQL: SELECT `book_id`,`book_name` FROM `bs_book` WHERE ( cat_id in (1,2,3,5,6,7) ) ORDER BY isgood desc LIMIT 0,6   [ RunTime:0.0002s ]
SQL: SELECT `book_id`,`book_name` FROM `bs_book` WHERE ( cat_id in (4,7) ) ORDER BY isgood desc LIMIT 0,6   [ RunTime:0.0002s ]
SQL: SELECT * FROM `bs_book` WHERE ( is_show=1 ) ORDER BY upload_time desc LIMIT 0,6   [ RunTime:0.0003s ]
SQL: SELECT COUNT(*) AS tp_count FROM `bs_book` WHERE ( is_show=1 ) LIMIT 1   [ RunTime:0.0002s ]
INFO: [ view_parse ] --START--
INFO: [ template_filter ] --START--
INFO: Run Behavior\ContentReplaceBehavior [ RunTime:0.000409s ]
INFO: [ template_filter ] --END-- [ RunTime:0.000543s ]
NOTIC: [8] Undefined variable: data F:\bookstore\Application\Runtime\Cache\Home\7caeb51c0b49554d06e6411062e36c44.php 第 208 行.
NOTIC: [8] Undefined variable: data F:\bookstore\Application\Runtime\Cache\Home\7caeb51c0b49554d06e6411062e36c44.php 第 209 行.
NOTIC: [8] Undefined variable: data F:\bookstore\Application\Runtime\Cache\Home\7caeb51c0b49554d06e6411062e36c44.php 第 209 行.
INFO: Run Behavior\ParseTemplateBehavior [ RunTime:0.024211s ]
INFO: [ view_parse ] --END-- [ RunTime:0.024328s ]
INFO: [ view_filter ] --START--
INFO: Run Behavior\WriteHtmlCacheBehavior [ RunTime:0.000528s ]
INFO: [ view_filter ] --END-- [ RunTime:0.000629s ]
INFO: [ app_end ] --START--
INFO: Run Behavior\ShowPageTraceBehavior [ RunTime:0.002211s ]
INFO: [ app_end ] --END-- [ RunTime:0.002353s ]

[ 2016-10-14T13:38:36+08:00 ] 127.0.0.1 /index.php/Main/Verify.html
INFO: [ app_init ] --START--
INFO: Run Behavior\BuildLiteBehavior [ RunTime:0.000060s ]
INFO: [ app_init ] --END-- [ RunTime:0.000999s ]
INFO: [ app_begin ] --START--
INFO: Run Behavior\ReadHtmlCacheBehavior [ RunTime:0.001618s ]
INFO: [ app_begin ] --END-- [ RunTime:0.001791s ]
INFO: [ app_end ] --START--
INFO: Run Behavior\ShowPageTraceBehavior [ RunTime:0.001245s ]
INFO: [ app_end ] --END-- [ RunTime:0.001415s ]

[ 2016-10-14T13:38:36+08:00 ] 127.0.0.1 /index.php/Register/Verify.html
INFO: [ app_init ] --START--
INFO: Run Behavior\BuildLiteBehavior [ RunTime:0.000035s ]
INFO: [ app_init ] --END-- [ RunTime:0.001051s ]
INFO: [ app_begin ] --START--
INFO: Run Behavior\ReadHtmlCacheBehavior [ RunTime:0.001164s ]
INFO: [ app_begin ] --END-- [ RunTime:0.001307s ]
INFO: [ app_end ] --START--
INFO: Run Behavior\ShowPageTraceBehavior [ RunTime:0.001452s ]
INFO: [ app_end ] --END-- [ RunTime:0.001641s ]

